{"D:\\P.P\\WanderLust\\app.js": {"path":"D:\\P.P\\WanderLust\\app.js","statementMap":{"0":{"start":{"line":1,"column":0},"end":{"line":3,"column":1}},"1":{"start":{"line":2,"column":4},"end":{"line":2,"column":46}},"2":{"start":{"line":6,"column":0},"end":{"line":6,"column":38}},"3":{"start":{"line":7,"column":0},"end":{"line":12,"column":3}},"4":{"start":{"line":8,"column":4},"end":{"line":10,"column":5}},"5":{"start":{"line":9,"column":8},"end":{"line":9,"column":15}},"6":{"start":{"line":11,"column":4},"end":{"line":11,"column":56}},"7":{"start":{"line":16,"column":0},"end":{"line":20,"column":1}},"8":{"start":{"line":17,"column":4},"end":{"line":17,"column":101}},"9":{"start":{"line":18,"column":4},"end":{"line":18,"column":89}},"10":{"start":{"line":19,"column":4},"end":{"line":19,"column":73}},"11":{"start":{"line":23,"column":0},"end":{"line":30,"column":1}},"12":{"start":{"line":24,"column":4},"end":{"line":24,"column":98}},"13":{"start":{"line":25,"column":4},"end":{"line":25,"column":117}},"14":{"start":{"line":27,"column":4},"end":{"line":27,"column":74}},"15":{"start":{"line":28,"column":4},"end":{"line":28,"column":77}},"16":{"start":{"line":29,"column":4},"end":{"line":29,"column":86}},"17":{"start":{"line":32,"column":16},"end":{"line":32,"column":34}},"18":{"start":{"line":33,"column":12},"end":{"line":33,"column":21}},"19":{"start":{"line":34,"column":13},"end":{"line":34,"column":28}},"20":{"start":{"line":35,"column":17},"end":{"line":35,"column":37}},"21":{"start":{"line":36,"column":15},"end":{"line":36,"column":37}},"22":{"start":{"line":37,"column":11},"end":{"line":37,"column":27}},"23":{"start":{"line":38,"column":17},"end":{"line":38,"column":36}},"24":{"start":{"line":39,"column":13},"end":{"line":39,"column":28}},"25":{"start":{"line":40,"column":23},"end":{"line":40,"column":49}},"26":{"start":{"line":41,"column":16},"end":{"line":41,"column":35}},"27":{"start":{"line":42,"column":21},"end":{"line":42,"column":55}},"28":{"start":{"line":43,"column":16},"end":{"line":43,"column":42}},"29":{"start":{"line":44,"column":19},"end":{"line":44,"column":51}},"30":{"start":{"line":45,"column":14},"end":{"line":45,"column":38}},"31":{"start":{"line":46,"column":17},"end":{"line":46,"column":36}},"32":{"start":{"line":47,"column":15},"end":{"line":47,"column":32}},"33":{"start":{"line":48,"column":22},"end":{"line":48,"column":47}},"34":{"start":{"line":49,"column":13},"end":{"line":49,"column":40}},"35":{"start":{"line":50,"column":13},"end":{"line":50,"column":28}},"36":{"start":{"line":51,"column":13},"end":{"line":51,"column":33}},"37":{"start":{"line":53,"column":0},"end":{"line":53,"column":29}},"38":{"start":{"line":54,"column":16},"end":{"line":54,"column":43}},"39":{"start":{"line":55,"column":0},"end":{"line":55,"column":42}},"40":{"start":{"line":56,"column":22},"end":{"line":56,"column":52}},"41":{"start":{"line":57,"column":21},"end":{"line":57,"column":50}},"42":{"start":{"line":58,"column":19},"end":{"line":58,"column":46}},"43":{"start":{"line":59,"column":25},"end":{"line":59,"column":58}},"44":{"start":{"line":60,"column":22},"end":{"line":60,"column":49}},"45":{"start":{"line":61,"column":21},"end":{"line":61,"column":50}},"46":{"start":{"line":63,"column":18},"end":{"line":63,"column":56}},"47":{"start":{"line":64,"column":0},"end":{"line":67,"column":1}},"48":{"start":{"line":65,"column":4},"end":{"line":65,"column":99}},"49":{"start":{"line":66,"column":4},"end":{"line":66,"column":100}},"50":{"start":{"line":68,"column":14},"end":{"line":68,"column":51}},"51":{"start":{"line":71,"column":0},"end":{"line":74,"column":1}},"52":{"start":{"line":72,"column":4},"end":{"line":72,"column":115}},"53":{"start":{"line":73,"column":4},"end":{"line":73,"column":81}},"54":{"start":{"line":76,"column":0},"end":{"line":82,"column":7}},"55":{"start":{"line":81,"column":8},"end":{"line":81,"column":25}},"56":{"start":{"line":84,"column":4},"end":{"line":101,"column":5}},"57":{"start":{"line":85,"column":8},"end":{"line":91,"column":11}},"58":{"start":{"line":92,"column":8},"end":{"line":92,"column":58}},"59":{"start":{"line":95,"column":32},"end":{"line":95,"column":67}},"60":{"start":{"line":96,"column":8},"end":{"line":96,"column":51}},"61":{"start":{"line":97,"column":8},"end":{"line":97,"column":49}},"62":{"start":{"line":99,"column":8},"end":{"line":99,"column":58}},"63":{"start":{"line":100,"column":8},"end":{"line":100,"column":24}},"64":{"start":{"line":104,"column":0},"end":{"line":104,"column":30}},"65":{"start":{"line":105,"column":0},"end":{"line":105,"column":48}},"66":{"start":{"line":108,"column":0},"end":{"line":123,"column":4}},"67":{"start":{"line":126,"column":0},"end":{"line":138,"column":3}},"68":{"start":{"line":141,"column":20},"end":{"line":162,"column":1}},"69":{"start":{"line":164,"column":0},"end":{"line":164,"column":19}},"70":{"start":{"line":166,"column":0},"end":{"line":166,"column":48}},"71":{"start":{"line":167,"column":0},"end":{"line":167,"column":24}},"72":{"start":{"line":168,"column":0},"end":{"line":168,"column":35}},"73":{"start":{"line":169,"column":0},"end":{"line":169,"column":27}},"74":{"start":{"line":170,"column":0},"end":{"line":170,"column":57}},"75":{"start":{"line":173,"column":0},"end":{"line":180,"column":1}},"76":{"start":{"line":174,"column":4},"end":{"line":179,"column":7}},"77":{"start":{"line":175,"column":8},"end":{"line":177,"column":9}},"78":{"start":{"line":176,"column":12},"end":{"line":176,"column":61}},"79":{"start":{"line":178,"column":8},"end":{"line":178,"column":15}},"80":{"start":{"line":182,"column":14},"end":{"line":188,"column":2}},"81":{"start":{"line":190,"column":0},"end":{"line":192,"column":3}},"82":{"start":{"line":191,"column":4},"end":{"line":191,"column":53}},"83":{"start":{"line":194,"column":22},"end":{"line":204,"column":1}},"84":{"start":{"line":206,"column":0},"end":{"line":206,"column":32}},"85":{"start":{"line":207,"column":0},"end":{"line":207,"column":17}},"86":{"start":{"line":209,"column":0},"end":{"line":209,"column":31}},"87":{"start":{"line":210,"column":0},"end":{"line":210,"column":28}},"88":{"start":{"line":211,"column":0},"end":{"line":211,"column":53}},"89":{"start":{"line":213,"column":0},"end":{"line":213,"column":45}},"90":{"start":{"line":214,"column":0},"end":{"line":214,"column":49}},"91":{"start":{"line":216,"column":0},"end":{"line":244,"column":3}},"92":{"start":{"line":217,"column":4},"end":{"line":217,"column":46}},"93":{"start":{"line":218,"column":4},"end":{"line":218,"column":42}},"94":{"start":{"line":219,"column":4},"end":{"line":219,"column":38}},"95":{"start":{"line":220,"column":4},"end":{"line":220,"column":52}},"96":{"start":{"line":223,"column":4},"end":{"line":229,"column":5}},"97":{"start":{"line":224,"column":8},"end":{"line":224,"column":73}},"98":{"start":{"line":225,"column":8},"end":{"line":225,"column":65}},"99":{"start":{"line":227,"column":8},"end":{"line":227,"column":44}},"100":{"start":{"line":228,"column":8},"end":{"line":228,"column":64}},"101":{"start":{"line":232,"column":4},"end":{"line":237,"column":6}},"102":{"start":{"line":233,"column":27},"end":{"line":233,"column":56}},"103":{"start":{"line":234,"column":23},"end":{"line":234,"column":53}},"104":{"start":{"line":235,"column":8},"end":{"line":235,"column":33}},"105":{"start":{"line":236,"column":8},"end":{"line":236,"column":52}},"106":{"start":{"line":240,"column":4},"end":{"line":240,"column":41}},"107":{"start":{"line":241,"column":4},"end":{"line":241,"column":53}},"108":{"start":{"line":241,"column":33},"end":{"line":241,"column":52}},"109":{"start":{"line":243,"column":4},"end":{"line":243,"column":11}},"110":{"start":{"line":247,"column":0},"end":{"line":258,"column":3}},"111":{"start":{"line":248,"column":4},"end":{"line":256,"column":5}},"112":{"start":{"line":249,"column":8},"end":{"line":253,"column":9}},"113":{"start":{"line":250,"column":12},"end":{"line":250,"column":105}},"114":{"start":{"line":251,"column":12},"end":{"line":251,"column":42}},"115":{"start":{"line":252,"column":12},"end":{"line":252,"column":36}},"116":{"start":{"line":255,"column":8},"end":{"line":255,"column":82}},"117":{"start":{"line":257,"column":4},"end":{"line":257,"column":11}},"118":{"start":{"line":261,"column":0},"end":{"line":289,"column":3}},"119":{"start":{"line":262,"column":4},"end":{"line":287,"column":5}},"120":{"start":{"line":263,"column":8},"end":{"line":284,"column":9}},"121":{"start":{"line":264,"column":26},"end":{"line":264,"column":36}},"122":{"start":{"line":265,"column":29},"end":{"line":265,"column":47}},"123":{"start":{"line":266,"column":12},"end":{"line":283,"column":14}},"124":{"start":{"line":267,"column":16},"end":{"line":281,"column":17}},"125":{"start":{"line":268,"column":20},"end":{"line":269,"column":64}},"126":{"start":{"line":270,"column":31},"end":{"line":270,"column":32}},"127":{"start":{"line":271,"column":20},"end":{"line":272,"column":70}},"128":{"start":{"line":271,"column":50},"end":{"line":271,"column":89}},"129":{"start":{"line":272,"column":25},"end":{"line":272,"column":70}},"130":{"start":{"line":272,"column":35},"end":{"line":272,"column":70}},"131":{"start":{"line":273,"column":20},"end":{"line":273,"column":115}},"132":{"start":{"line":275,"column":20},"end":{"line":278,"column":21}},"133":{"start":{"line":276,"column":40},"end":{"line":276,"column":78}},"134":{"start":{"line":277,"column":24},"end":{"line":277,"column":72}},"135":{"start":{"line":282,"column":16},"end":{"line":282,"column":38}},"136":{"start":{"line":288,"column":4},"end":{"line":288,"column":11}},"137":{"start":{"line":292,"column":0},"end":{"line":292,"column":36}},"138":{"start":{"line":293,"column":0},"end":{"line":293,"column":36}},"139":{"start":{"line":294,"column":0},"end":{"line":294,"column":47}},"140":{"start":{"line":295,"column":0},"end":{"line":295,"column":25}},"141":{"start":{"line":296,"column":0},"end":{"line":296,"column":64}},"142":{"start":{"line":297,"column":0},"end":{"line":297,"column":41}},"143":{"start":{"line":298,"column":0},"end":{"line":298,"column":52}},"144":{"start":{"line":299,"column":0},"end":{"line":299,"column":61}},"145":{"start":{"line":300,"column":0},"end":{"line":300,"column":52}},"146":{"start":{"line":301,"column":0},"end":{"line":301,"column":52}},"147":{"start":{"line":302,"column":0},"end":{"line":302,"column":48}},"148":{"start":{"line":303,"column":0},"end":{"line":303,"column":61}},"149":{"start":{"line":304,"column":0},"end":{"line":304,"column":54}},"150":{"start":{"line":305,"column":0},"end":{"line":305,"column":40}},"151":{"start":{"line":306,"column":0},"end":{"line":306,"column":69}},"152":{"start":{"line":307,"column":0},"end":{"line":309,"column":3}},"153":{"start":{"line":308,"column":4},"end":{"line":308,"column":47}},"154":{"start":{"line":313,"column":0},"end":{"line":315,"column":3}},"155":{"start":{"line":314,"column":4},"end":{"line":314,"column":55}},"156":{"start":{"line":317,"column":0},"end":{"line":319,"column":3}},"157":{"start":{"line":318,"column":4},"end":{"line":318,"column":63}},"158":{"start":{"line":322,"column":0},"end":{"line":347,"column":3}},"159":{"start":{"line":323,"column":4},"end":{"line":346,"column":5}},"160":{"start":{"line":324,"column":20},"end":{"line":324,"column":61}},"161":{"start":{"line":325,"column":8},"end":{"line":334,"column":9}},"162":{"start":{"line":327,"column":12},"end":{"line":331,"column":15}},"163":{"start":{"line":332,"column":12},"end":{"line":332,"column":52}},"164":{"start":{"line":333,"column":12},"end":{"line":333,"column":46}},"165":{"start":{"line":336,"column":8},"end":{"line":343,"column":11}},"166":{"start":{"line":337,"column":12},"end":{"line":340,"column":13}},"167":{"start":{"line":338,"column":16},"end":{"line":338,"column":49}},"168":{"start":{"line":339,"column":16},"end":{"line":339,"column":64}},"169":{"start":{"line":341,"column":12},"end":{"line":341,"column":56}},"170":{"start":{"line":342,"column":12},"end":{"line":342,"column":45}},"171":{"start":{"line":345,"column":8},"end":{"line":345,"column":44}},"172":{"start":{"line":350,"column":0},"end":{"line":369,"column":3}},"173":{"start":{"line":351,"column":4},"end":{"line":368,"column":5}},"174":{"start":{"line":352,"column":22},"end":{"line":352,"column":63}},"175":{"start":{"line":353,"column":8},"end":{"line":365,"column":9}},"176":{"start":{"line":354,"column":12},"end":{"line":362,"column":15}},"177":{"start":{"line":355,"column":16},"end":{"line":361,"column":17}},"178":{"start":{"line":356,"column":20},"end":{"line":356,"column":76}},"179":{"start":{"line":357,"column":23},"end":{"line":361,"column":17}},"180":{"start":{"line":358,"column":20},"end":{"line":358,"column":86}},"181":{"start":{"line":360,"column":20},"end":{"line":360,"column":81}},"182":{"start":{"line":364,"column":12},"end":{"line":364,"column":72}},"183":{"start":{"line":367,"column":8},"end":{"line":367,"column":59}},"184":{"start":{"line":373,"column":0},"end":{"line":375,"column":3}},"185":{"start":{"line":374,"column":4},"end":{"line":374,"column":50}},"186":{"start":{"line":377,"column":0},"end":{"line":380,"column":3}},"187":{"start":{"line":378,"column":65},"end":{"line":378,"column":68}},"188":{"start":{"line":379,"column":4},"end":{"line":379,"column":60}},"189":{"start":{"line":384,"column":28},"end":{"line":384,"column":72}},"190":{"start":{"line":385,"column":0},"end":{"line":393,"column":3}},"191":{"start":{"line":386,"column":4},"end":{"line":386,"column":64}},"192":{"start":{"line":387,"column":4},"end":{"line":392,"column":5}},"193":{"start":{"line":388,"column":8},"end":{"line":388,"column":62}},"194":{"start":{"line":389,"column":8},"end":{"line":389,"column":69}},"195":{"start":{"line":391,"column":8},"end":{"line":391,"column":73}},"196":{"start":{"line":396,"column":0},"end":{"line":417,"column":3}},"197":{"start":{"line":397,"column":4},"end":{"line":397,"column":46}},"198":{"start":{"line":400,"column":4},"end":{"line":405,"column":7}},"199":{"start":{"line":401,"column":8},"end":{"line":404,"column":9}},"200":{"start":{"line":402,"column":12},"end":{"line":402,"column":42}},"201":{"start":{"line":403,"column":12},"end":{"line":403,"column":73}},"202":{"start":{"line":408,"column":4},"end":{"line":412,"column":7}},"203":{"start":{"line":410,"column":28},"end":{"line":410,"column":75}},"204":{"start":{"line":411,"column":8},"end":{"line":411,"column":63}},"205":{"start":{"line":414,"column":4},"end":{"line":416,"column":7}},"206":{"start":{"line":415,"column":8},"end":{"line":415,"column":53}},"207":{"start":{"line":420,"column":0},"end":{"line":420,"column":15}},"208":{"start":{"line":422,"column":25},"end":{"line":422,"column":47}},"209":{"start":{"line":424,"column":13},"end":{"line":424,"column":37}},"210":{"start":{"line":426,"column":0},"end":{"line":444,"column":1}},"211":{"start":{"line":427,"column":4},"end":{"line":443,"column":7}},"212":{"start":{"line":428,"column":8},"end":{"line":428,"column":29}},"213":{"start":{"line":429,"column":8},"end":{"line":429,"column":57}},"214":{"start":{"line":430,"column":8},"end":{"line":430,"column":64}},"215":{"start":{"line":431,"column":8},"end":{"line":431,"column":76}},"216":{"start":{"line":433,"column":8},"end":{"line":442,"column":9}},"217":{"start":{"line":434,"column":12},"end":{"line":434,"column":63}},"218":{"start":{"line":435,"column":12},"end":{"line":435,"column":58}},"219":{"start":{"line":436,"column":12},"end":{"line":436,"column":69}},"220":{"start":{"line":437,"column":12},"end":{"line":437,"column":72}},"221":{"start":{"line":438,"column":12},"end":{"line":438,"column":60}},"222":{"start":{"line":439,"column":12},"end":{"line":439,"column":28}},"223":{"start":{"line":441,"column":12},"end":{"line":441,"column":22}},"224":{"start":{"line":446,"column":0},"end":{"line":446,"column":21}}},"fnMap":{"0":{"name":"(anonymous_0)","decl":{"start":{"line":7,"column":22},"end":{"line":7,"column":23}},"loc":{"start":{"line":7,"column":35},"end":{"line":12,"column":1}},"line":7},"1":{"name":"(anonymous_1)","decl":{"start":{"line":77,"column":10},"end":{"line":77,"column":11}},"loc":{"start":{"line":77,"column":16},"end":{"line":79,"column":5}},"line":77},"2":{"name":"(anonymous_2)","decl":{"start":{"line":80,"column":11},"end":{"line":80,"column":12}},"loc":{"start":{"line":80,"column":20},"end":{"line":82,"column":5}},"line":80},"3":{"name":"main","decl":{"start":{"line":83,"column":15},"end":{"line":83,"column":19}},"loc":{"start":{"line":83,"column":22},"end":{"line":102,"column":1}},"line":83},"4":{"name":"(anonymous_4)","decl":{"start":{"line":174,"column":12},"end":{"line":174,"column":13}},"loc":{"start":{"line":174,"column":32},"end":{"line":179,"column":5}},"line":174},"5":{"name":"(anonymous_5)","decl":{"start":{"line":190,"column":18},"end":{"line":190,"column":19}},"loc":{"start":{"line":190,"column":27},"end":{"line":192,"column":1}},"line":190},"6":{"name":"(anonymous_6)","decl":{"start":{"line":216,"column":8},"end":{"line":216,"column":9}},"loc":{"start":{"line":216,"column":28},"end":{"line":244,"column":1}},"line":216},"7":{"name":"(anonymous_7)","decl":{"start":{"line":232,"column":30},"end":{"line":232,"column":31}},"loc":{"start":{"line":232,"column":40},"end":{"line":237,"column":5}},"line":232},"8":{"name":"(anonymous_8)","decl":{"start":{"line":241,"column":27},"end":{"line":241,"column":28}},"loc":{"start":{"line":241,"column":33},"end":{"line":241,"column":52}},"line":241},"9":{"name":"(anonymous_9)","decl":{"start":{"line":247,"column":8},"end":{"line":247,"column":9}},"loc":{"start":{"line":247,"column":28},"end":{"line":258,"column":1}},"line":247},"10":{"name":"(anonymous_10)","decl":{"start":{"line":261,"column":8},"end":{"line":261,"column":9}},"loc":{"start":{"line":261,"column":28},"end":{"line":289,"column":1}},"line":261},"11":{"name":"(anonymous_11)","decl":{"start":{"line":266,"column":23},"end":{"line":266,"column":24}},"loc":{"start":{"line":266,"column":39},"end":{"line":283,"column":13}},"line":266},"12":{"name":"(anonymous_12)","decl":{"start":{"line":307,"column":18},"end":{"line":307,"column":19}},"loc":{"start":{"line":307,"column":32},"end":{"line":309,"column":1}},"line":307},"13":{"name":"(anonymous_13)","decl":{"start":{"line":313,"column":20},"end":{"line":313,"column":21}},"loc":{"start":{"line":313,"column":34},"end":{"line":315,"column":1}},"line":313},"14":{"name":"(anonymous_14)","decl":{"start":{"line":317,"column":18},"end":{"line":317,"column":19}},"loc":{"start":{"line":317,"column":32},"end":{"line":319,"column":1}},"line":317},"15":{"name":"(anonymous_15)","decl":{"start":{"line":322,"column":25},"end":{"line":322,"column":26}},"loc":{"start":{"line":322,"column":45},"end":{"line":347,"column":1}},"line":322},"16":{"name":"(anonymous_16)","decl":{"start":{"line":336,"column":25},"end":{"line":336,"column":26}},"loc":{"start":{"line":336,"column":34},"end":{"line":343,"column":9}},"line":336},"17":{"name":"(anonymous_17)","decl":{"start":{"line":350,"column":29},"end":{"line":350,"column":30}},"loc":{"start":{"line":350,"column":49},"end":{"line":369,"column":1}},"line":350},"18":{"name":"(anonymous_18)","decl":{"start":{"line":354,"column":44},"end":{"line":354,"column":45}},"loc":{"start":{"line":354,"column":72},"end":{"line":362,"column":13}},"line":354},"19":{"name":"(anonymous_19)","decl":{"start":{"line":373,"column":13},"end":{"line":373,"column":14}},"loc":{"start":{"line":373,"column":33},"end":{"line":375,"column":1}},"line":373},"20":{"name":"(anonymous_20)","decl":{"start":{"line":377,"column":8},"end":{"line":377,"column":9}},"loc":{"start":{"line":377,"column":33},"end":{"line":380,"column":1}},"line":377},"21":{"name":"(anonymous_21)","decl":{"start":{"line":385,"column":27},"end":{"line":385,"column":28}},"loc":{"start":{"line":385,"column":39},"end":{"line":393,"column":1}},"line":385},"22":{"name":"(anonymous_22)","decl":{"start":{"line":396,"column":20},"end":{"line":396,"column":21}},"loc":{"start":{"line":396,"column":32},"end":{"line":417,"column":1}},"line":396},"23":{"name":"(anonymous_23)","decl":{"start":{"line":400,"column":22},"end":{"line":400,"column":23}},"loc":{"start":{"line":400,"column":34},"end":{"line":405,"column":5}},"line":400},"24":{"name":"(anonymous_24)","decl":{"start":{"line":408,"column":35},"end":{"line":408,"column":36}},"loc":{"start":{"line":408,"column":55},"end":{"line":412,"column":5}},"line":408},"25":{"name":"(anonymous_25)","decl":{"start":{"line":414,"column":28},"end":{"line":414,"column":29}},"loc":{"start":{"line":414,"column":34},"end":{"line":416,"column":5}},"line":414},"26":{"name":"(anonymous_26)","decl":{"start":{"line":427,"column":24},"end":{"line":427,"column":25}},"loc":{"start":{"line":427,"column":36},"end":{"line":432,"column":5}},"line":427},"27":{"name":"(anonymous_27)","decl":{"start":{"line":432,"column":19},"end":{"line":432,"column":20}},"loc":{"start":{"line":432,"column":28},"end":{"line":443,"column":5}},"line":432}},"branchMap":{"0":{"loc":{"start":{"line":1,"column":0},"end":{"line":3,"column":1}},"type":"if","locations":[{"start":{"line":1,"column":0},"end":{"line":3,"column":1}},{"start":{},"end":{}}],"line":1},"1":{"loc":{"start":{"line":8,"column":4},"end":{"line":10,"column":5}},"type":"if","locations":[{"start":{"line":8,"column":4},"end":{"line":10,"column":5}},{"start":{},"end":{}}],"line":8},"2":{"loc":{"start":{"line":8,"column":8},"end":{"line":8,"column":89}},"type":"binary-expr","locations":[{"start":{"line":8,"column":8},"end":{"line":8,"column":45}},{"start":{"line":8,"column":49},"end":{"line":8,"column":89}}],"line":8},"3":{"loc":{"start":{"line":16,"column":0},"end":{"line":20,"column":1}},"type":"if","locations":[{"start":{"line":16,"column":0},"end":{"line":20,"column":1}},{"start":{},"end":{}}],"line":16},"4":{"loc":{"start":{"line":23,"column":0},"end":{"line":30,"column":1}},"type":"if","locations":[{"start":{"line":23,"column":0},"end":{"line":30,"column":1}},{"start":{},"end":{}}],"line":23},"5":{"loc":{"start":{"line":23,"column":4},"end":{"line":23,"column":90}},"type":"binary-expr","locations":[{"start":{"line":23,"column":4},"end":{"line":23,"column":27}},{"start":{"line":23,"column":31},"end":{"line":23,"column":57}},{"start":{"line":23,"column":61},"end":{"line":23,"column":90}}],"line":23},"6":{"loc":{"start":{"line":27,"column":29},"end":{"line":27,"column":73}},"type":"binary-expr","locations":[{"start":{"line":27,"column":29},"end":{"line":27,"column":51}},{"start":{"line":27,"column":55},"end":{"line":27,"column":73}}],"line":27},"7":{"loc":{"start":{"line":28,"column":32},"end":{"line":28,"column":76}},"type":"binary-expr","locations":[{"start":{"line":28,"column":32},"end":{"line":28,"column":57}},{"start":{"line":28,"column":61},"end":{"line":28,"column":76}}],"line":28},"8":{"loc":{"start":{"line":29,"column":35},"end":{"line":29,"column":85}},"type":"binary-expr","locations":[{"start":{"line":29,"column":35},"end":{"line":29,"column":63}},{"start":{"line":29,"column":67},"end":{"line":29,"column":85}}],"line":29},"9":{"loc":{"start":{"line":64,"column":0},"end":{"line":67,"column":1}},"type":"if","locations":[{"start":{"line":64,"column":0},"end":{"line":67,"column":1}},{"start":{},"end":{}}],"line":64},"10":{"loc":{"start":{"line":68,"column":14},"end":{"line":68,"column":51}},"type":"binary-expr","locations":[{"start":{"line":68,"column":14},"end":{"line":68,"column":38}},{"start":{"line":68,"column":42},"end":{"line":68,"column":51}}],"line":68},"11":{"loc":{"start":{"line":71,"column":0},"end":{"line":74,"column":1}},"type":"if","locations":[{"start":{"line":71,"column":0},"end":{"line":74,"column":1}},{"start":{},"end":{}}],"line":71},"12":{"loc":{"start":{"line":86,"column":17},"end":{"line":86,"column":56}},"type":"cond-expr","locations":[{"start":{"line":86,"column":44},"end":{"line":86,"column":48}},{"start":{"line":86,"column":51},"end":{"line":86,"column":56}}],"line":86},"13":{"loc":{"start":{"line":173,"column":0},"end":{"line":180,"column":1}},"type":"if","locations":[{"start":{"line":173,"column":0},"end":{"line":180,"column":1}},{"start":{},"end":{}}],"line":173},"14":{"loc":{"start":{"line":175,"column":8},"end":{"line":177,"column":9}},"type":"if","locations":[{"start":{"line":175,"column":8},"end":{"line":177,"column":9}},{"start":{},"end":{}}],"line":175},"15":{"loc":{"start":{"line":175,"column":12},"end":{"line":175,"column":69}},"type":"binary-expr","locations":[{"start":{"line":175,"column":12},"end":{"line":175,"column":39}},{"start":{"line":175,"column":43},"end":{"line":175,"column":69}}],"line":175},"16":{"loc":{"start":{"line":220,"column":29},"end":{"line":220,"column":51}},"type":"binary-expr","locations":[{"start":{"line":220,"column":29},"end":{"line":220,"column":45}},{"start":{"line":220,"column":49},"end":{"line":220,"column":51}}],"line":220},"17":{"loc":{"start":{"line":223,"column":4},"end":{"line":229,"column":5}},"type":"if","locations":[{"start":{"line":223,"column":4},"end":{"line":229,"column":5}},{"start":{},"end":{}}],"line":223},"18":{"loc":{"start":{"line":249,"column":8},"end":{"line":253,"column":9}},"type":"if","locations":[{"start":{"line":249,"column":8},"end":{"line":253,"column":9}},{"start":{},"end":{}}],"line":249},"19":{"loc":{"start":{"line":249,"column":12},"end":{"line":249,"column":184}},"type":"binary-expr","locations":[{"start":{"line":249,"column":12},"end":{"line":249,"column":32}},{"start":{"line":249,"column":37},"end":{"line":249,"column":69}},{"start":{"line":249,"column":73},"end":{"line":249,"column":110}},{"start":{"line":249,"column":114},"end":{"line":249,"column":150}},{"start":{"line":249,"column":154},"end":{"line":249,"column":183}}],"line":249},"20":{"loc":{"start":{"line":255,"column":50},"end":{"line":255,"column":80}},"type":"cond-expr","locations":[{"start":{"line":255,"column":67},"end":{"line":255,"column":76}},{"start":{"line":255,"column":79},"end":{"line":255,"column":80}}],"line":255},"21":{"loc":{"start":{"line":255,"column":50},"end":{"line":255,"column":64}},"type":"binary-expr","locations":[{"start":{"line":255,"column":50},"end":{"line":255,"column":51}},{"start":{"line":255,"column":55},"end":{"line":255,"column":64}}],"line":255},"22":{"loc":{"start":{"line":263,"column":8},"end":{"line":284,"column":9}},"type":"if","locations":[{"start":{"line":263,"column":8},"end":{"line":284,"column":9}},{"start":{},"end":{}}],"line":263},"23":{"loc":{"start":{"line":263,"column":12},"end":{"line":263,"column":91}},"type":"binary-expr","locations":[{"start":{"line":263,"column":12},"end":{"line":263,"column":32}},{"start":{"line":263,"column":36},"end":{"line":263,"column":91}}],"line":263},"24":{"loc":{"start":{"line":269,"column":24},"end":{"line":269,"column":62}},"type":"cond-expr","locations":[{"start":{"line":269,"column":41},"end":{"line":269,"column":57}},{"start":{"line":269,"column":60},"end":{"line":269,"column":62}}],"line":269},"25":{"loc":{"start":{"line":271,"column":20},"end":{"line":272,"column":70}},"type":"if","locations":[{"start":{"line":271,"column":20},"end":{"line":272,"column":70}},{"start":{"line":272,"column":25},"end":{"line":272,"column":70}}],"line":271},"26":{"loc":{"start":{"line":272,"column":25},"end":{"line":272,"column":70}},"type":"if","locations":[{"start":{"line":272,"column":25},"end":{"line":272,"column":70}},{"start":{},"end":{}}],"line":272},"27":{"loc":{"start":{"line":275,"column":20},"end":{"line":278,"column":21}},"type":"if","locations":[{"start":{"line":275,"column":20},"end":{"line":278,"column":21}},{"start":{},"end":{}}],"line":275},"28":{"loc":{"start":{"line":325,"column":8},"end":{"line":334,"column":9}},"type":"if","locations":[{"start":{"line":325,"column":8},"end":{"line":334,"column":9}},{"start":{},"end":{}}],"line":325},"29":{"loc":{"start":{"line":337,"column":12},"end":{"line":340,"column":13}},"type":"if","locations":[{"start":{"line":337,"column":12},"end":{"line":340,"column":13}},{"start":{},"end":{}}],"line":337},"30":{"loc":{"start":{"line":353,"column":8},"end":{"line":365,"column":9}},"type":"if","locations":[{"start":{"line":353,"column":8},"end":{"line":365,"column":9}},{"start":{"line":363,"column":15},"end":{"line":365,"column":9}}],"line":353},"31":{"loc":{"start":{"line":355,"column":16},"end":{"line":361,"column":17}},"type":"if","locations":[{"start":{"line":355,"column":16},"end":{"line":361,"column":17}},{"start":{"line":357,"column":23},"end":{"line":361,"column":17}}],"line":355},"32":{"loc":{"start":{"line":355,"column":20},"end":{"line":355,"column":38}},"type":"binary-expr","locations":[{"start":{"line":355,"column":20},"end":{"line":355,"column":23}},{"start":{"line":355,"column":27},"end":{"line":355,"column":38}}],"line":355},"33":{"loc":{"start":{"line":356,"column":54},"end":{"line":356,"column":72}},"type":"binary-expr","locations":[{"start":{"line":356,"column":54},"end":{"line":356,"column":57}},{"start":{"line":356,"column":61},"end":{"line":356,"column":72}}],"line":356},"34":{"loc":{"start":{"line":357,"column":23},"end":{"line":361,"column":17}},"type":"if","locations":[{"start":{"line":357,"column":23},"end":{"line":361,"column":17}},{"start":{"line":359,"column":23},"end":{"line":361,"column":17}}],"line":357},"35":{"loc":{"start":{"line":378,"column":10},"end":{"line":378,"column":26}},"type":"default-arg","locations":[{"start":{"line":378,"column":23},"end":{"line":378,"column":26}}],"line":378},"36":{"loc":{"start":{"line":378,"column":28},"end":{"line":378,"column":60}},"type":"default-arg","locations":[{"start":{"line":378,"column":38},"end":{"line":378,"column":60}}],"line":378},"37":{"loc":{"start":{"line":401,"column":8},"end":{"line":404,"column":9}},"type":"if","locations":[{"start":{"line":401,"column":8},"end":{"line":404,"column":9}},{"start":{},"end":{}}],"line":401},"38":{"loc":{"start":{"line":424,"column":13},"end":{"line":424,"column":37}},"type":"binary-expr","locations":[{"start":{"line":424,"column":13},"end":{"line":424,"column":29}},{"start":{"line":424,"column":33},"end":{"line":424,"column":37}}],"line":424},"39":{"loc":{"start":{"line":426,"column":0},"end":{"line":444,"column":1}},"type":"if","locations":[{"start":{"line":426,"column":0},"end":{"line":444,"column":1}},{"start":{},"end":{}}],"line":426},"40":{"loc":{"start":{"line":433,"column":8},"end":{"line":442,"column":9}},"type":"if","locations":[{"start":{"line":433,"column":8},"end":{"line":442,"column":9}},{"start":{"line":440,"column":15},"end":{"line":442,"column":9}}],"line":433}},"s":{"0":5,"1":5,"2":5,"3":5,"4":0,"5":0,"6":0,"7":5,"8":0,"9":0,"10":0,"11":5,"12":0,"13":0,"14":0,"15":0,"16":0,"17":5,"18":5,"19":5,"20":5,"21":5,"22":5,"23":5,"24":5,"25":5,"26":5,"27":5,"28":5,"29":5,"30":5,"31":5,"32":5,"33":5,"34":5,"35":5,"36":5,"37":5,"38":5,"39":5,"40":5,"41":5,"42":5,"43":5,"44":5,"45":5,"46":5,"47":5,"48":0,"49":0,"50":5,"51":5,"52":0,"53":0,"54":5,"55":0,"56":5,"57":5,"58":5,"59":5,"60":5,"61":3,"62":0,"63":0,"64":5,"65":5,"66":5,"67":5,"68":5,"69":5,"70":5,"71":5,"72":5,"73":5,"74":5,"75":5,"76":5,"77":25,"78":0,"79":25,"80":5,"81":5,"82":0,"83":5,"84":5,"85":5,"86":5,"87":5,"88":5,"89":5,"90":5,"91":5,"92":25,"93":25,"94":25,"95":25,"96":25,"97":0,"98":0,"99":0,"100":0,"101":25,"102":200,"103":200,"104":200,"105":200,"106":25,"107":25,"108":220,"109":25,"110":5,"111":25,"112":25,"113":9,"114":9,"115":9,"116":0,"117":25,"118":5,"119":25,"120":25,"121":1,"122":1,"123":1,"124":0,"125":0,"126":0,"127":0,"128":0,"129":0,"130":0,"131":0,"132":0,"133":0,"134":0,"135":0,"136":25,"137":5,"138":5,"139":5,"140":5,"141":5,"142":5,"143":5,"144":5,"145":5,"146":5,"147":5,"148":5,"149":5,"150":5,"151":5,"152":5,"153":0,"154":5,"155":0,"156":5,"157":0,"158":5,"159":0,"160":0,"161":0,"162":0,"163":0,"164":0,"165":0,"166":0,"167":0,"168":0,"169":0,"170":0,"171":0,"172":5,"173":0,"174":0,"175":0,"176":0,"177":0,"178":0,"179":0,"180":0,"181":0,"182":0,"183":0,"184":5,"185":1,"186":5,"187":1,"188":1,"189":5,"190":5,"191":0,"192":0,"193":0,"194":0,"195":0,"196":5,"197":0,"198":0,"199":0,"200":0,"201":0,"202":0,"203":0,"204":0,"205":0,"206":0,"207":5,"208":5,"209":5,"210":5,"211":0,"212":0,"213":0,"214":0,"215":0,"216":0,"217":0,"218":0,"219":0,"220":0,"221":0,"222":0,"223":0,"224":5},"f":{"0":0,"1":3,"2":0,"3":5,"4":25,"5":0,"6":25,"7":200,"8":220,"9":25,"10":25,"11":0,"12":0,"13":0,"14":0,"15":0,"16":0,"17":0,"18":0,"19":1,"20":1,"21":0,"22":0,"23":0,"24":0,"25":0,"26":0,"27":0},"b":{"0":[5,0],"1":[0,0],"2":[0,0],"3":[0,5],"4":[0,5],"5":[5,5,5],"6":[0,0],"7":[0,0],"8":[0,0],"9":[0,5],"10":[5,0],"11":[0,5],"12":[5,0],"13":[5,0],"14":[0,25],"15":[25,25],"16":[25,25],"17":[0,25],"18":[9,16],"19":[25,14,5,5,5],"20":[0,0],"21":[0,0],"22":[1,24],"23":[25,14],"24":[0,0],"25":[0,0],"26":[0,0],"27":[0,0],"28":[0,0],"29":[0,0],"30":[0,0],"31":[0,0],"32":[0,0],"33":[0,0],"34":[0,0],"35":[0],"36":[0],"37":[0,0],"38":[5,5],"39":[0,5],"40":[0,0]},"_coverageSchema":"1a1c01bbd47fc00a2c39e90264f33305004495a9","hash":"4ed9a83040476cdcedbbb49fce2c2689677a8c34"}
,"D:\\P.P\\WanderLust\\cloudConfig.js": {"path":"D:\\P.P\\WanderLust\\cloudConfig.js","statementMap":{"0":{"start":{"line":1,"column":19},"end":{"line":1,"column":43}},"1":{"start":{"line":2,"column":26},"end":{"line":2,"column":62}},"2":{"start":{"line":5,"column":0},"end":{"line":8,"column":1}},"3":{"start":{"line":6,"column":4},"end":{"line":6,"column":87}},"4":{"start":{"line":7,"column":4},"end":{"line":7,"column":98}},"5":{"start":{"line":10,"column":0},"end":{"line":14,"column":3}},"6":{"start":{"line":16,"column":16},"end":{"line":22,"column":2}},"7":{"start":{"line":24,"column":0},"end":{"line":27,"column":1}}},"fnMap":{},"branchMap":{"0":{"loc":{"start":{"line":5,"column":0},"end":{"line":8,"column":1}},"type":"if","locations":[{"start":{"line":5,"column":0},"end":{"line":8,"column":1}},{"start":{},"end":{}}],"line":5},"1":{"loc":{"start":{"line":5,"column":4},"end":{"line":5,"column":90}},"type":"binary-expr","locations":[{"start":{"line":5,"column":4},"end":{"line":5,"column":27}},{"start":{"line":5,"column":31},"end":{"line":5,"column":57}},{"start":{"line":5,"column":61},"end":{"line":5,"column":90}}],"line":5},"2":{"loc":{"start":{"line":11,"column":16},"end":{"line":11,"column":60}},"type":"binary-expr","locations":[{"start":{"line":11,"column":16},"end":{"line":11,"column":38}},{"start":{"line":11,"column":42},"end":{"line":11,"column":60}}],"line":11},"3":{"loc":{"start":{"line":12,"column":13},"end":{"line":12,"column":57}},"type":"binary-expr","locations":[{"start":{"line":12,"column":13},"end":{"line":12,"column":38}},{"start":{"line":12,"column":42},"end":{"line":12,"column":57}}],"line":12},"4":{"loc":{"start":{"line":13,"column":16},"end":{"line":13,"column":66}},"type":"binary-expr","locations":[{"start":{"line":13,"column":16},"end":{"line":13,"column":44}},{"start":{"line":13,"column":48},"end":{"line":13,"column":66}}],"line":13}},"s":{"0":5,"1":5,"2":5,"3":0,"4":0,"5":5,"6":5,"7":5},"f":{},"b":{"0":[0,5],"1":[5,5,5],"2":[5,0],"3":[5,0],"4":[5,0]},"_coverageSchema":"1a1c01bbd47fc00a2c39e90264f33305004495a9","hash":"7b9c15838939acd394ee9e634c934ceda4467728"}
,"D:\\P.P\\WanderLust\\middleware.js": {"path":"D:\\P.P\\WanderLust\\middleware.js","statementMap":{"0":{"start":{"line":1,"column":16},"end":{"line":1,"column":43}},"1":{"start":{"line":2,"column":15},"end":{"line":2,"column":41}},"2":{"start":{"line":3,"column":40},"end":{"line":3,"column":62}},"3":{"start":{"line":4,"column":21},"end":{"line":4,"column":55}},"4":{"start":{"line":5,"column":0},"end":{"line":12,"column":2}},"5":{"start":{"line":6,"column":4},"end":{"line":10,"column":5}},"6":{"start":{"line":7,"column":8},"end":{"line":7,"column":50}},"7":{"start":{"line":8,"column":8},"end":{"line":8,"column":73}},"8":{"start":{"line":9,"column":8},"end":{"line":9,"column":38}},"9":{"start":{"line":11,"column":4},"end":{"line":11,"column":11}},"10":{"start":{"line":14,"column":0},"end":{"line":19,"column":2}},"11":{"start":{"line":15,"column":4},"end":{"line":17,"column":5}},"12":{"start":{"line":16,"column":8},"end":{"line":16,"column":57}},"13":{"start":{"line":18,"column":4},"end":{"line":18,"column":11}},"14":{"start":{"line":21,"column":0},"end":{"line":29,"column":2}},"15":{"start":{"line":22,"column":17},"end":{"line":22,"column":27}},"16":{"start":{"line":23,"column":18},"end":{"line":23,"column":44}},"17":{"start":{"line":24,"column":4},"end":{"line":27,"column":5}},"18":{"start":{"line":25,"column":8},"end":{"line":25,"column":69}},"19":{"start":{"line":26,"column":8},"end":{"line":26,"column":47}},"20":{"start":{"line":28,"column":4},"end":{"line":28,"column":11}},"21":{"start":{"line":31,"column":0},"end":{"line":39,"column":2}},"22":{"start":{"line":32,"column":20},"end":{"line":32,"column":52}},"23":{"start":{"line":33,"column":4},"end":{"line":38,"column":5}},"24":{"start":{"line":34,"column":21},"end":{"line":34,"column":68}},"25":{"start":{"line":34,"column":47},"end":{"line":34,"column":57}},"26":{"start":{"line":35,"column":8},"end":{"line":35,"column":44}},"27":{"start":{"line":37,"column":8},"end":{"line":37,"column":15}},"28":{"start":{"line":41,"column":0},"end":{"line":49,"column":2}},"29":{"start":{"line":42,"column":20},"end":{"line":42,"column":51}},"30":{"start":{"line":43,"column":4},"end":{"line":48,"column":5}},"31":{"start":{"line":44,"column":21},"end":{"line":44,"column":68}},"32":{"start":{"line":44,"column":47},"end":{"line":44,"column":57}},"33":{"start":{"line":45,"column":8},"end":{"line":45,"column":44}},"34":{"start":{"line":47,"column":8},"end":{"line":47,"column":15}},"35":{"start":{"line":51,"column":0},"end":{"line":59,"column":2}},"36":{"start":{"line":52,"column":27},"end":{"line":52,"column":37}},"37":{"start":{"line":53,"column":17},"end":{"line":53,"column":48}},"38":{"start":{"line":54,"column":4},"end":{"line":57,"column":5}},"39":{"start":{"line":55,"column":8},"end":{"line":55,"column":69}},"40":{"start":{"line":56,"column":8},"end":{"line":56,"column":47}},"41":{"start":{"line":58,"column":4},"end":{"line":58,"column":11}},"42":{"start":{"line":62,"column":0},"end":{"line":78,"column":2}},"43":{"start":{"line":63,"column":4},"end":{"line":76,"column":5}},"44":{"start":{"line":64,"column":8},"end":{"line":75,"column":9}},"45":{"start":{"line":65,"column":33},"end":{"line":65,"column":67}},"46":{"start":{"line":66,"column":30},"end":{"line":66,"column":82}},"47":{"start":{"line":68,"column":12},"end":{"line":71,"column":13}},"48":{"start":{"line":69,"column":35},"end":{"line":69,"column":55}},"49":{"start":{"line":70,"column":16},"end":{"line":70,"column":99}},"50":{"start":{"line":73,"column":12},"end":{"line":73,"column":63}},"51":{"start":{"line":77,"column":4},"end":{"line":77,"column":11}}},"fnMap":{"0":{"name":"(anonymous_0)","decl":{"start":{"line":5,"column":28},"end":{"line":5,"column":29}},"loc":{"start":{"line":5,"column":48},"end":{"line":12,"column":1}},"line":5},"1":{"name":"(anonymous_1)","decl":{"start":{"line":14,"column":33},"end":{"line":14,"column":34}},"loc":{"start":{"line":14,"column":53},"end":{"line":19,"column":1}},"line":14},"2":{"name":"(anonymous_2)","decl":{"start":{"line":21,"column":25},"end":{"line":21,"column":26}},"loc":{"start":{"line":21,"column":51},"end":{"line":29,"column":1}},"line":21},"3":{"name":"(anonymous_3)","decl":{"start":{"line":31,"column":33},"end":{"line":31,"column":34}},"loc":{"start":{"line":31,"column":53},"end":{"line":39,"column":1}},"line":31},"4":{"name":"(anonymous_4)","decl":{"start":{"line":34,"column":39},"end":{"line":34,"column":40}},"loc":{"start":{"line":34,"column":47},"end":{"line":34,"column":57}},"line":34},"5":{"name":"(anonymous_5)","decl":{"start":{"line":41,"column":32},"end":{"line":41,"column":33}},"loc":{"start":{"line":41,"column":52},"end":{"line":49,"column":1}},"line":41},"6":{"name":"(anonymous_6)","decl":{"start":{"line":44,"column":39},"end":{"line":44,"column":40}},"loc":{"start":{"line":44,"column":47},"end":{"line":44,"column":57}},"line":44},"7":{"name":"(anonymous_7)","decl":{"start":{"line":51,"column":32},"end":{"line":51,"column":33}},"loc":{"start":{"line":51,"column":58},"end":{"line":59,"column":1}},"line":51},"8":{"name":"(anonymous_8)","decl":{"start":{"line":62,"column":35},"end":{"line":62,"column":36}},"loc":{"start":{"line":62,"column":61},"end":{"line":78,"column":1}},"line":62}},"branchMap":{"0":{"loc":{"start":{"line":6,"column":4},"end":{"line":10,"column":5}},"type":"if","locations":[{"start":{"line":6,"column":4},"end":{"line":10,"column":5}},{"start":{},"end":{}}],"line":6},"1":{"loc":{"start":{"line":15,"column":4},"end":{"line":17,"column":5}},"type":"if","locations":[{"start":{"line":15,"column":4},"end":{"line":17,"column":5}},{"start":{},"end":{}}],"line":15},"2":{"loc":{"start":{"line":24,"column":4},"end":{"line":27,"column":5}},"type":"if","locations":[{"start":{"line":24,"column":4},"end":{"line":27,"column":5}},{"start":{},"end":{}}],"line":24},"3":{"loc":{"start":{"line":33,"column":4},"end":{"line":38,"column":5}},"type":"if","locations":[{"start":{"line":33,"column":4},"end":{"line":38,"column":5}},{"start":{"line":36,"column":11},"end":{"line":38,"column":5}}],"line":33},"4":{"loc":{"start":{"line":43,"column":4},"end":{"line":48,"column":5}},"type":"if","locations":[{"start":{"line":43,"column":4},"end":{"line":48,"column":5}},{"start":{"line":46,"column":11},"end":{"line":48,"column":5}}],"line":43},"5":{"loc":{"start":{"line":54,"column":4},"end":{"line":57,"column":5}},"type":"if","locations":[{"start":{"line":54,"column":4},"end":{"line":57,"column":5}},{"start":{},"end":{}}],"line":54},"6":{"loc":{"start":{"line":63,"column":4},"end":{"line":76,"column":5}},"type":"if","locations":[{"start":{"line":63,"column":4},"end":{"line":76,"column":5}},{"start":{},"end":{}}],"line":63},"7":{"loc":{"start":{"line":68,"column":12},"end":{"line":71,"column":13}},"type":"if","locations":[{"start":{"line":68,"column":12},"end":{"line":71,"column":13}},{"start":{},"end":{}}],"line":68},"8":{"loc":{"start":{"line":68,"column":16},"end":{"line":68,"column":49}},"type":"binary-expr","locations":[{"start":{"line":68,"column":16},"end":{"line":68,"column":25}},{"start":{"line":68,"column":29},"end":{"line":68,"column":49}}],"line":68}},"s":{"0":5,"1":5,"2":5,"3":5,"4":5,"5":10,"6":10,"7":10,"8":10,"9":0,"10":5,"11":1,"12":0,"13":1,"14":5,"15":0,"16":0,"17":0,"18":0,"19":0,"20":0,"21":5,"22":0,"23":0,"24":0,"25":0,"26":0,"27":0,"28":5,"29":0,"30":0,"31":0,"32":0,"33":0,"34":0,"35":5,"36":0,"37":0,"38":0,"39":0,"40":0,"41":0,"42":5,"43":0,"44":0,"45":0,"46":0,"47":0,"48":0,"49":0,"50":0,"51":0},"f":{"0":10,"1":1,"2":0,"3":0,"4":0,"5":0,"6":0,"7":0,"8":0},"b":{"0":[10,0],"1":[0,1],"2":[0,0],"3":[0,0],"4":[0,0],"5":[0,0],"6":[0,0],"7":[0,0],"8":[0,0]},"_coverageSchema":"1a1c01bbd47fc00a2c39e90264f33305004495a9","hash":"745bafef85af0d442b09c59b796ea1f0ba3c6e8f"}
,"D:\\P.P\\WanderLust\\schema.js": {"path":"D:\\P.P\\WanderLust\\schema.js","statementMap":{"0":{"start":{"line":1,"column":12},"end":{"line":1,"column":26}},"1":{"start":{"line":3,"column":0},"end":{"line":12,"column":3}},"2":{"start":{"line":14,"column":0},"end":{"line":19,"column":3}}},"fnMap":{},"branchMap":{},"s":{"0":6,"1":6,"2":6},"f":{},"b":{},"_coverageSchema":"1a1c01bbd47fc00a2c39e90264f33305004495a9","hash":"1e6e67ae8fa3b6f7eb91000323f0a21bed8bda92"}
,"D:\\P.P\\WanderLust\\config\\passport.js": {"path":"D:\\P.P\\WanderLust\\config\\passport.js","statementMap":{"0":{"start":{"line":1,"column":17},"end":{"line":1,"column":36}},"1":{"start":{"line":2,"column":23},"end":{"line":2,"column":66}},"2":{"start":{"line":3,"column":13},"end":{"line":3,"column":38}},"3":{"start":{"line":6,"column":0},"end":{"line":45,"column":4}},"4":{"start":{"line":11,"column":4},"end":{"line":44,"column":5}},"5":{"start":{"line":13,"column":27},"end":{"line":13,"column":71}},"6":{"start":{"line":15,"column":8},"end":{"line":17,"column":9}},"7":{"start":{"line":16,"column":12},"end":{"line":16,"column":44}},"8":{"start":{"line":20,"column":19},"end":{"line":20,"column":73}},"9":{"start":{"line":22,"column":8},"end":{"line":29,"column":9}},"10":{"start":{"line":24,"column":12},"end":{"line":24,"column":39}},"11":{"start":{"line":25,"column":12},"end":{"line":25,"column":51}},"12":{"start":{"line":26,"column":12},"end":{"line":26,"column":65}},"13":{"start":{"line":27,"column":12},"end":{"line":27,"column":30}},"14":{"start":{"line":28,"column":12},"end":{"line":28,"column":36}},"15":{"start":{"line":32,"column":24},"end":{"line":38,"column":10}},"16":{"start":{"line":40,"column":8},"end":{"line":40,"column":29}},"17":{"start":{"line":41,"column":8},"end":{"line":41,"column":35}},"18":{"start":{"line":43,"column":8},"end":{"line":43,"column":33}},"19":{"start":{"line":47,"column":0},"end":{"line":47,"column":26}}},"fnMap":{"0":{"name":"(anonymous_0)","decl":{"start":{"line":10,"column":3},"end":{"line":10,"column":4}},"loc":{"start":{"line":10,"column":55},"end":{"line":45,"column":1}},"line":10}},"branchMap":{"0":{"loc":{"start":{"line":7,"column":14},"end":{"line":7,"column":63}},"type":"binary-expr","locations":[{"start":{"line":7,"column":14},"end":{"line":7,"column":42}},{"start":{"line":7,"column":46},"end":{"line":7,"column":63}}],"line":7},"1":{"loc":{"start":{"line":8,"column":18},"end":{"line":8,"column":75}},"type":"binary-expr","locations":[{"start":{"line":8,"column":18},"end":{"line":8,"column":50}},{"start":{"line":8,"column":54},"end":{"line":8,"column":75}}],"line":8},"2":{"loc":{"start":{"line":15,"column":8},"end":{"line":17,"column":9}},"type":"if","locations":[{"start":{"line":15,"column":8},"end":{"line":17,"column":9}},{"start":{},"end":{}}],"line":15},"3":{"loc":{"start":{"line":22,"column":8},"end":{"line":29,"column":9}},"type":"if","locations":[{"start":{"line":22,"column":8},"end":{"line":29,"column":9}},{"start":{},"end":{}}],"line":22},"4":{"loc":{"start":{"line":26,"column":34},"end":{"line":26,"column":64}},"type":"binary-expr","locations":[{"start":{"line":26,"column":34},"end":{"line":26,"column":58}},{"start":{"line":26,"column":62},"end":{"line":26,"column":64}}],"line":26},"5":{"loc":{"start":{"line":36,"column":28},"end":{"line":36,"column":58}},"type":"binary-expr","locations":[{"start":{"line":36,"column":28},"end":{"line":36,"column":52}},{"start":{"line":36,"column":56},"end":{"line":36,"column":58}}],"line":36}},"s":{"0":5,"1":5,"2":5,"3":5,"4":0,"5":0,"6":0,"7":0,"8":0,"9":0,"10":0,"11":0,"12":0,"13":0,"14":0,"15":0,"16":0,"17":0,"18":0,"19":5},"f":{"0":0},"b":{"0":[5,5],"1":[5,5],"2":[0,0],"3":[0,0],"4":[0,0],"5":[0,0]},"_coverageSchema":"1a1c01bbd47fc00a2c39e90264f33305004495a9","hash":"d8d64b104d18a068bf2fbd10bc6107bf02ed75b0"}
,"D:\\P.P\\WanderLust\\controllers\\listings.js": {"path":"D:\\P.P\\WanderLust\\controllers\\listings.js","statementMap":{"0":{"start":{"line":1,"column":13},"end":{"line":1,"column":38}},"1":{"start":{"line":2,"column":16},"end":{"line":2,"column":44}},"2":{"start":{"line":3,"column":18},"end":{"line":3,"column":48}},"3":{"start":{"line":4,"column":17},"end":{"line":4,"column":46}},"4":{"start":{"line":5,"column":15},"end":{"line":5,"column":42}},"5":{"start":{"line":6,"column":27},"end":{"line":6,"column":58}},"6":{"start":{"line":9,"column":16},"end":{"line":9,"column":43}},"7":{"start":{"line":12,"column":31},"end":{"line":12,"column":76}},"8":{"start":{"line":13,"column":23},"end":{"line":13,"column":60}},"9":{"start":{"line":16,"column":21},"end":{"line":16,"column":69}},"10":{"start":{"line":17,"column":17},"end":{"line":17,"column":38}},"11":{"start":{"line":19,"column":22},"end":{"line":19,"column":26}},"12":{"start":{"line":20,"column":0},"end":{"line":27,"column":1}},"13":{"start":{"line":21,"column":2},"end":{"line":26,"column":3}},"14":{"start":{"line":22,"column":4},"end":{"line":22,"column":62}},"15":{"start":{"line":24,"column":4},"end":{"line":24,"column":74}},"16":{"start":{"line":25,"column":4},"end":{"line":25,"column":27}},"17":{"start":{"line":30,"column":28},"end":{"line":56,"column":1}},"18":{"start":{"line":59,"column":30},"end":{"line":62,"column":1}},"19":{"start":{"line":60,"column":23},"end":{"line":60,"column":59}},"20":{"start":{"line":61,"column":2},"end":{"line":61,"column":65}},"21":{"start":{"line":65,"column":27},"end":{"line":84,"column":1}},"22":{"start":{"line":66,"column":14},"end":{"line":66,"column":24}},"23":{"start":{"line":67,"column":20},"end":{"line":67,"column":47}},"24":{"start":{"line":68,"column":18},"end":{"line":68,"column":59}},"25":{"start":{"line":70,"column":2},"end":{"line":70,"column":36}},"26":{"start":{"line":71,"column":2},"end":{"line":71,"column":49}},"27":{"start":{"line":72,"column":2},"end":{"line":72,"column":50}},"28":{"start":{"line":75,"column":2},"end":{"line":78,"column":3}},"29":{"start":{"line":76,"column":18},"end":{"line":76,"column":78}},"30":{"start":{"line":76,"column":53},"end":{"line":76,"column":74}},"31":{"start":{"line":77,"column":4},"end":{"line":77,"column":47}},"32":{"start":{"line":80,"column":2},"end":{"line":80,"column":37}},"33":{"start":{"line":81,"column":2},"end":{"line":81,"column":97}},"34":{"start":{"line":83,"column":2},"end":{"line":83,"column":17}},"35":{"start":{"line":87,"column":24},"end":{"line":108,"column":1}},"36":{"start":{"line":88,"column":2},"end":{"line":90,"column":3}},"37":{"start":{"line":89,"column":4},"end":{"line":89,"column":16}},"38":{"start":{"line":92,"column":2},"end":{"line":105,"column":3}},"39":{"start":{"line":93,"column":21},"end":{"line":98,"column":13}},"40":{"start":{"line":100,"column":4},"end":{"line":102,"column":5}},"41":{"start":{"line":101,"column":6},"end":{"line":101,"column":48}},"42":{"start":{"line":104,"column":4},"end":{"line":104,"column":71}},"43":{"start":{"line":107,"column":2},"end":{"line":107,"column":14}},"44":{"start":{"line":117,"column":0},"end":{"line":184,"column":2}},"45":{"start":{"line":118,"column":2},"end":{"line":183,"column":3}},"46":{"start":{"line":119,"column":24},"end":{"line":119,"column":42}},"47":{"start":{"line":120,"column":22},"end":{"line":120,"column":38}},"48":{"start":{"line":121,"column":17},"end":{"line":121,"column":28}},"49":{"start":{"line":123,"column":21},"end":{"line":123,"column":109}},"50":{"start":{"line":124,"column":19},"end":{"line":124,"column":99}},"51":{"start":{"line":125,"column":14},"end":{"line":125,"column":74}},"52":{"start":{"line":127,"column":19},"end":{"line":127,"column":21}},"53":{"start":{"line":128,"column":22},"end":{"line":128,"column":26}},"54":{"start":{"line":131,"column":4},"end":{"line":133,"column":5}},"55":{"start":{"line":132,"column":6},"end":{"line":132,"column":40}},"56":{"start":{"line":136,"column":23},"end":{"line":136,"column":34}},"57":{"start":{"line":137,"column":4},"end":{"line":147,"column":5}},"58":{"start":{"line":138,"column":6},"end":{"line":138,"column":38}},"59":{"start":{"line":139,"column":27},"end":{"line":139,"column":58}},"60":{"start":{"line":140,"column":26},"end":{"line":140,"column":55}},"61":{"start":{"line":141,"column":6},"end":{"line":146,"column":8}},"62":{"start":{"line":150,"column":24},"end":{"line":152,"column":13}},"63":{"start":{"line":155,"column":4},"end":{"line":157,"column":7}},"64":{"start":{"line":156,"column":6},"end":{"line":156,"column":34}},"65":{"start":{"line":160,"column":4},"end":{"line":170,"column":5}},"66":{"start":{"line":161,"column":6},"end":{"line":169,"column":9}},"67":{"start":{"line":168,"column":8},"end":{"line":168,"column":60}},"68":{"start":{"line":172,"column":4},"end":{"line":179,"column":7}},"69":{"start":{"line":181,"column":4},"end":{"line":181,"column":55}},"70":{"start":{"line":182,"column":4},"end":{"line":182,"column":16}},"71":{"start":{"line":189,"column":0},"end":{"line":262,"column":2}},"72":{"start":{"line":190,"column":2},"end":{"line":261,"column":3}},"73":{"start":{"line":191,"column":17},"end":{"line":191,"column":28}},"74":{"start":{"line":192,"column":14},"end":{"line":192,"column":74}},"75":{"start":{"line":194,"column":4},"end":{"line":196,"column":5}},"76":{"start":{"line":195,"column":6},"end":{"line":195,"column":26}},"77":{"start":{"line":198,"column":24},"end":{"line":198,"column":32}},"78":{"start":{"line":199,"column":25},"end":{"line":199,"column":56}},"79":{"start":{"line":202,"column":24},"end":{"line":231,"column":6}},"80":{"start":{"line":233,"column":18},"end":{"line":233,"column":20}},"81":{"start":{"line":234,"column":4},"end":{"line":255,"column":5}},"82":{"start":{"line":235,"column":62},"end":{"line":235,"column":76}},"83":{"start":{"line":236,"column":21},"end":{"line":236,"column":46}},"84":{"start":{"line":239,"column":34},"end":{"line":242,"column":82}},"85":{"start":{"line":240,"column":23},"end":{"line":240,"column":72}},"86":{"start":{"line":242,"column":21},"end":{"line":242,"column":80}},"87":{"start":{"line":244,"column":33},"end":{"line":247,"column":80}},"88":{"start":{"line":245,"column":27},"end":{"line":245,"column":84}},"89":{"start":{"line":247,"column":25},"end":{"line":247,"column":78}},"90":{"start":{"line":249,"column":31},"end":{"line":252,"column":76}},"91":{"start":{"line":250,"column":25},"end":{"line":250,"column":78}},"92":{"start":{"line":252,"column":23},"end":{"line":252,"column":74}},"93":{"start":{"line":254,"column":6},"end":{"line":254,"column":97}},"94":{"start":{"line":257,"column":4},"end":{"line":257,"column":22}},"95":{"start":{"line":259,"column":4},"end":{"line":259,"column":54}},"96":{"start":{"line":260,"column":4},"end":{"line":260,"column":29}},"97":{"start":{"line":267,"column":0},"end":{"line":407,"column":2}},"98":{"start":{"line":268,"column":2},"end":{"line":406,"column":3}},"99":{"start":{"line":270,"column":4},"end":{"line":273,"column":5}},"100":{"start":{"line":271,"column":24},"end":{"line":271,"column":57}},"101":{"start":{"line":272,"column":6},"end":{"line":272,"column":86}},"102":{"start":{"line":275,"column":19},"end":{"line":275,"column":127}},"103":{"start":{"line":276,"column":21},"end":{"line":276,"column":137}},"104":{"start":{"line":277,"column":20},"end":{"line":277,"column":132}},"105":{"start":{"line":278,"column":21},"end":{"line":278,"column":137}},"106":{"start":{"line":279,"column":21},"end":{"line":279,"column":137}},"107":{"start":{"line":280,"column":22},"end":{"line":280,"column":142}},"108":{"start":{"line":281,"column":19},"end":{"line":281,"column":127}},"109":{"start":{"line":282,"column":17},"end":{"line":282,"column":62}},"110":{"start":{"line":283,"column":18},"end":{"line":283,"column":66}},"111":{"start":{"line":285,"column":20},"end":{"line":285,"column":43}},"112":{"start":{"line":286,"column":21},"end":{"line":286,"column":46}},"113":{"start":{"line":289,"column":21},"end":{"line":289,"column":23}},"114":{"start":{"line":292,"column":23},"end":{"line":292,"column":25}},"115":{"start":{"line":294,"column":4},"end":{"line":302,"column":5}},"116":{"start":{"line":295,"column":26},"end":{"line":295,"column":76}},"117":{"start":{"line":296,"column":6},"end":{"line":301,"column":8}},"118":{"start":{"line":304,"column":4},"end":{"line":304,"column":75}},"119":{"start":{"line":304,"column":37},"end":{"line":304,"column":75}},"120":{"start":{"line":305,"column":4},"end":{"line":305,"column":71}},"121":{"start":{"line":305,"column":35},"end":{"line":305,"column":71}},"122":{"start":{"line":307,"column":4},"end":{"line":312,"column":5}},"123":{"start":{"line":308,"column":6},"end":{"line":308,"column":28}},"124":{"start":{"line":309,"column":6},"end":{"line":309,"column":95}},"125":{"start":{"line":309,"column":48},"end":{"line":309,"column":95}},"126":{"start":{"line":310,"column":6},"end":{"line":310,"column":95}},"127":{"start":{"line":310,"column":48},"end":{"line":310,"column":95}},"128":{"start":{"line":311,"column":6},"end":{"line":311,"column":78}},"129":{"start":{"line":311,"column":54},"end":{"line":311,"column":78}},"130":{"start":{"line":314,"column":4},"end":{"line":316,"column":5}},"131":{"start":{"line":315,"column":6},"end":{"line":315,"column":44}},"132":{"start":{"line":319,"column":4},"end":{"line":326,"column":7}},"133":{"start":{"line":329,"column":4},"end":{"line":346,"column":7}},"134":{"start":{"line":349,"column":4},"end":{"line":353,"column":5}},"135":{"start":{"line":350,"column":6},"end":{"line":352,"column":9}},"136":{"start":{"line":356,"column":26},"end":{"line":356,"column":60}},"137":{"start":{"line":357,"column":24},"end":{"line":357,"column":62}},"138":{"start":{"line":358,"column":23},"end":{"line":358,"column":49}},"139":{"start":{"line":361,"column":22},"end":{"line":367,"column":34}},"140":{"start":{"line":369,"column":4},"end":{"line":369,"column":40}},"141":{"start":{"line":372,"column":17},"end":{"line":372,"column":41}},"142":{"start":{"line":373,"column":4},"end":{"line":373,"column":35}},"143":{"start":{"line":374,"column":4},"end":{"line":374,"column":40}},"144":{"start":{"line":377,"column":21},"end":{"line":377,"column":54}},"145":{"start":{"line":380,"column":16},"end":{"line":380,"column":26}},"146":{"start":{"line":381,"column":4},"end":{"line":389,"column":7}},"147":{"start":{"line":382,"column":24},"end":{"line":382,"column":51}},"148":{"start":{"line":383,"column":22},"end":{"line":383,"column":63}},"149":{"start":{"line":385,"column":6},"end":{"line":385,"column":40}},"150":{"start":{"line":386,"column":6},"end":{"line":386,"column":53}},"151":{"start":{"line":387,"column":6},"end":{"line":387,"column":54}},"152":{"start":{"line":388,"column":6},"end":{"line":388,"column":87}},"153":{"start":{"line":391,"column":4},"end":{"line":402,"column":7}},"154":{"start":{"line":404,"column":4},"end":{"line":404,"column":51}},"155":{"start":{"line":405,"column":4},"end":{"line":405,"column":81}},"156":{"start":{"line":412,"column":0},"end":{"line":414,"column":2}},"157":{"start":{"line":413,"column":2},"end":{"line":413,"column":33}},"158":{"start":{"line":419,"column":0},"end":{"line":514,"column":2}},"159":{"start":{"line":420,"column":2},"end":{"line":513,"column":3}},"160":{"start":{"line":421,"column":18},"end":{"line":421,"column":31}},"161":{"start":{"line":422,"column":15},"end":{"line":422,"column":70}},"162":{"start":{"line":425,"column":4},"end":{"line":429,"column":5}},"163":{"start":{"line":426,"column":6},"end":{"line":426,"column":54}},"164":{"start":{"line":427,"column":6},"end":{"line":427,"column":88}},"165":{"start":{"line":428,"column":6},"end":{"line":428,"column":39}},"166":{"start":{"line":432,"column":20},"end":{"line":438,"column":13}},"167":{"start":{"line":440,"column":4},"end":{"line":444,"column":5}},"168":{"start":{"line":441,"column":6},"end":{"line":441,"column":48}},"169":{"start":{"line":442,"column":6},"end":{"line":442,"column":47}},"170":{"start":{"line":443,"column":6},"end":{"line":443,"column":39}},"171":{"start":{"line":447,"column":23},"end":{"line":447,"column":28}},"172":{"start":{"line":448,"column":4},"end":{"line":454,"column":5}},"173":{"start":{"line":449,"column":27},"end":{"line":452,"column":8}},"174":{"start":{"line":453,"column":6},"end":{"line":453,"column":36}},"175":{"start":{"line":457,"column":4},"end":{"line":457,"column":32}},"176":{"start":{"line":460,"column":20},"end":{"line":460,"column":37}},"177":{"start":{"line":461,"column":4},"end":{"line":476,"column":5}},"178":{"start":{"line":462,"column":6},"end":{"line":475,"column":7}},"179":{"start":{"line":463,"column":8},"end":{"line":463,"column":97}},"180":{"start":{"line":466,"column":8},"end":{"line":469,"column":11}},"181":{"start":{"line":471,"column":8},"end":{"line":471,"column":66}},"182":{"start":{"line":473,"column":8},"end":{"line":473,"column":70}},"183":{"start":{"line":474,"column":8},"end":{"line":474,"column":46}},"184":{"start":{"line":479,"column":22},"end":{"line":479,"column":26}},"185":{"start":{"line":480,"column":19},"end":{"line":480,"column":23}},"186":{"start":{"line":481,"column":26},"end":{"line":481,"column":30}},"187":{"start":{"line":483,"column":4},"end":{"line":494,"column":5}},"188":{"start":{"line":484,"column":25},"end":{"line":484,"column":53}},"189":{"start":{"line":485,"column":6},"end":{"line":493,"column":7}},"190":{"start":{"line":486,"column":8},"end":{"line":489,"column":11}},"191":{"start":{"line":490,"column":8},"end":{"line":490,"column":95}},"192":{"start":{"line":492,"column":8},"end":{"line":492,"column":63}},"193":{"start":{"line":497,"column":28},"end":{"line":497,"column":71}},"194":{"start":{"line":500,"column":4},"end":{"line":509,"column":7}},"195":{"start":{"line":511,"column":4},"end":{"line":511,"column":52}},"196":{"start":{"line":512,"column":4},"end":{"line":512,"column":16}},"197":{"start":{"line":519,"column":27},"end":{"line":590,"column":1}},"198":{"start":{"line":520,"column":24},"end":{"line":520,"column":26}},"199":{"start":{"line":522,"column":2},"end":{"line":589,"column":3}},"200":{"start":{"line":523,"column":4},"end":{"line":551,"column":5}},"201":{"start":{"line":525,"column":26},"end":{"line":528,"column":15}},"202":{"start":{"line":530,"column":6},"end":{"line":550,"column":7}},"203":{"start":{"line":531,"column":31},"end":{"line":531,"column":102}},"204":{"start":{"line":531,"column":64},"end":{"line":531,"column":83}},"205":{"start":{"line":532,"column":30},"end":{"line":532,"column":100}},"206":{"start":{"line":532,"column":63},"end":{"line":532,"column":81}},"207":{"start":{"line":535,"column":8},"end":{"line":540,"column":9}},"208":{"start":{"line":536,"column":10},"end":{"line":539,"column":13}},"209":{"start":{"line":543,"column":8},"end":{"line":549,"column":9}},"210":{"start":{"line":544,"column":30},"end":{"line":547,"column":12}},"211":{"start":{"line":548,"column":10},"end":{"line":548,"column":65}},"212":{"start":{"line":554,"column":4},"end":{"line":560,"column":5}},"213":{"start":{"line":555,"column":30},"end":{"line":558,"column":8}},"214":{"start":{"line":559,"column":6},"end":{"line":559,"column":65}},"215":{"start":{"line":563,"column":4},"end":{"line":569,"column":5}},"216":{"start":{"line":564,"column":29},"end":{"line":567,"column":8}},"217":{"start":{"line":568,"column":6},"end":{"line":568,"column":64}},"218":{"start":{"line":572,"column":4},"end":{"line":578,"column":5}},"219":{"start":{"line":573,"column":22},"end":{"line":576,"column":8}},"220":{"start":{"line":577,"column":6},"end":{"line":577,"column":57}},"221":{"start":{"line":581,"column":23},"end":{"line":583,"column":17}},"222":{"start":{"line":582,"column":6},"end":{"line":582,"column":76}},"223":{"start":{"line":582,"column":36},"end":{"line":582,"column":75}},"224":{"start":{"line":585,"column":4},"end":{"line":585,"column":22}},"225":{"start":{"line":587,"column":4},"end":{"line":587,"column":58}},"226":{"start":{"line":588,"column":4},"end":{"line":588,"column":14}},"227":{"start":{"line":595,"column":0},"end":{"line":652,"column":2}},"228":{"start":{"line":596,"column":2},"end":{"line":651,"column":3}},"229":{"start":{"line":597,"column":20},"end":{"line":597,"column":36}},"230":{"start":{"line":600,"column":4},"end":{"line":603,"column":5}},"231":{"start":{"line":601,"column":6},"end":{"line":601,"column":53}},"232":{"start":{"line":602,"column":6},"end":{"line":602,"column":43}},"233":{"start":{"line":605,"column":18},"end":{"line":605,"column":114}},"234":{"start":{"line":606,"column":21},"end":{"line":606,"column":129}},"235":{"start":{"line":607,"column":20},"end":{"line":607,"column":124}},"236":{"start":{"line":609,"column":4},"end":{"line":612,"column":5}},"237":{"start":{"line":610,"column":6},"end":{"line":610,"column":53}},"238":{"start":{"line":611,"column":6},"end":{"line":611,"column":43}},"239":{"start":{"line":615,"column":21},"end":{"line":615,"column":52}},"240":{"start":{"line":618,"column":23},"end":{"line":618,"column":43}},"241":{"start":{"line":619,"column":4},"end":{"line":619,"column":36}},"242":{"start":{"line":622,"column":4},"end":{"line":627,"column":5}},"243":{"start":{"line":623,"column":6},"end":{"line":626,"column":8}},"244":{"start":{"line":630,"column":4},"end":{"line":640,"column":5}},"245":{"start":{"line":631,"column":6},"end":{"line":631,"column":37}},"246":{"start":{"line":632,"column":6},"end":{"line":632,"column":67}},"247":{"start":{"line":634,"column":28},"end":{"line":634,"column":58}},"248":{"start":{"line":635,"column":6},"end":{"line":638,"column":8}},"249":{"start":{"line":639,"column":6},"end":{"line":639,"column":81}},"250":{"start":{"line":642,"column":4},"end":{"line":642,"column":28}},"251":{"start":{"line":644,"column":4},"end":{"line":644,"column":60}},"252":{"start":{"line":645,"column":4},"end":{"line":645,"column":49}},"253":{"start":{"line":646,"column":4},"end":{"line":646,"column":48}},"254":{"start":{"line":648,"column":4},"end":{"line":648,"column":54}},"255":{"start":{"line":649,"column":4},"end":{"line":649,"column":52}},"256":{"start":{"line":650,"column":4},"end":{"line":650,"column":34}},"257":{"start":{"line":657,"column":0},"end":{"line":679,"column":2}},"258":{"start":{"line":658,"column":2},"end":{"line":678,"column":3}},"259":{"start":{"line":659,"column":18},"end":{"line":659,"column":31}},"260":{"start":{"line":660,"column":15},"end":{"line":660,"column":70}},"261":{"start":{"line":661,"column":20},"end":{"line":661,"column":53}},"262":{"start":{"line":663,"column":4},"end":{"line":666,"column":5}},"263":{"start":{"line":664,"column":6},"end":{"line":664,"column":51}},"264":{"start":{"line":665,"column":6},"end":{"line":665,"column":39}},"265":{"start":{"line":669,"column":27},"end":{"line":669,"column":51}},"266":{"start":{"line":670,"column":4},"end":{"line":672,"column":5}},"267":{"start":{"line":671,"column":6},"end":{"line":671,"column":78}},"268":{"start":{"line":674,"column":4},"end":{"line":674,"column":67}},"269":{"start":{"line":676,"column":4},"end":{"line":676,"column":57}},"270":{"start":{"line":677,"column":4},"end":{"line":677,"column":16}},"271":{"start":{"line":684,"column":0},"end":{"line":742,"column":2}},"272":{"start":{"line":685,"column":2},"end":{"line":741,"column":3}},"273":{"start":{"line":686,"column":18},"end":{"line":686,"column":31}},"274":{"start":{"line":687,"column":15},"end":{"line":687,"column":70}},"275":{"start":{"line":688,"column":24},"end":{"line":688,"column":40}},"276":{"start":{"line":690,"column":4},"end":{"line":693,"column":5}},"277":{"start":{"line":691,"column":6},"end":{"line":691,"column":50}},"278":{"start":{"line":692,"column":6},"end":{"line":692,"column":50}},"279":{"start":{"line":696,"column":20},"end":{"line":696,"column":46}},"280":{"start":{"line":697,"column":4},"end":{"line":700,"column":5}},"281":{"start":{"line":698,"column":6},"end":{"line":698,"column":47}},"282":{"start":{"line":699,"column":6},"end":{"line":699,"column":39}},"283":{"start":{"line":703,"column":4},"end":{"line":703,"column":40}},"284":{"start":{"line":706,"column":4},"end":{"line":711,"column":5}},"285":{"start":{"line":707,"column":6},"end":{"line":710,"column":8}},"286":{"start":{"line":714,"column":4},"end":{"line":730,"column":5}},"287":{"start":{"line":715,"column":26},"end":{"line":715,"column":54}},"288":{"start":{"line":716,"column":25},"end":{"line":716,"column":79}},"289":{"start":{"line":717,"column":23},"end":{"line":717,"column":57}},"290":{"start":{"line":719,"column":6},"end":{"line":729,"column":7}},"291":{"start":{"line":720,"column":8},"end":{"line":720,"column":36}},"292":{"start":{"line":721,"column":8},"end":{"line":721,"column":64}},"293":{"start":{"line":722,"column":13},"end":{"line":729,"column":7}},"294":{"start":{"line":723,"column":30},"end":{"line":723,"column":63}},"295":{"start":{"line":724,"column":8},"end":{"line":727,"column":10}},"296":{"start":{"line":728,"column":8},"end":{"line":728,"column":70}},"297":{"start":{"line":732,"column":4},"end":{"line":732,"column":25}},"298":{"start":{"line":734,"column":4},"end":{"line":734,"column":53}},"299":{"start":{"line":735,"column":4},"end":{"line":735,"column":45}},"300":{"start":{"line":736,"column":4},"end":{"line":736,"column":36}},"301":{"start":{"line":738,"column":4},"end":{"line":738,"column":54}},"302":{"start":{"line":739,"column":4},"end":{"line":739,"column":52}},"303":{"start":{"line":740,"column":4},"end":{"line":740,"column":52}},"304":{"start":{"line":747,"column":0},"end":{"line":765,"column":2}},"305":{"start":{"line":748,"column":2},"end":{"line":764,"column":3}},"306":{"start":{"line":749,"column":18},"end":{"line":749,"column":31}},"307":{"start":{"line":750,"column":15},"end":{"line":750,"column":70}},"308":{"start":{"line":751,"column":27},"end":{"line":751,"column":62}},"309":{"start":{"line":753,"column":4},"end":{"line":756,"column":5}},"310":{"start":{"line":754,"column":6},"end":{"line":754,"column":47}},"311":{"start":{"line":755,"column":6},"end":{"line":755,"column":39}},"312":{"start":{"line":758,"column":4},"end":{"line":758,"column":60}},"313":{"start":{"line":759,"column":4},"end":{"line":759,"column":45}},"314":{"start":{"line":760,"column":4},"end":{"line":760,"column":30}},"315":{"start":{"line":762,"column":4},"end":{"line":762,"column":54}},"316":{"start":{"line":763,"column":4},"end":{"line":763,"column":16}},"317":{"start":{"line":770,"column":0},"end":{"line":803,"column":2}},"318":{"start":{"line":771,"column":2},"end":{"line":802,"column":3}},"319":{"start":{"line":772,"column":18},"end":{"line":772,"column":31}},"320":{"start":{"line":773,"column":15},"end":{"line":773,"column":70}},"321":{"start":{"line":774,"column":19},"end":{"line":774,"column":31}},"322":{"start":{"line":777,"column":20},"end":{"line":777,"column":46}},"323":{"start":{"line":778,"column":17},"end":{"line":778,"column":44}},"324":{"start":{"line":780,"column":4},"end":{"line":783,"column":5}},"325":{"start":{"line":781,"column":6},"end":{"line":781,"column":55}},"326":{"start":{"line":782,"column":6},"end":{"line":782,"column":39}},"327":{"start":{"line":786,"column":4},"end":{"line":789,"column":5}},"328":{"start":{"line":787,"column":6},"end":{"line":787,"column":59}},"329":{"start":{"line":788,"column":6},"end":{"line":788,"column":45}},"330":{"start":{"line":792,"column":4},"end":{"line":795,"column":7}},"331":{"start":{"line":797,"column":4},"end":{"line":797,"column":58}},"332":{"start":{"line":798,"column":4},"end":{"line":798,"column":36}},"333":{"start":{"line":800,"column":4},"end":{"line":800,"column":52}},"334":{"start":{"line":801,"column":4},"end":{"line":801,"column":16}},"335":{"start":{"line":808,"column":0},"end":{"line":826,"column":2}},"336":{"start":{"line":809,"column":2},"end":{"line":825,"column":3}},"337":{"start":{"line":810,"column":18},"end":{"line":810,"column":31}},"338":{"start":{"line":811,"column":15},"end":{"line":811,"column":70}},"339":{"start":{"line":812,"column":19},"end":{"line":812,"column":31}},"340":{"start":{"line":815,"column":4},"end":{"line":818,"column":7}},"341":{"start":{"line":820,"column":4},"end":{"line":820,"column":62}},"342":{"start":{"line":821,"column":4},"end":{"line":821,"column":36}},"343":{"start":{"line":823,"column":4},"end":{"line":823,"column":54}},"344":{"start":{"line":824,"column":4},"end":{"line":824,"column":16}}},"fnMap":{"0":{"name":"(anonymous_0)","decl":{"start":{"line":59,"column":30},"end":{"line":59,"column":31}},"loc":{"start":{"line":59,"column":43},"end":{"line":62,"column":1}},"line":59},"1":{"name":"(anonymous_1)","decl":{"start":{"line":65,"column":27},"end":{"line":65,"column":28}},"loc":{"start":{"line":65,"column":58},"end":{"line":84,"column":1}},"line":65},"2":{"name":"(anonymous_2)","decl":{"start":{"line":76,"column":41},"end":{"line":76,"column":42}},"loc":{"start":{"line":76,"column":53},"end":{"line":76,"column":74}},"line":76},"3":{"name":"(anonymous_3)","decl":{"start":{"line":87,"column":24},"end":{"line":87,"column":25}},"loc":{"start":{"line":87,"column":44},"end":{"line":108,"column":1}},"line":87},"4":{"name":"(anonymous_4)","decl":{"start":{"line":117,"column":23},"end":{"line":117,"column":24}},"loc":{"start":{"line":117,"column":49},"end":{"line":184,"column":1}},"line":117},"5":{"name":"(anonymous_5)","decl":{"start":{"line":155,"column":24},"end":{"line":155,"column":25}},"loc":{"start":{"line":155,"column":35},"end":{"line":157,"column":5}},"line":155},"6":{"name":"(anonymous_6)","decl":{"start":{"line":167,"column":15},"end":{"line":167,"column":16}},"loc":{"start":{"line":167,"column":22},"end":{"line":169,"column":7}},"line":167},"7":{"name":"(anonymous_7)","decl":{"start":{"line":189,"column":38},"end":{"line":189,"column":39}},"loc":{"start":{"line":189,"column":64},"end":{"line":262,"column":1}},"line":189},"8":{"name":"(anonymous_8)","decl":{"start":{"line":240,"column":16},"end":{"line":240,"column":17}},"loc":{"start":{"line":240,"column":23},"end":{"line":240,"column":72}},"line":240},"9":{"name":"(anonymous_9)","decl":{"start":{"line":242,"column":13},"end":{"line":242,"column":14}},"loc":{"start":{"line":242,"column":21},"end":{"line":242,"column":80}},"line":242},"10":{"name":"(anonymous_10)","decl":{"start":{"line":245,"column":16},"end":{"line":245,"column":17}},"loc":{"start":{"line":245,"column":27},"end":{"line":245,"column":84}},"line":245},"11":{"name":"(anonymous_11)","decl":{"start":{"line":247,"column":13},"end":{"line":247,"column":14}},"loc":{"start":{"line":247,"column":25},"end":{"line":247,"column":78}},"line":247},"12":{"name":"(anonymous_12)","decl":{"start":{"line":250,"column":16},"end":{"line":250,"column":17}},"loc":{"start":{"line":250,"column":25},"end":{"line":250,"column":78}},"line":250},"13":{"name":"(anonymous_13)","decl":{"start":{"line":252,"column":13},"end":{"line":252,"column":14}},"loc":{"start":{"line":252,"column":23},"end":{"line":252,"column":74}},"line":252},"14":{"name":"(anonymous_14)","decl":{"start":{"line":267,"column":37},"end":{"line":267,"column":38}},"loc":{"start":{"line":267,"column":63},"end":{"line":407,"column":1}},"line":267},"15":{"name":"(anonymous_15)","decl":{"start":{"line":381,"column":21},"end":{"line":381,"column":22}},"loc":{"start":{"line":381,"column":32},"end":{"line":389,"column":5}},"line":381},"16":{"name":"(anonymous_16)","decl":{"start":{"line":412,"column":31},"end":{"line":412,"column":32}},"loc":{"start":{"line":412,"column":45},"end":{"line":414,"column":1}},"line":412},"17":{"name":"(anonymous_17)","decl":{"start":{"line":419,"column":29},"end":{"line":419,"column":30}},"loc":{"start":{"line":419,"column":55},"end":{"line":514,"column":1}},"line":419},"18":{"name":"(anonymous_18)","decl":{"start":{"line":519,"column":27},"end":{"line":519,"column":28}},"loc":{"start":{"line":519,"column":52},"end":{"line":590,"column":1}},"line":519},"19":{"name":"(anonymous_19)","decl":{"start":{"line":531,"column":59},"end":{"line":531,"column":60}},"loc":{"start":{"line":531,"column":64},"end":{"line":531,"column":83}},"line":531},"20":{"name":"(anonymous_20)","decl":{"start":{"line":532,"column":58},"end":{"line":532,"column":59}},"loc":{"start":{"line":532,"column":63},"end":{"line":532,"column":81}},"line":532},"21":{"name":"(anonymous_21)","decl":{"start":{"line":581,"column":46},"end":{"line":581,"column":47}},"loc":{"start":{"line":582,"column":6},"end":{"line":582,"column":76}},"line":582},"22":{"name":"(anonymous_22)","decl":{"start":{"line":582,"column":31},"end":{"line":582,"column":32}},"loc":{"start":{"line":582,"column":36},"end":{"line":582,"column":75}},"line":582},"23":{"name":"(anonymous_23)","decl":{"start":{"line":595,"column":31},"end":{"line":595,"column":32}},"loc":{"start":{"line":595,"column":57},"end":{"line":652,"column":1}},"line":595},"24":{"name":"(anonymous_24)","decl":{"start":{"line":657,"column":32},"end":{"line":657,"column":33}},"loc":{"start":{"line":657,"column":58},"end":{"line":679,"column":1}},"line":657},"25":{"name":"(anonymous_25)","decl":{"start":{"line":684,"column":31},"end":{"line":684,"column":32}},"loc":{"start":{"line":684,"column":57},"end":{"line":742,"column":1}},"line":684},"26":{"name":"(anonymous_26)","decl":{"start":{"line":747,"column":32},"end":{"line":747,"column":33}},"loc":{"start":{"line":747,"column":58},"end":{"line":765,"column":1}},"line":747},"27":{"name":"(anonymous_27)","decl":{"start":{"line":770,"column":29},"end":{"line":770,"column":30}},"loc":{"start":{"line":770,"column":55},"end":{"line":803,"column":1}},"line":770},"28":{"name":"(anonymous_28)","decl":{"start":{"line":808,"column":31},"end":{"line":808,"column":32}},"loc":{"start":{"line":808,"column":57},"end":{"line":826,"column":1}},"line":808}},"branchMap":{"0":{"loc":{"start":{"line":20,"column":0},"end":{"line":27,"column":1}},"type":"if","locations":[{"start":{"line":20,"column":0},"end":{"line":27,"column":1}},{"start":{},"end":{}}],"line":20},"1":{"loc":{"start":{"line":20,"column":4},"end":{"line":20,"column":48}},"type":"binary-expr","locations":[{"start":{"line":20,"column":4},"end":{"line":20,"column":12}},{"start":{"line":20,"column":16},"end":{"line":20,"column":48}}],"line":20},"2":{"loc":{"start":{"line":60,"column":24},"end":{"line":60,"column":37}},"type":"binary-expr","locations":[{"start":{"line":60,"column":24},"end":{"line":60,"column":31}},{"start":{"line":60,"column":35},"end":{"line":60,"column":37}}],"line":60},"3":{"loc":{"start":{"line":61,"column":9},"end":{"line":61,"column":64}},"type":"binary-expr","locations":[{"start":{"line":61,"column":9},"end":{"line":61,"column":42}},{"start":{"line":61,"column":46},"end":{"line":61,"column":64}}],"line":61},"4":{"loc":{"start":{"line":65,"column":37},"end":{"line":65,"column":53}},"type":"default-arg","locations":[{"start":{"line":65,"column":49},"end":{"line":65,"column":53}}],"line":65},"5":{"loc":{"start":{"line":75,"column":2},"end":{"line":78,"column":3}},"type":"if","locations":[{"start":{"line":75,"column":2},"end":{"line":78,"column":3}},{"start":{},"end":{}}],"line":75},"6":{"loc":{"start":{"line":75,"column":6},"end":{"line":75,"column":73}},"type":"binary-expr","locations":[{"start":{"line":75,"column":6},"end":{"line":75,"column":24}},{"start":{"line":75,"column":28},"end":{"line":75,"column":43}},{"start":{"line":75,"column":47},"end":{"line":75,"column":73}}],"line":75},"7":{"loc":{"start":{"line":76,"column":60},"end":{"line":76,"column":73}},"type":"binary-expr","locations":[{"start":{"line":76,"column":60},"end":{"line":76,"column":68}},{"start":{"line":76,"column":72},"end":{"line":76,"column":73}}],"line":76},"8":{"loc":{"start":{"line":80,"column":22},"end":{"line":80,"column":36}},"type":"binary-expr","locations":[{"start":{"line":80,"column":22},"end":{"line":80,"column":31}},{"start":{"line":80,"column":35},"end":{"line":80,"column":36}}],"line":80},"9":{"loc":{"start":{"line":81,"column":31},"end":{"line":81,"column":96}},"type":"binary-expr","locations":[{"start":{"line":81,"column":31},"end":{"line":81,"column":46}},{"start":{"line":81,"column":50},"end":{"line":81,"column":76}},{"start":{"line":81,"column":80},"end":{"line":81,"column":96}}],"line":81},"10":{"loc":{"start":{"line":88,"column":2},"end":{"line":90,"column":3}},"type":"if","locations":[{"start":{"line":88,"column":2},"end":{"line":90,"column":3}},{"start":{},"end":{}}],"line":88},"11":{"loc":{"start":{"line":100,"column":4},"end":{"line":102,"column":5}},"type":"if","locations":[{"start":{"line":100,"column":4},"end":{"line":102,"column":5}},{"start":{},"end":{}}],"line":100},"12":{"loc":{"start":{"line":100,"column":8},"end":{"line":100,"column":79}},"type":"binary-expr","locations":[{"start":{"line":100,"column":8},"end":{"line":100,"column":16}},{"start":{"line":100,"column":20},"end":{"line":100,"column":42}},{"start":{"line":100,"column":46},"end":{"line":100,"column":79}}],"line":100},"13":{"loc":{"start":{"line":123,"column":21},"end":{"line":123,"column":109}},"type":"cond-expr","locations":[{"start":{"line":123,"column":55},"end":{"line":123,"column":66}},{"start":{
[...]
"line":195,"column":5}},"loc":{"start":{"line":195,"column":33},"end":{"line":199,"column":5}},"line":195},"12":{"name":"(anonymous_12)","decl":{"start":{"line":201,"column":4},"end":{"line":201,"column":5}},"loc":{"start":{"line":201,"column":42},"end":{"line":215,"column":5}},"line":201},"13":{"name":"(anonymous_13)","decl":{"start":{"line":220,"column":4},"end":{"line":220,"column":5}},"loc":{"start":{"line":220,"column":81},"end":{"line":260,"column":5}},"line":220},"14":{"name":"(anonymous_14)","decl":{"start":{"line":265,"column":4},"end":{"line":265,"column":5}},"loc":{"start":{"line":265,"column":78},"end":{"line":291,"column":5}},"line":265}},"branchMap":{"0":{"loc":{"start":{"line":21,"column":71},"end":{"line":21,"column":85}},"type":"default-arg","locations":[{"start":{"line":21,"column":84},"end":{"line":21,"column":85}}],"line":21},"1":{"loc":{"start":{"line":42,"column":65},"end":{"line":42,"column":86}},"type":"default-arg","locations":[{"start":{"line":42,"column":76},"end":{"line":42,"column":86}}],"line":42},"2":{"loc":{"start":{"line":63,"column":62},"end":{"line":63,"column":76}},"type":"default-arg","locations":[{"start":{"line":63,"column":74},"end":{"line":63,"column":76}}],"line":63},"3":{"loc":{"start":{"line":84,"column":27},"end":{"line":84,"column":47}},"type":"default-arg","locations":[{"start":{"line":84,"column":42},"end":{"line":84,"column":47}}],"line":84},"4":{"loc":{"start":{"line":94,"column":19},"end":{"line":94,"column":62}},"type":"binary-expr","locations":[{"start":{"line":94,"column":19},"end":{"line":94,"column":42}},{"start":{"line":94,"column":46},"end":{"line":94,"column":62}}],"line":94},"5":{"loc":{"start":{"line":114,"column":26},"end":{"line":114,"column":62}},"type":"binary-expr","locations":[{"start":{"line":114,"column":26},"end":{"line":114,"column":55}},{"start":{"line":114,"column":59},"end":{"line":114,"column":62}}],"line":114},"6":{"loc":{"start":{"line":122,"column":19},"end":{"line":122,"column":78}},"type":"cond-expr","locations":[{"start":{"line":122,"column":41},"end":{"line":122,"column":42}},{"start":{"line":122,"column":45},"end":{"line":122,"column":78}}],"line":122},"7":{"loc":{"start":{"line":154,"column":22},"end":{"line":154,"column":68}},"type":"binary-expr","locations":[{"start":{"line":154,"column":22},"end":{"line":154,"column":42}},{"start":{"line":154,"column":46},"end":{"line":154,"column":68}}],"line":154},"8":{"loc":{"start":{"line":182,"column":29},"end":{"line":182,"column":76}},"type":"cond-expr","locations":[{"start":{"line":182,"column":52},"end":{"line":182,"column":64}},{"start":{"line":182,"column":67},"end":{"line":182,"column":76}}],"line":182},"9":{"loc":{"start":{"line":183,"column":36},"end":{"line":183,"column":85}},"type":"binary-expr","locations":[{"start":{"line":183,"column":36},"end":{"line":183,"column":60}},{"start":{"line":183,"column":64},"end":{"line":183,"column":85}}],"line":183},"10":{"loc":{"start":{"line":198,"column":15},"end":{"line":198,"column":53}},"type":"cond-expr","locations":[{"start":{"line":198,"column":44},"end":{"line":198,"column":47}},{"start":{"line":198,"column":50},"end":{"line":198,"column":53}}],"line":198},"11":{"loc":{"start":{"line":214,"column":15},"end":{"line":214,"column":46}},"type":"binary-expr","locations":[{"start":{"line":214,"column":15},"end":{"line":214,"column":39}},{"start":{"line":214,"column":43},"end":{"line":214,"column":46}}],"line":214},"12":{"loc":{"start":{"line":224,"column":8},"end":{"line":233,"column":9}},"type":"if","locations":[{"start":{"line":224,"column":8},"end":{"line":233,"column":9}},{"start":{"line":229,"column":15},"end":{"line":233,"column":9}}],"line":224},"13":{"loc":{"start":{"line":229,"column":15},"end":{"line":233,"column":9}},"type":"if","locations":[{"start":{"line":229,"column":15},"end":{"line":233,"column":9}},{"start":{},"end":{}}],"line":229},"14":{"loc":{"start":{"line":236,"column":8},"end":{"line":240,"column":9}},"type":"if","locations":[{"start":{"line":236,"column":8},"end":{"line":240,"column":9}},{"start":{},"end":{}}],"line":236},"15":{"loc":{"start":{"line":244,"column":8},"end":{"line":251,"column":9}},"type":"if","locations":[{"start":{"line":244,"column":8},"end":{"line":251,"column":9}},{"start":{"line":248,"column":15},"end":{"line":251,"column":9}}],"line":244},"16":{"loc":{"start":{"line":254,"column":8},"end":{"line":257,"column":9}},"type":"if","locations":[{"start":{"line":254,"column":8},"end":{"line":257,"column":9}},{"start":{},"end":{}}],"line":254},"17":{"loc":{"start":{"line":268,"column":8},"end":{"line":271,"column":9}},"type":"if","locations":[{"start":{"line":268,"column":8},"end":{"line":271,"column":9}},{"start":{},"end":{}}],"line":268},"18":{"loc":{"start":{"line":273,"column":8},"end":{"line":276,"column":9}},"type":"if","locations":[{"start":{"line":273,"column":8},"end":{"line":276,"column":9}},{"start":{},"end":{}}],"line":273},"19":{"loc":{"start":{"line":278,"column":8},"end":{"line":282,"column":9}},"type":"if","locations":[{"start":{"line":278,"column":8},"end":{"line":282,"column":9}},{"start":{},"end":{}}],"line":278}},"s":{"0":5,"1":0,"2":0,"3":0,"4":0,"5":0,"6":0,"7":0,"8":0,"9":0,"10":0,"11":0,"12":0,"13":0,"14":0,"15":0,"16":0,"17":0,"18":0,"19":0,"20":0,"21":0,"22":0,"23":0,"24":0,"25":0,"26":0,"27":0,"28":0,"29":0,"30":0,"31":0,"32":0,"33":0,"34":0,"35":0,"36":0,"37":0,"38":0,"39":0,"40":0,"41":0,"42":0,"43":0,"44":0,"45":0,"46":0,"47":0,"48":0,"49":0,"50":0,"51":0,"52":0,"53":0,"54":0,"55":0,"56":0,"57":0,"58":0,"59":0,"60":0,"61":0,"62":0,"63":0,"64":0,"65":0,"66":0,"67":0,"68":0,"69":0,"70":0,"71":0,"72":0,"73":0,"74":0,"75":0,"76":0,"77":0,"78":0,"79":0,"80":0,"81":0,"82":0,"83":0,"84":0,"85":0,"86":5},"f":{"0":5,"1":0,"2":0,"3":0,"4":0,"5":0,"6":0,"7":0,"8":0,"9":0,"10":0,"11":0,"12":0,"13":0,"14":0},"b":{"0":[0],"1":[0],"2":[0],"3":[0],"4":[0,0],"5":[0,0],"6":[0,0],"7":[0,0],"8":[0,0],"9":[0,0],"10":[0,0],"11":[0,0],"12":[0,0],"13":[0,0],"14":[0,0],"15":[0,0],"16":[0,0],"17":[0,0],"18":[0,0],"19":[0,0]},"_coverageSchema":"1a1c01bbd47fc00a2c39e90264f33305004495a9","hash":"09226bf8ddaaad5c63a2ed038dc828efff5e7184"}
,"D:\\P.P\\WanderLust\\services\\weatherService.js": {"path":"D:\\P.P\\WanderLust\\services\\weatherService.js","statementMap":{"0":{"start":{"line":7,"column":8},"end":{"line":7,"column":64}},"1":{"start":{"line":8,"column":8},"end":{"line":8,"column":65}},"2":{"start":{"line":9,"column":8},"end":{"line":9,"column":31}},"3":{"start":{"line":10,"column":8},"end":{"line":10,"column":43}},"4":{"start":{"line":14,"column":25},"end":{"line":14,"column":48}},"5":{"start":{"line":15,"column":23},"end":{"line":15,"column":47}},"6":{"start":{"line":17,"column":8},"end":{"line":19,"column":9}},"7":{"start":{"line":18,"column":12},"end":{"line":18,"column":31}},"8":{"start":{"line":21,"column":8},"end":{"line":45,"column":9}},"9":{"start":{"line":22,"column":24},"end":{"line":22,"column":105}},"10":{"start":{"line":23,"column":29},"end":{"line":23,"column":45}},"11":{"start":{"line":24,"column":25},"end":{"line":24,"column":46}},"12":{"start":{"line":26,"column":32},"end":{"line":34,"column":13}},"13":{"start":{"line":36,"column":12},"end":{"line":39,"column":15}},"14":{"start":{"line":41,"column":12},"end":{"line":41,"column":31}},"15":{"start":{"line":43,"column":12},"end":{"line":43,"column":63}},"16":{"start":{"line":44,"column":12},"end":{"line":44,"column":45}},"17":{"start":{"line":49,"column":25},"end":{"line":49,"column":49}},"18":{"start":{"line":50,"column":23},"end":{"line":50,"column":47}},"19":{"start":{"line":52,"column":8},"end":{"line":54,"column":9}},"20":{"start":{"line":53,"column":12},"end":{"line":53,"column":31}},"21":{"start":{"line":56,"column":8},"end":{"line":78,"column":9}},"22":{"start":{"line":57,"column":24},"end":{"line":57,"column":106}},"23":{"start":{"line":58,"column":29},"end":{"line":58,"column":45}},"24":{"start":{"line":59,"column":25},"end":{"line":59,"column":46}},"25":{"start":{"line":61,"column":29},"end":{"line":67,"column":15}},"26":{"start":{"line":61,"column":64},"end":{"line":67,"column":13}},"27":{"start":{"line":69,"column":12},"end":{"line":72,"column":15}},"28":{"start":{"line":74,"column":12},"end":{"line":74,"column":28}},"29":{"start":{"line":76,"column":12},"end":{"line":76,"column":64}},"30":{"start":{"line":77,"column":12},"end":{"line":77,"column":22}},"31":{"start":{"line":82,"column":29},"end":{"line":94,"column":9}},"32":{"start":{"line":96,"column":27},"end":{"line":96,"column":62}},"33":{"start":{"line":97,"column":8},"end":{"line":97,"column":67}},"34":{"start":{"line":101,"column":8},"end":{"line":109,"column":10}},"35":{"start":{"line":113,"column":24},"end":{"line":123,"column":9}},"36":{"start":{"line":124,"column":8},"end":{"line":124,"column":42}},"37":{"start":{"line":128,"column":0},"end":{"line":128,"column":38}}},"fnMap":{"0":{"name":"(anonymous_0)","decl":{"start":{"line":6,"column":4},"end":{"line":6,"column":5}},"loc":{"start":{"line":6,"column":18},"end":{"line":11,"column":5}},"line":6},"1":{"name":"(anonymous_1)","decl":{"start":{"line":13,"column":4},"end":{"line":13,"column":5}},"loc":{"start":{"line":13,"column":38},"end":{"line":46,"column":5}},"line":13},"2":{"name":"(anonymous_2)","decl":{"start":{"line":48,"column":4},"end":{"line":48,"column":5}},"loc":{"start":{"line":48,"column":32},"end":{"line":79,"column":5}},"line":48},"3":{"name":"(anonymous_3)","decl":{"start":{"line":61,"column":55},"end":{"line":61,"column":56}},"loc":{"start":{"line":61,"column":64},"end":{"line":67,"column":13}},"line":61},"4":{"name":"(anonymous_4)","decl":{"start":{"line":81,"column":4},"end":{"line":81,"column":5}},"loc":{"start":{"line":81,"column":42},"end":{"line":98,"column":5}},"line":81},"5":{"name":"(anonymous_5)","decl":{"start":{"line":100,"column":4},"end":{"line":100,"column":5}},"loc":{"start":{"line":100,"column":25},"end":{"line":110,"column":5}},"line":100},"6":{"name":"(anonymous_6)","decl":{"start":{"line":112,"column":4},"end":{"line":112,"column":5}},"loc":{"start":{"line":112,"column":29},"end":{"line":125,"column":5}},"line":112}},"branchMap":{"0":{"loc":{"start":{"line":7,"column":22},"end":{"line":7,"column":63}},"type":"binary-expr","locations":[{"start":{"line":7,"column":22},"end":{"line":7,"column":49}},{"start":{"line":7,"column":53},"end":{"line":7,"column":63}}],"line":7},"1":{"loc":{"start":{"line":17,"column":8},"end":{"line":19,"column":9}},"type":"if","locations":[{"start":{"line":17,"column":8},"end":{"line":19,"column":9}},{"start":{},"end":{}}],"line":17},"2":{"loc":{"start":{"line":17,"column":12},"end":{"line":17,"column":71}},"type":"binary-expr","locations":[{"start":{"line":17,"column":12},"end":{"line":17,"column":18}},{"start":{"line":17,"column":22},"end":{"line":17,"column":71}}],"line":17},"3":{"loc":{"start":{"line":33,"column":27},"end":{"line":33,"column":48}},"type":"binary-expr","locations":[{"start":{"line":33,"column":27},"end":{"line":33,"column":43}},{"start":{"line":33,"column":47},"end":{"line":33,"column":48}}],"line":33},"4":{"loc":{"start":{"line":52,"column":8},"end":{"line":54,"column":9}},"type":"if","locations":[{"start":{"line":52,"column":8},"end":{"line":54,"column":9}},{"start":{},"end":{}}],"line":52},"5":{"loc":{"start":{"line":52,"column":12},"end":{"line":52,"column":71}},"type":"binary-expr","locations":[{"start":{"line":52,"column":12},"end":{"line":52,"column":18}},{"start":{"line":52,"column":22},"end":{"line":52,"column":71}}],"line":52},"6":{"loc":{"start":{"line":96,"column":27},"end":{"line":96,"column":62}},"type":"binary-expr","locations":[{"start":{"line":96,"column":27},"end":{"line":96,"column":49}},{"start":{"line":96,"column":53},"end":{"line":96,"column":62}}],"line":96},"7":{"loc":{"start":{"line":97,"column":15},"end":{"line":97,"column":66}},"type":"binary-expr","locations":[{"start":{"line":97,"column":15},"end":{"line":97,"column":39}},{"start":{"line":97,"column":43},"end":{"line":97,"column":66}}],"line":97},"8":{"loc":{"start":{"line":124,"column":15},"end":{"line":124,"column":41}},"type":"binary-expr","locations":[{"start":{"line":124,"column":15},"end":{"line":124,"column":32}},{"start":{"line":124,"column":36},"end":{"line":124,"column":41}}],"line":124}},"s":{"0":5,"1":5,"2":5,"3":5,"4":0,"5":0,"6":0,"7":0,"8":0,"9":0,"10":0,"11":0,"12":0,"13":0,"14":0,"15":0,"16":0,"17":0,"18":0,"19":0,"20":0,"21":0,"22":0,"23":0,"24":0,"25":0,"26":0,"27":0,"28":0,"29":0,"30":0,"31":0,"32":0,"33":0,"34":0,"35":0,"36":0,"37":5},"f":{"0":5,"1":0,"2":0,"3":0,"4":0,"5":0,"6":0},"b":{"0":[5,5],"1":[0,0],"2":[0,0],"3":[0,0],"4":[0,0],"5":[0,0],"6":[0,0],"7":[0,0],"8":[0,0]},"_coverageSchema":"1a1c01bbd47fc00a2c39e90264f33305004495a9","hash":"bcc78a76362654089e34ae9cbdd288ff4b8a81fa"}
,"D:\\P.P\\WanderLust\\utils\\ExpressError.js": {"path":"D:\\P.P\\WanderLust\\utils\\ExpressError.js","statementMap":{"0":{"start":{"line":3,"column":8},"end":{"line":3,"column":16}},"1":{"start":{"line":4,"column":8},"end":{"line":4,"column":37}},"2":{"start":{"line":5,"column":8},"end":{"line":5,"column":31}},"3":{"start":{"line":9,"column":0},"end":{"line":9,"column":30}}},"fnMap":{"0":{"name":"(anonymous_0)","decl":{"start":{"line":2,"column":4},"end":{"line":2,"column":5}},"loc":{"start":{"line":2,"column":37},"end":{"line":6,"column":5}},"line":2}},"branchMap":{},"s":{"0":4,"1":4,"2":4,"3":6},"f":{"0":4},"b":{},"_coverageSchema":"1a1c01bbd47fc00a2c39e90264f33305004495a9","hash":"9ffee5b08e1fb4c577abc7a904c2cf029b1fc819"}
,"D:\\P.P\\WanderLust\\utils\\phrases.js": {"path":"D:\\P.P\\WanderLust\\utils\\phrases.js","statementMap":{"0":{"start":{"line":1,"column":16},"end":{"line":191,"column":1}},"1":{"start":{"line":193,"column":0},"end":{"line":193,"column":25}}},"fnMap":{},"branchMap":{},"s":{"0":5,"1":5},"f":{},"b":{},"_coverageSchema":"1a1c01bbd47fc00a2c39e90264f33305004495a9","hash":"674f16913a56560848754bed648650b9dd119885"}
,"D:\\P.P\\WanderLust\\utils\\updateCoordinates.js": {"path":"D:\\P.P\\WanderLust\\utils\\updateCoordinates.js","statementMap":{"0":{"start":{"line":1,"column":17},"end":{"line":1,"column":36}},"1":{"start":{"line":2,"column":16},"end":{"line":2,"column":44}},"2":{"start":{"line":3,"column":0},"end":{"line":3,"column":27}},"3":{"start":{"line":6,"column":27},"end":{"line":26,"column":1}},"4":{"start":{"line":29,"column":24},"end":{"line":57,"column":1}},"5":{"start":{"line":60,"column":2},"end":{"line":105,"column":3}},"6":{"start":{"line":62,"column":4},"end":{"line":65,"column":5}},"7":{"start":{"line":63,"column":6},"end":{"line":63,"column":55}},"8":{"start":{"line":64,"column":6},"end":{"line":64,"column":44}},"9":{"start":{"line":67,"column":21},"end":{"line":67,"column":43}},"10":{"start":{"line":68,"column":22},"end":{"line":68,"column":23}},"11":{"start":{"line":70,"column":4},"end":{"line":94,"column":5}},"12":{"start":{"line":71,"column":24},"end":{"line":71,"column":42}},"13":{"start":{"line":74,"column":26},"end":{"line":74,"column":64}},"14":{"start":{"line":75,"column":6},"end":{"line":83,"column":7}},"15":{"start":{"line":76,"column":8},"end":{"line":76,"column":51}},"16":{"start":{"line":79,"column":27},"end":{"line":79,"column":64}},"17":{"start":{"line":80,"column":8},"end":{"line":82,"column":9}},"18":{"start":{"line":81,"column":10},"end":{"line":81,"column":55}},"19":{"start":{"line":86,"column":6},"end":{"line":91,"column":9}},"20":{"start":{"line":93,"column":6},"end":{"line":93,"column":20}},"21":{"start":{"line":96,"column":4},"end":{"line":96,"column":69}},"22":{"start":{"line":98,"column":4},"end":{"line":98,"column":58}},"23":{"start":{"line":101,"column":4},"end":{"line":104,"column":5}},"24":{"start":{"line":102,"column":6},"end":{"line":102,"column":34}},"25":{"start":{"line":103,"column":6},"end":{"line":103,"column":49}},"26":{"start":{"line":108,"column":0},"end":{"line":108,"column":46}},"27":{"start":{"line":111,"column":0},"end":{"line":120,"column":1}},"28":{"start":{"line":112,"column":2},"end":{"line":112,"column":58}},"29":{"start":{"line":113,"column":2},"end":{"line":119,"column":5}},"30":{"start":{"line":114,"column":4},"end":{"line":114,"column":74}},"31":{"start":{"line":115,"column":4},"end":{"line":115,"column":20}},"32":{"start":{"line":117,"column":4},"end":{"line":117,"column":43}},"33":{"start":{"line":118,"column":4},"end":{"line":118,"column":20}}},"fnMap":{"0":{"name":"updateListingCoordinates","decl":{"start":{"line":59,"column":15},"end":{"line":59,"column":39}},"loc":{"start":{"line":59,"column":66},"end":{"line":106,"column":1}},"line":59},"1":{"name":"(anonymous_1)","decl":{"start":{"line":113,"column":38},"end":{"line":113,"column":39}},"loc":{"start":{"line":113,"column":44},"end":{"line":116,"column":3}},"line":113},"2":{"name":"(anonymous_2)","decl":{"start":{"line":116,"column":11},"end":{"line":116,"column":12}},"loc":{"start":{"line":116,"column":18},"end":{"line":119,"column":3}},"line":116}},"branchMap":{"0":{"loc":{"start":{"line":59,"column":40},"end":{"line":59,"column":64}},"type":"default-arg","locations":[{"start":{"line":59,"column":59},"end":{"line":59,"column":64}}],"line":59},"1":{"loc":{"start":{"line":62,"column":4},"end":{"line":65,"column":5}},"type":"if","locations":[{"start":{"line":62,"column":4},"end":{"line":65,"column":5}},{"start":{},"end":{}}],"line":62},"2":{"loc":{"start":{"line":74,"column":27},"end":{"line":74,"column":49}},"type":"binary-expr","locations":[{"start":{"line":74,"column":27},"end":{"line":74,"column":43}},{"start":{"line":74,"column":47},"end":{"line":74,"column":49}}],"line":74},"3":{"loc":{"start":{"line":75,"column":6},"end":{"line":83,"column":7}},"type":"if","locations":[{"start":{"line":75,"column":6},"end":{"line":83,"column":7}},{"start":{"line":77,"column":13},"end":{"line":83,"column":7}}],"line":75},"4":{"loc":{"start":{"line":79,"column":28},"end":{"line":79,"column":49}},"type":"binary-expr","locations":[{"start":{"line":79,"column":28},"end":{"line":79,"column":43}},{"start":{"line":79,"column":47},"end":{"line":79,"column":49}}],"line":79},"5":{"loc":{"start":{"line":80,"column":8},"end":{"line":82,"column":9}},"type":"if","locations":[{"start":{"line":80,"column":8},"end":{"line":82,"column":9}},{"start":{},"end":{}}],"line":80},"6":{"loc":{"start":{"line":101,"column":4},"end":{"line":104,"column":5}},"type":"if","locations":[{"start":{"line":101,"column":4},"end":{"line":104,"column":5}},{"start":{},"end":{}}],"line":101},"7":{"loc":{"start":{"line":111,"column":0},"end":{"line":120,"column":1}},"type":"if","locations":[{"start":{"line":111,"column":0},"end":{"line":120,"column":1}},{"start":{},"end":{}}],"line":111}},"s":{"0":5,"1":5,"2":5,"3":5,"4":5,"5":0,"6":0,"7":0,"8":0,"9":0,"10":0,"11":0,"12":0,"13":0,"14":0,"15":0,"16":0,"17":0,"18":0,"19":0,"20":0,"21":0,"22":0,"23":0,"24":0,"25":0,"26":5,"27":5,"28":0,"29":0,"30":0,"31":0,"32":0,"33":0},"f":{"0":0,"1":0,"2":0},"b":{"0":[0],"1":[0,0],"2":[0,0],"3":[0,0],"4":[0,0],"5":[0,0],"6":[0,0],"7":[0,5]},"_coverageSchema":"1a1c01bbd47fc00a2c39e90264f33305004495a9","hash":"91bfa8eba9304f6d4831cab43671dbc907fc6dc7"}
,"D:\\P.P\\WanderLust\\utils\\wrapAsync.js": {"path":"D:\\P.P\\WanderLust\\utils\\wrapAsync.js","statementMap":{"0":{"start":{"line":1,"column":0},"end":{"line":5,"column":1}},"1":{"start":{"line":2,"column":4},"end":{"line":4,"column":5}},"2":{"start":{"line":3,"column":8},"end":{"line":3,"column":39}}},"fnMap":{"0":{"name":"(anonymous_0)","decl":{"start":{"line":1,"column":17},"end":{"line":1,"column":18}},"loc":{"start":{"line":1,"column":25},"end":{"line":5,"column":1}},"line":1},"1":{"name":"(anonymous_1)","decl":{"start":{"line":2,"column":11},"end":{"line":2,"column":12}},"loc":{"start":{"line":2,"column":31},"end":{"line":4,"column":5}},"line":2}},"branchMap":{},"s":{"0":6,"1":188,"2":12},"f":{"0":188,"1":12},"b":{},"_coverageSchema":"1a1c01bbd47fc00a2c39e90264f33305004495a9","hash":"478e4384126dc0392604e7f7e84886bcf3fa4de4"}
}
