TN:
SF:app.js
FN:7,(anonymous_0)
FN:77,(anonymous_1)
FN:80,(anonymous_2)
FN:83,main
FN:174,(anonymous_4)
FN:190,(anonymous_5)
FN:216,(anonymous_6)
FN:232,(anonymous_7)
FN:241,(anonymous_8)
FN:247,(anonymous_9)
FN:261,(anonymous_10)
FN:266,(anonymous_11)
FN:307,(anonymous_12)
FN:313,(anonymous_13)
FN:317,(anonymous_14)
FN:322,(anonymous_15)
FN:336,(anonymous_16)
FN:350,(anonymous_17)
FN:354,(anonymous_18)
FN:373,(anonymous_19)
FN:377,(anonymous_20)
FN:385,(anonymous_21)
FN:396,(anonymous_22)
FN:400,(anonymous_23)
FN:408,(anonymous_24)
FN:414,(anonymous_25)
FN:426,(anonymous_26)
FN:431,(anonymous_27)
FNF:28
FNH:0
FNDA:0,(anonymous_0)
FNDA:0,(anonymous_1)
FNDA:0,(anonymous_2)
FNDA:0,main
FNDA:0,(anonymous_4)
FNDA:0,(anonymous_5)
FNDA:0,(anonymous_6)
FNDA:0,(anonymous_7)
FNDA:0,(anonymous_8)
FNDA:0,(anonymous_9)
FNDA:0,(anonymous_10)
FNDA:0,(anonymous_11)
FNDA:0,(anonymous_12)
FNDA:0,(anonymous_13)
FNDA:0,(anonymous_14)
FNDA:0,(anonymous_15)
FNDA:0,(anonymous_16)
FNDA:0,(anonymous_17)
FNDA:0,(anonymous_18)
FNDA:0,(anonymous_19)
FNDA:0,(anonymous_20)
FNDA:0,(anonymous_21)
FNDA:0,(anonymous_22)
FNDA:0,(anonymous_23)
FNDA:0,(anonymous_24)
FNDA:0,(anonymous_25)
FNDA:0,(anonymous_26)
FNDA:0,(anonymous_27)
DA:1,0
DA:2,0
DA:6,0
DA:7,0
DA:8,0
DA:9,0
DA:11,0
DA:16,0
DA:17,0
DA:18,0
DA:19,0
DA:23,0
DA:24,0
DA:25,0
DA:27,0
DA:28,0
DA:29,0
DA:32,0
DA:33,0
DA:34,0
DA:35,0
DA:36,0
DA:37,0
DA:38,0
DA:39,0
DA:40,0
DA:41,0
DA:42,0
DA:43,0
DA:44,0
DA:45,0
DA:46,0
DA:47,0
DA:48,0
DA:49,0
DA:50,0
DA:51,0
DA:53,0
DA:54,0
DA:55,0
DA:56,0
DA:57,0
DA:58,0
DA:59,0
DA:60,0
DA:61,0
DA:63,0
DA:64,0
DA:65,0
DA:66,0
DA:68,0
DA:71,0
DA:72,0
DA:73,0
DA:76,0
DA:81,0
DA:84,0
DA:85,0
DA:92,0
DA:95,0
DA:96,0
DA:97,0
DA:99,0
DA:100,0
DA:104,0
DA:105,0
DA:108,0
DA:126,0
DA:141,0
DA:164,0
DA:166,0
DA:167,0
DA:168,0
DA:169,0
DA:170,0
DA:173,0
DA:174,0
DA:175,0
DA:176,0
DA:178,0
DA:182,0
DA:190,0
DA:191,0
DA:194,0
DA:206,0
DA:207,0
DA:209,0
DA:210,0
DA:211,0
DA:213,0
DA:214,0
DA:216,0
DA:217,0
DA:218,0
DA:219,0
DA:220,0
DA:223,0
DA:224,0
DA:225,0
DA:227,0
DA:228,0
DA:232,0
DA:233,0
DA:234,0
DA:235,0
DA:236,0
DA:240,0
DA:241,0
DA:243,0
DA:247,0
DA:248,0
DA:249,0
DA:250,0
DA:251,0
DA:252,0
DA:255,0
DA:257,0
DA:261,0
DA:262,0
DA:263,0
DA:264,0
DA:265,0
DA:266,0
DA:267,0
DA:268,0
DA:270,0
DA:271,0
DA:272,0
DA:273,0
DA:275,0
DA:276,0
DA:277,0
DA:282,0
DA:288,0
DA:292,0
DA:293,0
DA:294,0
DA:295,0
DA:296,0
DA:297,0
DA:298,0
DA:299,0
DA:300,0
DA:301,0
DA:302,0
DA:303,0
DA:304,0
DA:305,0
DA:306,0
DA:307,0
DA:308,0
DA:313,0
DA:314,0
DA:317,0
DA:318,0
DA:322,0
DA:323,0
DA:324,0
DA:325,0
DA:327,0
DA:332,0
DA:333,0
DA:336,0
DA:337,0
DA:338,0
DA:339,0
DA:341,0
DA:342,0
DA:345,0
DA:350,0
DA:351,0
DA:352,0
DA:353,0
DA:354,0
DA:355,0
DA:356,0
DA:357,0
DA:358,0
DA:360,0
DA:364,0
DA:367,0
DA:373,0
DA:374,0
DA:377,0
DA:378,0
DA:379,0
DA:384,0
DA:385,0
DA:386,0
DA:387,0
DA:388,0
DA:389,0
DA:391,0
DA:396,0
DA:397,0
DA:400,0
DA:401,0
DA:402,0
DA:403,0
DA:408,0
DA:410,0
DA:411,0
DA:414,0
DA:415,0
DA:420,0
DA:422,0
DA:424,0
DA:426,0
DA:427,0
DA:428,0
DA:429,0
DA:430,0
DA:432,0
DA:433,0
DA:434,0
DA:435,0
DA:436,0
DA:437,0
DA:438,0
DA:440,0
DA:444,0
LF:221
LH:0
BRDA:1,0,0,0
BRDA:1,0,1,0
BRDA:8,1,0,0
BRDA:8,1,1,0
BRDA:8,2,0,0
BRDA:8,2,1,0
BRDA:16,3,0,0
BRDA:16,3,1,0
BRDA:23,4,0,0
BRDA:23,4,1,0
BRDA:23,5,0,0
BRDA:23,5,1,0
BRDA:23,5,2,0
BRDA:27,6,0,0
BRDA:27,6,1,0
BRDA:28,7,0,0
BRDA:28,7,1,0
BRDA:29,8,0,0
BRDA:29,8,1,0
BRDA:64,9,0,0
BRDA:64,9,1,0
BRDA:68,10,0,0
BRDA:68,10,1,0
BRDA:71,11,0,0
BRDA:71,11,1,0
BRDA:86,12,0,0
BRDA:86,12,1,0
BRDA:173,13,0,0
BRDA:173,13,1,0
BRDA:175,14,0,0
BRDA:175,14,1,0
BRDA:175,15,0,0
BRDA:175,15,1,0
BRDA:220,16,0,0
BRDA:220,16,1,0
BRDA:223,17,0,0
BRDA:223,17,1,0
BRDA:249,18,0,0
BRDA:249,18,1,0
BRDA:249,19,0,0
BRDA:249,19,1,0
BRDA:249,19,2,0
BRDA:249,19,3,0
BRDA:249,19,4,0
BRDA:255,20,0,0
BRDA:255,20,1,0
BRDA:255,21,0,0
BRDA:255,21,1,0
BRDA:263,22,0,0
BRDA:263,22,1,0
BRDA:263,23,0,0
BRDA:263,23,1,0
BRDA:269,24,0,0
BRDA:269,24,1,0
BRDA:271,25,0,0
BRDA:271,25,1,0
BRDA:272,26,0,0
BRDA:272,26,1,0
BRDA:275,27,0,0
BRDA:275,27,1,0
BRDA:325,28,0,0
BRDA:325,28,1,0
BRDA:337,29,0,0
BRDA:337,29,1,0
BRDA:353,30,0,0
BRDA:353,30,1,0
BRDA:355,31,0,0
BRDA:355,31,1,0
BRDA:355,32,0,0
BRDA:355,32,1,0
BRDA:356,33,0,0
BRDA:356,33,1,0
BRDA:357,34,0,0
BRDA:357,34,1,0
BRDA:378,35,0,0
BRDA:378,36,0,0
BRDA:401,37,0,0
BRDA:401,37,1,0
BRDA:424,38,0,0
BRDA:424,38,1,0
BRDA:432,39,0,0
BRDA:432,39,1,0
BRF:82
BRH:0
end_of_record
TN:
SF:cloudConfig.js
FNF:0
FNH:0
DA:1,0
DA:2,0
DA:5,0
DA:6,0
DA:7,0
DA:10,0
DA:16,0
DA:24,0
LF:8
LH:0
BRDA:5,0,0,0
BRDA:5,0,1,0
BRDA:5,1,0,0
BRDA:5,1,1,0
BRDA:5,1,2,0
BRDA:11,2,0,0
BRDA:11,2,1,0
BRDA:12,3,0,0
BRDA:12,3,1,0
BRDA:13,4,0,0
BRDA:13,4,1,0
BRF:11
BRH:0
end_of_record
TN:
SF:middleware.js
FN:5,(anonymous_0)
FN:14,(anonymous_1)
FN:21,(anonymous_2)
FN:31,(anonymous_3)
FN:34,(anonymous_4)
FN:41,(anonymous_5)
FN:44,(anonymous_6)
FN:51,(anonymous_7)
FN:62,(anonymous_8)
FNF:9
FNH:0
FNDA:0,(anonymous_0)
FNDA:0,(anonymous_1)
FNDA:0,(anonymous_2)
FNDA:0,(anonymous_3)
FNDA:0,(anonymous_4)
FNDA:0,(anonymous_5)
FNDA:0,(anonymous_6)
FNDA:0,(anonymous_7)
FNDA:0,(anonymous_8)
DA:1,0
DA:2,0
DA:3,0
DA:4,0
DA:5,0
DA:6,0
DA:7,0
DA:8,0
DA:9,0
DA:11,0
DA:14,0
DA:15,0
DA:16,0
DA:18,0
DA:21,0
DA:22,0
DA:23,0
DA:24,0
DA:25,0
DA:26,0
DA:28,0
DA:31,0
DA:32,0
DA:33,0
DA:34,0
DA:35,0
DA:37,0
DA:41,0
DA:42,0
DA:43,0
DA:44,0
DA:45,0
DA:47,0
DA:51,0
DA:52,0
DA:53,0
DA:54,0
DA:55,0
DA:56,0
DA:58,0
DA:62,0
DA:63,0
DA:64,0
DA:65,0
DA:66,0
DA:68,0
DA:69,0
DA:70,0
DA:73,0
DA:77,0
LF:50
LH:0
BRDA:6,0,0,0
BRDA:6,0,1,0
BRDA:15,1,0,0
BRDA:15,1,1,0
BRDA:24,2,0,0
BRDA:24,2,1,0
BRDA:33,3,0,0
BRDA:33,3,1,0
BRDA:43,4,0,0
BRDA:43,4,1,0
BRDA:54,5,0,0
BRDA:54,5,1,0
BRDA:63,6,0,0
BRDA:63,6,1,0
BRDA:68,7,0,0
BRDA:68,7,1,0
BRDA:68,8,0,0
BRDA:68,8,1,0
BRF:18
BRH:0
end_of_record
TN:
SF:playwright.config.js
FNF:0
FNH:0
DA:1,0
DA:3,0
LF:2
LH:0
BRF:0
BRH:0
end_of_record
TN:
SF:postcss.config.js
FNF:0
FNH:0
DA:1,0
LF:1
LH:0
BRF:0
BRH:0
end_of_record
TN:
SF:schema.js
FNF:0
FNH:0
DA:1,0
DA:3,0
DA:14,0
LF:3
LH:0
BRF:0
BRH:0
end_of_record
TN:
SF:tailwind.config.js
FNF:0
FNH:0
DA:2,0
LF:1
LH:0
BRF:0
BRH:0
end_of_record
TN:
SF:config\passport.js
FN:10,(anonymous_0)
FNF:1
FNH:0
FNDA:0,(anonymous_0)
DA:1,0
DA:2,0
DA:3,0
DA:6,0
DA:11,0
DA:13,0
DA:15,0
DA:16,0
DA:20,0
DA:22,0
DA:24,0
DA:25,0
DA:26,0
DA:27,0
DA:28,0
DA:32,0
DA:40,0
DA:41,0
DA:43,0
DA:47,0
LF:20
LH:0
BRDA:7,0,0,0
BRDA:7,0,1,0
BRDA:8,1,0,0
BRDA:8,1,1,0
BRDA:15,2,0,0
BRDA:15,2,1,0
BRDA:22,3,0,0
BRDA:22,3,1,0
BRDA:26,4,0,0
BRDA:26,4,1,0
BRDA:36,5,0,0
BRDA:36,5,1,0
BRF:12
BRH:0
end_of_record
TN:
SF:controllers\listings.js
FN:49,(anonymous_0)
FN:55,(anonymous_1)
FN:66,(anonymous_2)
FN:77,(anonymous_3)
FN:107,(anonymous_4)
FN:137,(anonymous_5)
FN:149,(anonymous_6)
FN:171,(anonymous_7)
FN:218,(anonymous_8)
FN:220,(anonymous_9)
FN:223,(anonymous_10)
FN:225,(anonymous_11)
FN:228,(anonymous_12)
FN:230,(anonymous_13)
FN:245,(anonymous_14)
FN:357,(anonymous_15)
FN:388,(anonymous_16)
FN:395,(anonymous_17)
FN:494,(anonymous_18)
FN:506,(anonymous_19)
FN:507,(anonymous_20)
FN:556,(anonymous_21)
FN:557,(anonymous_22)
FN:570,(anonymous_23)
FN:623,(anonymous_24)
FN:649,(anonymous_25)
FN:704,(anonymous_26)
FN:726,(anonymous_27)
FN:763,(anonymous_28)
FNF:29
FNH:0
FNDA:0,(anonymous_0)
FNDA:0,(anonymous_1)
FNDA:0,(anonymous_2)
FNDA:0,(anonymous_3)
FNDA:0,(anonymous_4)
FNDA:0,(anonymous_5)
FNDA:0,(anonymous_6)
FNDA:0,(anonymous_7)
FNDA:0,(anonymous_8)
FNDA:0,(anonymous_9)
FNDA:0,(anonymous_10)
FNDA:0,(anonymous_11)
FNDA:0,(anonymous_12)
FNDA:0,(anonymous_13)
FNDA:0,(anonymous_14)
FNDA:0,(anonymous_15)
FNDA:0,(anonymous_16)
FNDA:0,(anonymous_17)
FNDA:0,(anonymous_18)
FNDA:0,(anonymous_19)
FNDA:0,(anonymous_20)
FNDA:0,(anonymous_21)
FNDA:0,(anonymous_22)
FNDA:0,(anonymous_23)
FNDA:0,(anonymous_24)
FNDA:0,(anonymous_25)
FNDA:0,(anonymous_26)
FNDA:0,(anonymous_27)
FNDA:0,(anonymous_28)
DA:1,0
DA:2,0
DA:3,0
DA:4,0
DA:5,0
DA:8,0
DA:11,0
DA:12,0
DA:15,0
DA:16,0
DA:17,0
DA:20,0
DA:49,0
DA:50,0
DA:51,0
DA:55,0
DA:56,0
DA:57,0
DA:58,0
DA:60,0
DA:61,0
DA:62,0
DA:65,0
DA:66,0
DA:67,0
DA:70,0
DA:71,0
DA:73,0
DA:77,0
DA:78,0
DA:79,0
DA:82,0
DA:83,0
DA:90,0
DA:91,0
DA:94,0
DA:97,0
DA:107,0
DA:108,0
DA:109,0
DA:110,0
DA:111,0
DA:114,0
DA:115,0
DA:119,0
DA:120,0
DA:121,0
DA:122,0
DA:123,0
DA:132,0
DA:137,0
DA:138,0
DA:142,0
DA:143,0
DA:150,0
DA:154,0
DA:163,0
DA:164,0
DA:171,0
DA:172,0
DA:173,0
DA:175,0
DA:176,0
DA:180,0
DA:211,0
DA:212,0
DA:213,0
DA:214,0
DA:217,0
DA:218,0
DA:220,0
DA:222,0
DA:223,0
DA:225,0
DA:227,0
DA:228,0
DA:230,0
DA:232,0
DA:235,0
DA:237,0
DA:238,0
DA:245,0
DA:246,0
DA:248,0
DA:249,0
DA:250,0
DA:263,0
DA:266,0
DA:269,0
DA:271,0
DA:272,0
DA:273,0
DA:281,0
DA:282,0
DA:284,0
DA:285,0
DA:286,0
DA:287,0
DA:290,0
DA:291,0
DA:295,0
DA:305,0
DA:325,0
DA:326,0
DA:332,0
DA:333,0
DA:334,0
DA:337,0
DA:345,0
DA:348,0
DA:349,0
DA:350,0
DA:353,0
DA:356,0
DA:357,0
DA:358,0
DA:359,0
DA:361,0
DA:362,0
DA:363,0
DA:364,0
DA:367,0
DA:380,0
DA:381,0
DA:388,0
DA:389,0
DA:395,0
DA:396,0
DA:397,0
DA:400,0
DA:401,0
DA:402,0
DA:403,0
DA:407,0
DA:415,0
DA:416,0
DA:417,0
DA:418,0
DA:422,0
DA:423,0
DA:424,0
DA:428,0
DA:432,0
DA:435,0
DA:436,0
DA:437,0
DA:438,0
DA:441,0
DA:446,0
DA:448,0
DA:449,0
DA:454,0
DA:455,0
DA:456,0
DA:458,0
DA:459,0
DA:460,0
DA:461,0
DA:465,0
DA:467,0
DA:472,0
DA:475,0
DA:486,0
DA:487,0
DA:494,0
DA:495,0
DA:497,0
DA:498,0
DA:500,0
DA:505,0
DA:506,0
DA:507,0
DA:510,0
DA:511,0
DA:518,0
DA:519,0
DA:523,0
DA:529,0
DA:530,0
DA:534,0
DA:538,0
DA:539,0
DA:543,0
DA:547,0
DA:548,0
DA:552,0
DA:556,0
DA:557,0
DA:560,0
DA:562,0
DA:563,0
DA:570,0
DA:571,0
DA:572,0
DA:575,0
DA:576,0
DA:577,0
DA:581,0
DA:584,0
DA:585,0
DA:588,0
DA:589,0
DA:596,0
DA:597,0
DA:598,0
DA:600,0
DA:601,0
DA:605,0
DA:608,0
DA:610,0
DA:611,0
DA:612,0
DA:614,0
DA:615,0
DA:616,0
DA:623,0
DA:624,0
DA:625,0
DA:626,0
DA:628,0
DA:629,0
DA:630,0
DA:634,0
DA:635,0
DA:636,0
DA:639,0
DA:641,0
DA:642,0
DA:649,0
DA:650,0
DA:651,0
DA:652,0
DA:655,0
DA:656,0
DA:657,0
DA:658,0
DA:662,0
DA:665,0
DA:666,0
DA:673,0
DA:674,0
DA:676,0
DA:677,0
DA:678,0
DA:679,0
DA:680,0
DA:681,0
DA:685,0
DA:689,0
DA:691,0
DA:692,0
DA:693,0
DA:695,0
DA:696,0
DA:697,0
DA:704,0
DA:705,0
DA:706,0
DA:707,0
DA:709,0
DA:710,0
DA:711,0
DA:714,0
DA:715,0
DA:716,0
DA:718,0
DA:719,0
DA:726,0
DA:727,0
DA:728,0
DA:729,0
DA:732,0
DA:733,0
DA:735,0
DA:736,0
DA:737,0
DA:741,0
DA:742,0
DA:743,0
DA:747,0
DA:752,0
DA:753,0
DA:755,0
DA:756,0
DA:763,0
DA:764,0
DA:765,0
DA:766,0
DA:769,0
DA:774,0
DA:775,0
DA:777,0
DA:778,0
LF:293
LH:0
BRDA:17,0,0,0
BRDA:17,0,1,0
BRDA:50,1,0,0
BRDA:50,1,1,0
BRDA:51,2,0,0
BRDA:51,2,1,0
BRDA:55,3,0,0
BRDA:65,4,0,0
BRDA:65,4,1,0
BRDA:65,5,0,0
BRDA:65,5,1,0
BRDA:65,5,2,0
BRDA:66,6,0,0
BRDA:66,6,1,0
BRDA:70,7,0,0
BRDA:70,7,1,0
BRDA:71,8,0,0
BRDA:71,8,1,0
BRDA:71,8,2,0
BRDA:78,9,0,0
BRDA:78,9,1,0
BRDA:90,10,0,0
BRDA:90,10,1,0
BRDA:90,11,0,0
BRDA:90,11,1,0
BRDA:90,11,2,0
BRDA:114,12,0,0
BRDA:114,12,1,0
BRDA:119,13,0,0
BRDA:119,13,1,0
BRDA:120,14,0,0
BRDA:120,14,1,0
BRDA:120,15,0,0
BRDA:120,15,1,0
BRDA:142,16,0,0
BRDA:142,16,1,0
BRDA:146,17,0,0
BRDA:146,17,1,0
BRDA:147,18,0,0
BRDA:147,18,1,0
BRDA:147,18,2,0
BRDA:148,19,0,0
BRDA:148,19,1,0
BRDA:160,20,0,0
BRDA:160,20,1,0
BRDA:175,21,0,0
BRDA:175,21,1,0
BRDA:175,22,0,0
BRDA:175,22,1,0
BRDA:212,23,0,0
BRDA:212,23,1,0
BRDA:213,24,0,0
BRDA:213,25,0,0
BRDA:213,26,0,0
BRDA:218,27,0,0
BRDA:218,27,1,0
BRDA:223,28,0,0
BRDA:223,28,1,0
BRDA:228,29,0,0
BRDA:228,29,1,0
BRDA:248,30,0,0
BRDA:248,30,1,0
BRDA:261,31,0,0
BRDA:262,32,0,0
BRDA:271,33,0,0
BRDA:271,33,1,0
BRDA:271,34,0,0
BRDA:271,34,1,0
BRDA:281,35,0,0
BRDA:281,35,1,0
BRDA:282,36,0,0
BRDA:282,36,1,0
BRDA:284,37,0,0
BRDA:284,37,1,0
BRDA:284,38,0,0
BRDA:284,38,1,0
BRDA:286,39,0,0
BRDA:286,39,1,0
BRDA:287,40,0,0
BRDA:287,40,1,0
BRDA:290,41,0,0
BRDA:290,41,1,0
BRDA:325,42,0,0
BRDA:325,42,1,0
BRDA:334,43,0,0
BRDA:334,43,1,0
BRDA:337,44,0,0
BRDA:337,44,1,0
BRDA:364,45,0,0
BRDA:364,45,1,0
BRDA:400,46,0,0
BRDA:400,46,1,0
BRDA:415,47,0,0
BRDA:415,47,1,0
BRDA:423,48,0,0
BRDA:423,48,1,0
BRDA:436,49,0,0
BRDA:436,49,1,0
BRDA:449,50,0,0
BRDA:449,50,1,0
BRDA:458,51,0,0
BRDA:458,51,1,0
BRDA:498,52,0,0
BRDA:498,52,1,0
BRDA:505,53,0,0
BRDA:505,53,1,0
BRDA:510,54,0,0
BRDA:510,54,1,0
BRDA:518,55,0,0
BRDA:518,55,1,0
BRDA:518,56,0,0
BRDA:518,56,1,0
BRDA:529,57,0,0
BRDA:529,57,1,0
BRDA:538,58,0,0
BRDA:538,58,1,0
BRDA:547,59,0,0
BRDA:547,59,1,0
BRDA:575,60,0,0
BRDA:575,60,1,0
BRDA:575,61,0,0
BRDA:575,61,1,0
BRDA:575,61,2,0
BRDA:588,62,0,0
BRDA:588,62,1,0
BRDA:596,63,0,0
BRDA:596,63,1,0
BRDA:628,64,0,0
BRDA:628,64,1,0
BRDA:634,65,0,0
BRDA:634,65,1,0
BRDA:635,66,0,0
BRDA:635,66,1,0
BRDA:656,67,0,0
BRDA:656,67,1,0
BRDA:665,68,0,0
BRDA:665,68,1,0
BRDA:673,69,0,0
BRDA:673,69,1,0
BRDA:676,70,0,0
BRDA:676,70,1,0
BRDA:679,71,0,0
BRDA:679,71,1,0
BRDA:709,72,0,0
BRDA:709,72,1,0
BRDA:735,73,0,0
BRDA:735,73,1,0
BRDA:735,74,0,0
BRDA:735,74,1,0
BRDA:741,75,0,0
BRDA:741,75,1,0
BRF:151
BRH:0
end_of_record
TN:
SF:controllers\newsletter.js
FN:4,(anonymous_0)
FN:57,(anonymous_1)
FN:92,(anonymous_2)
FNF:3
FNH:0
FNDA:0,(anonymous_0)
FNDA:0,(anonymous_1)
FNDA:0,(anonymous_2)
DA:1,0
DA:4,0
DA:5,0
DA:6,0
DA:9,0
DA:10,0
DA:11,0
DA:15,0
DA:17,0
DA:18,0
DA:19,0
DA:20,0
DA:23,0
DA:24,0
DA:25,0
DA:26,0
DA:27,0
DA:32,0
DA:37,0
DA:38,0
DA:39,0
DA:42,0
DA:44,0
DA:45,0
DA:46,0
DA:47,0
DA:49,0
DA:52,0
DA:57,0
DA:58,0
DA:59,0
DA:61,0
DA:62,0
DA:63,0
DA:66,0
DA:68,0
DA:69,0
DA:70,0
DA:73,0
DA:74,0
DA:75,0
DA:78,0
DA:79,0
DA:81,0
DA:82,0
DA:85,0
DA:86,0
DA:87,0
DA:92,0
DA:93,0
DA:94,0
DA:95,0
DA:100,0
DA:105,0
DA:112,0
DA:113,0
LF:56
LH:0
BRDA:9,0,0,0
BRDA:9,0,1,0
BRDA:11,1,0,0
BRDA:11,1,1,0
BRDA:17,2,0,0
BRDA:17,2,1,0
BRDA:18,3,0,0
BRDA:18,3,1,0
BRDA:20,4,0,0
BRDA:20,4,1,0
BRDA:27,5,0,0
BRDA:27,5,1,0
BRDA:34,6,0,0
BRDA:34,6,1,0
BRDA:39,7,0,0
BRDA:39,7,1,0
BRDA:44,8,0,0
BRDA:44,8,1,0
BRDA:46,9,0,0
BRDA:46,9,1,0
BRDA:52,10,0,0
BRDA:52,10,1,0
BRDA:61,11,0,0
BRDA:61,11,1,0
BRDA:63,12,0,0
BRDA:63,12,1,0
BRDA:68,13,0,0
BRDA:68,13,1,0
BRDA:70,14,0,0
BRDA:70,14,1,0
BRDA:73,15,0,0
BRDA:73,15,1,0
BRDA:75,16,0,0
BRDA:75,16,1,0
BRDA:82,17,0,0
BRDA:82,17,1,0
BRDA:87,18,0,0
BRDA:87,18,1,0
BRF:38
BRH:0
end_of_record
TN:
SF:controllers\notifications.js
FN:5,(anonymous_0)
FN:13,(anonymous_1)
FN:18,(anonymous_2)
FN:23,(anonymous_3)
FN:69,(anonymous_4)
FN:88,(anonymous_5)
FN:110,(anonymous_6)
FN:129,(anonymous_7)
FN:151,(anonymous_8)
FN:170,(anonymous_9)
FN:206,(anonymous_10)
FN:225,(anonymous_11)
FN:257,(anonymous_12)
FN:286,(anonymous_13)
FN:292,(anonymous_14)
FN:301,(anonymous_15)
FN:310,(anonymous_16)
FNF:17
FNH:0
FNDA:0,(anonymous_0)
FNDA:0,(anonymous_1)
FNDA:0,(anonymous_2)
FNDA:0,(anonymous_3)
FNDA:0,(anonymous_4)
FNDA:0,(anonymous_5)
FNDA:0,(anonymous_6)
FNDA:0,(anonymous_7)
FNDA:0,(anonymous_8)
FNDA:0,(anonymous_9)
FNDA:0,(anonymous_10)
FNDA:0,(anonymous_11)
FNDA:0,(anonymous_12)
FNDA:0,(anonymous_13)
FNDA:0,(anonymous_14)
FNDA:0,(anonymous_15)
FNDA:0,(anonymous_16)
DA:1,0
DA:2,0
DA:5,0
DA:6,0
DA:7,0
DA:9,0
DA:14,0
DA:19,0
DA:24,0
DA:25,0
DA:26,0
DA:27,0
DA:28,0
DA:29,0
DA:31,0
DA:38,0
DA:39,0
DA:46,0
DA:56,0
DA:57,0
DA:58,0
DA:63,0
DA:64,0
DA:70,0
DA:71,0
DA:72,0
DA:74,0
DA:79,0
DA:80,0
DA:89,0
DA:90,0
DA:91,0
DA:93,0
DA:95,0
DA:101,0
DA:102,0
DA:111,0
DA:112,0
DA:113,0
DA:115,0
DA:120,0
DA:121,0
DA:130,0
DA:131,0
DA:132,0
DA:134,0
DA:136,0
DA:142,0
DA:143,0
DA:152,0
DA:153,0
DA:154,0
DA:156,0
DA:158,0
DA:163,0
DA:164,0
DA:165,0
DA:171,0
DA:172,0
DA:173,0
DA:174,0
DA:177,0
DA:179,0
DA:183,0
DA:184,0
DA:190,0
DA:191,0
DA:193,0
DA:194,0
DA:195,0
DA:200,0
DA:201,0
DA:207,0
DA:208,0
DA:209,0
DA:211,0
DA:216,0
DA:217,0
DA:226,0
DA:227,0
DA:228,0
DA:230,0
DA:242,0
DA:248,0
DA:249,0
DA:258,0
DA:287,0
DA:288,0
DA:291,0
DA:292,0
DA:293,0
DA:294,0
DA:300,0
DA:301,0
DA:302,0
DA:303,0
DA:309,0
DA:310,0
DA:311,0
DA:312,0
DA:317,0
DA:321,0
LF:102
LH:0
BRDA:6,0,0,0
BRDA:6,0,1,0
BRDA:26,1,0,0
BRDA:26,1,1,0
BRDA:27,2,0,0
BRDA:27,2,1,0
BRDA:38,3,0,0
BRDA:38,3,1,0
BRDA:57,4,0,0
BRDA:57,4,1,0
BRDA:104,5,0,0
BRDA:104,5,1,0
BRDA:145,6,0,0
BRDA:145,6,1,0
BRDA:160,7,0,0
BRDA:160,7,1,0
BRDA:183,8,0,0
BRDA:183,8,1,0
BRDA:194,9,0,0
BRDA:194,9,1,0
BRDA:232,10,0,0
BRDA:232,10,1,0
BRDA:233,11,0,0
BRDA:233,11,1,0
BRDA:234,12,0,0
BRDA:234,12,1,0
BRDA:291,13,0,0
BRDA:291,13,1,0
BRDA:291,14,0,0
BRDA:291,14,1,0
BRDA:293,15,0,0
BRDA:293,15,1,0
BRDA:300,16,0,0
BRDA:300,16,1,0
BRDA:300,17,0,0
BRDA:300,17,1,0
BRDA:302,18,0,0
BRDA:302,18,1,0
BRDA:309,19,0,0
BRDA:309,19,1,0
BRDA:309,20,0,0
BRDA:309,20,1,0
BRDA:311,21,0,0
BRDA:311,21,1,0
BRF:44
BRH:0
end_of_record
TN:
SF:controllers\phraseAssistant.js
FN:11,fallbackTranslate
FN:36,openaiTranslate
FN:66,renderIndex
FN:70,translate
FN:91,saveFavorite
FN:105,getFavorites
FNF:6
FNH:0
FNDA:0,fallbackTranslate
FNDA:0,openaiTranslate
FNDA:0,renderIndex
FNDA:0,translate
FNDA:0,saveFavorite
FNDA:0,getFavorites
DA:1,0
DA:2,0
DA:3,0
DA:5,0
DA:7,0
DA:8,0
DA:13,0
DA:14,0
DA:15,0
DA:16,0
DA:17,0
DA:19,0
DA:21,0
DA:22,0
DA:27,0
DA:28,0
DA:30,0
DA:31,0
DA:37,0
DA:38,0
DA:39,0
DA:40,0
DA:41,0
DA:49,0
DA:50,0
DA:52,0
DA:53,0
DA:54,0
DA:57,0
DA:58,0
DA:61,0
DA:62,0
DA:67,0
DA:71,0
DA:72,0
DA:73,0
DA:74,0
DA:75,0
DA:76,0
DA:77,0
DA:78,0
DA:79,0
DA:81,0
DA:82,0
DA:84,0
DA:86,0
DA:87,0
DA:92,0
DA:93,0
DA:94,0
DA:95,0
DA:96,0
DA:97,0
DA:98,0
DA:100,0
DA:101,0
DA:106,0
DA:107,0
DA:108,0
DA:109,0
DA:111,0
DA:112,0
DA:116,0
LF:63
LH:0
BRDA:7,0,0,0
BRDA:7,0,1,0
BRDA:19,1,0,0
BRDA:19,1,1,0
BRDA:19,2,0,0
BRDA:19,2,1,0
BRDA:28,3,0,0
BRDA:28,3,1,0
BRDA:28,3,2,0
BRDA:30,4,0,0
BRDA:30,4,1,0
BRDA:30,5,0,0
BRDA:30,5,1,0
BRDA:37,6,0,0
BRDA:37,6,1,0
BRDA:49,7,0,0
BRDA:49,7,1,0
BRDA:49,7,2,0
BRDA:49,7,3,0
BRDA:49,7,4,0
BRDA:50,8,0,0
BRDA:50,8,1,0
BRDA:54,9,0,0
BRDA:54,9,1,0
BRDA:54,10,0,0
BRDA:54,10,1,0
BRDA:57,11,0,0
BRDA:57,11,1,0
BRDA:61,12,0,0
BRDA:61,12,1,0
BRDA:61,13,0,0
BRDA:61,13,1,0
BRDA:71,14,0,0
BRDA:71,14,1,0
BRDA:72,15,0,0
BRDA:72,15,1,0
BRDA:72,16,0,0
BRDA:72,16,1,0
BRDA:76,17,0,0
BRDA:76,17,1,0
BRDA:78,18,0,0
BRDA:78,18,1,0
BRDA:79,19,0,0
BRDA:79,19,1,0
BRDA:81,20,0,0
BRDA:81,20,1,0
BRDA:86,21,0,0
BRDA:86,21,1,0
BRDA:86,22,0,0
BRDA:86,22,1,0
BRDA:92,23,0,0
BRDA:92,23,1,0
BRDA:93,24,0,0
BRDA:93,24,1,0
BRDA:94,25,0,0
BRDA:94,25,1,0
BRDA:94,26,0,0
BRDA:94,26,1,0
BRDA:100,27,0,0
BRDA:100,27,1,0
BRDA:100,28,0,0
BRDA:100,28,1,0
BRDA:106,29,0,0
BRDA:106,29,1,0
BRDA:111,30,0,0
BRDA:111,30,1,0
BRDA:111,31,0,0
BRDA:111,31,1,0
BRF:68
BRH:0
end_of_record
TN:
SF:controllers\reviews.js
FN:6,(anonymous_0)
FN:36,(anonymous_1)
FN:62,(anonymous_2)
FNF:3
FNH:0
FNDA:0,(anonymous_0)
FNDA:0,(anonymous_1)
FNDA:0,(anonymous_2)
DA:1,0
DA:2,0
DA:3,0
DA:4,0
DA:6,0
DA:7,0
DA:8,0
DA:9,0
DA:11,0
DA:13,0
DA:14,0
DA:17,0
DA:18,0
DA:22,0
DA:23,0
DA:27,0
DA:29,0
DA:32,0
DA:33,0
DA:36,0
DA:37,0
DA:39,0
DA:40,0
DA:43,0
DA:44,0
DA:48,0
DA:49,0
DA:53,0
DA:55,0
DA:58,0
DA:59,0
DA:62,0
DA:63,0
DA:64,0
DA:65,0
DA:67,0
DA:68,0
DA:71,0
DA:72,0
DA:73,0
DA:76,0
DA:77,0
DA:79,0
DA:80,0
LF:44
LH:0
BRDA:67,0,0,0
BRDA:67,0,1,0
BRDA:72,1,0,0
BRDA:72,1,1,0
BRF:4
BRH:0
end_of_record
TN:
SF:controllers\scams.js
FN:8,(anonymous_0)
FN:92,(anonymous_1)
FN:142,(anonymous_2)
FN:147,(anonymous_3)
FN:151,(anonymous_4)
FN:184,(anonymous_5)
FN:210,(anonymous_6)
FN:235,(anonymous_7)
FN:274,(anonymous_8)
FN:293,(anonymous_9)
FN:320,(anonymous_10)
FN:346,(anonymous_11)
FN:372,(anonymous_12)
FN:401,(anonymous_13)
FN:413,(anonymous_14)
FNF:15
FNH:0
FNDA:0,(anonymous_0)
FNDA:0,(anonymous_1)
FNDA:0,(anonymous_2)
FNDA:0,(anonymous_3)
FNDA:0,(anonymous_4)
FNDA:0,(anonymous_5)
FNDA:0,(anonymous_6)
FNDA:0,(anonymous_7)
FNDA:0,(anonymous_8)
FNDA:0,(anonymous_9)
FNDA:0,(anonymous_10)
FNDA:0,(anonymous_11)
FNDA:0,(anonymous_12)
FNDA:0,(anonymous_13)
FNDA:0,(anonymous_14)
DA:1,0
DA:2,0
DA:3,0
DA:4,0
DA:5,0
DA:8,0
DA:9,0
DA:18,0
DA:21,0
DA:23,0
DA:24,0
DA:25,0
DA:26,0
DA:29,0
DA:30,0
DA:32,0
DA:33,0
DA:35,0
DA:36,0
DA:38,0
DA:39,0
DA:41,0
DA:42,0
DA:44,0
DA:48,0
DA:49,0
DA:57,0
DA:60,0
DA:61,0
DA:63,0
DA:85,0
DA:86,0
DA:87,0
DA:92,0
DA:93,0
DA:94,0
DA:95,0
DA:101,0
DA:102,0
DA:103,0
DA:107,0
DA:108,0
DA:111,0
DA:112,0
DA:113,0
DA:114,0
DA:118,0
DA:129,0
DA:135,0
DA:136,0
DA:137,0
DA:142,0
DA:143,0
DA:147,0
DA:148,0
DA:149,0
DA:150,0
DA:151,0
DA:152,0
DA:153,0
DA:166,0
DA:169,0
DA:183,0
DA:184,0
DA:195,0
DA:196,0
DA:198,0
DA:200,0
DA:201,0
DA:203,0
DA:204,0
DA:205,0
DA:210,0
DA:211,0
DA:212,0
DA:213,0
DA:215,0
DA:216,0
DA:217,0
DA:221,0
DA:222,0
DA:223,0
DA:226,0
DA:228,0
DA:229,0
DA:230,0
DA:235,0
DA:236,0
DA:237,0
DA:238,0
DA:240,0
DA:241,0
DA:242,0
DA:246,0
DA:247,0
DA:248,0
DA:260,0
DA:263,0
DA:264,0
DA:265,0
DA:266,0
DA:267,0
DA:268,0
DA:269,0
DA:270,0
DA:273,0
DA:274,0
DA:278,0
DA:281,0
DA:283,0
DA:284,0
DA:286,0
DA:287,0
DA:288,0
DA:293,0
DA:294,0
DA:295,0
DA:296,0
DA:298,0
DA:299,0
DA:300,0
DA:304,0
DA:305,0
DA:306,0
DA:309,0
DA:310,0
DA:311,0
DA:313,0
DA:314,0
DA:315,0
DA:320,0
DA:321,0
DA:322,0
DA:323,0
DA:325,0
DA:326,0
DA:329,0
DA:330,0
DA:332,0
DA:340,0
DA:341,0
DA:346,0
DA:347,0
DA:348,0
DA:349,0
DA:351,0
DA:352,0
DA:355,0
DA:356,0
DA:358,0
DA:366,0
DA:367,0
DA:372,0
DA:373,0
DA:374,0
DA:375,0
DA:378,0
DA:379,0
DA:381,0
DA:382,0
DA:383,0
DA:386,0
DA:387,0
DA:388,0
DA:389,0
DA:391,0
DA:393,0
DA:395,0
DA:396,0
DA:401,0
DA:402,0
DA:403,0
DA:405,0
DA:406,0
DA:409,0
DA:411,0
DA:413,0
DA:424,0
DA:425,0
LF:179
LH:0
BRDA:14,0,0,0
BRDA:15,1,0,0
BRDA:16,2,0,0
BRDA:17,3,0,0
BRDA:23,4,0,0
BRDA:23,4,1,0
BRDA:23,5,0,0
BRDA:23,5,1,0
BRDA:24,6,0,0
BRDA:24,6,1,0
BRDA:24,7,0,0
BRDA:24,7,1,0
BRDA:25,8,0,0
BRDA:25,8,1,0
BRDA:26,9,0,0
BRDA:26,9,1,0
BRDA:30,10,0,0
BRDA:30,10,1,0
BRDA:30,10,2,0
BRDA:30,10,3,0
BRDA:30,10,4,0
BRDA:68,11,0,0
BRDA:68,11,1,0
BRDA:69,12,0,0
BRDA:69,12,1,0
BRDA:70,13,0,0
BRDA:70,13,1,0
BRDA:101,14,0,0
BRDA:101,14,1,0
BRDA:112,15,0,0
BRDA:112,15,1,0
BRDA:113,16,0,0
BRDA:113,16,1,0
BRDA:114,17,0,0
BRDA:114,17,1,0
BRDA:150,18,0,0
BRDA:150,18,1,0
BRDA:183,19,0,0
BRDA:183,19,1,0
BRDA:183,20,0,0
BRDA:183,20,1,0
BRDA:215,21,0,0
BRDA:215,21,1,0
BRDA:221,22,0,0
BRDA:221,22,1,0
BRDA:221,23,0,0
BRDA:221,23,1,0
BRDA:240,24,0,0
BRDA:240,24,1,0
BRDA:246,25,0,0
BRDA:246,25,1,0
BRDA:246,26,0,0
BRDA:246,26,1,0
BRDA:273,27,0,0
BRDA:273,27,1,0
BRDA:273,28,0,0
BRDA:273,28,1,0
BRDA:298,29,0,0
BRDA:298,29,1,0
BRDA:304,30,0,0
BRDA:304,30,1,0
BRDA:304,31,0,0
BRDA:304,31,1,0
BRDA:325,32,0,0
BRDA:325,32,1,0
BRDA:351,33,0,0
BRDA:351,33,1,0
BRDA:374,34,0,0
BRDA:374,34,1,0
BRDA:382,35,0,0
BRDA:382,35,1,0
BRDA:389,36,0,0
BRDA:389,36,1,0
BRDA:403,37,0,0
BRDA:405,38,0,0
BRDA:405,38,1,0
BRDA:405,39,0,0
BRDA:405,39,1,0
BRF:78
BRH:0
end_of_record
TN:
SF:controllers\users.js
FN:6,(anonymous_0)
FN:10,(anonymous_1)
FN:42,(anonymous_2)
FN:56,validatePasswordStrength
FN:82,(anonymous_4)
FN:86,(anonymous_5)
FN:92,(anonymous_6)
FN:93,(anonymous_7)
FN:104,(anonymous_8)
FN:146,(anonymous_9)
FN:163,(anonymous_10)
FN:182,(anonymous_11)
FN:182,(anonymous_12)
FN:183,(anonymous_13)
FN:183,(anonymous_14)
FN:184,(anonymous_15)
FN:184,(anonymous_16)
FN:223,(anonymous_17)
FN:267,(anonymous_18)
FN:298,(anonymous_19)
FN:325,(anonymous_20)
FN:335,(anonymous_21)
FN:350,(anonymous_22)
FN:373,(anonymous_23)
FN:402,(anonymous_24)
FN:420,(anonymous_25)
FN:426,(anonymous_26)
FN:432,analyzeUserPreferences
FN:443,(anonymous_28)
FN:473,getPersonalizedRecommendations
FN:546,getPopularRecommendations
FN:597,(anonymous_31)
FN:617,(anonymous_32)
FN:618,(anonymous_33)
FN:638,(anonymous_34)
FN:658,(anonymous_35)
FN:678,(anonymous_36)
FN:689,(anonymous_37)
FN:692,(anonymous_38)
FN:718,(anonymous_39)
FN:721,(anonymous_40)
FN:726,(anonymous_41)
FN:747,(anonymous_42)
FN:757,(anonymous_43)
FN:767,(anonymous_44)
FN:776,(anonymous_45)
FN:777,(anonymous_46)
FN:778,(anonymous_47)
FN:796,(anonymous_48)
FN:809,(anonymous_49)
FN:847,(anonymous_50)
FN:876,(anonymous_51)
FN:898,(anonymous_52)
FN:934,updateTravelStats
FN:940,(anonymous_54)
FN:953,getAdditionalRecommendations
FN:956,(anonymous_56)
FNF:57
FNH:0
FNDA:0,(anonymous_0)
FNDA:0,(anonymous_1)
FNDA:0,(anonymous_2)
FNDA:0,validatePasswordStrength
FNDA:0,(anonymous_4)
FNDA:0,(anonymous_5)
FNDA:0,(anonymous_6)
FNDA:0,(anonymous_7)
FNDA:0,(anonymous_8)
FNDA:0,(anonymous_9)
FNDA:0,(anonymous_10)
FNDA:0,(anonymous_11)
FNDA:0,(anonymous_12)
FNDA:0,(anonymous_13)
FNDA:0,(anonymous_14)
FNDA:0,(anonymous_15)
FNDA:0,(anonymous_16)
FNDA:0,(anonymous_17)
FNDA:0,(anonymous_18)
FNDA:0,(anonymous_19)
FNDA:0,(anonymous_20)
FNDA:0,(anonymous_21)
FNDA:0,(anonymous_22)
FNDA:0,(anonymous_23)
FNDA:0,(anonymous_24)
FNDA:0,(anonymous_25)
FNDA:0,(anonymous_26)
FNDA:0,analyzeUserPreferences
FNDA:0,(anonymous_28)
FNDA:0,getPersonalizedRecommendations
FNDA:0,getPopularRecommendations
FNDA:0,(anonymous_31)
FNDA:0,(anonymous_32)
FNDA:0,(anonymous_33)
FNDA:0,(anonymous_34)
FNDA:0,(anonymous_35)
FNDA:0,(anonymous_36)
FNDA:0,(anonymous_37)
FNDA:0,(anonymous_38)
FNDA:0,(anonymous_39)
FNDA:0,(anonymous_40)
FNDA:0,(anonymous_41)
FNDA:0,(anonymous_42)
FNDA:0,(anonymous_43)
FNDA:0,(anonymous_44)
FNDA:0,(anonymous_45)
FNDA:0,(anonymous_46)
FNDA:0,(anonymous_47)
FNDA:0,(anonymous_48)
FNDA:0,(anonymous_49)
FNDA:0,(anonymous_50)
FNDA:0,(anonymous_51)
FNDA:0,(anonymous_52)
FNDA:0,updateTravelStats
FNDA:0,(anonymous_54)
FNDA:0,getAdditionalRecommendations
FNDA:0,(anonymous_56)
DA:1,0
DA:2,0
DA:3,0
DA:4,0
DA:6,0
DA:7,0
DA:10,0
DA:11,0
DA:12,0
DA:15,0
DA:16,0
DA:17,0
DA:21,0
DA:22,0
DA:23,0
DA:27,0
DA:28,0
DA:29,0
DA:33,0
DA:34,0
DA:35,0
DA:36,0
DA:39,0
DA:40,0
DA:41,0
DA:42,0
DA:43,0
DA:44,0
DA:46,0
DA:47,0
DA:50,0
DA:51,0
DA:57,0
DA:58,0
DA:59,0
DA:60,0
DA:61,0
DA:63,0
DA:64,0
DA:66,0
DA:67,0
DA:69,0
DA:70,0
DA:72,0
DA:73,0
DA:75,0
DA:76,0
DA:79,0
DA:82,0
DA:83,0
DA:86,0
DA:87,0
DA:88,0
DA:89,0
DA:92,0
DA:93,0
DA:94,0
DA:95,0
DA:97,0
DA:98,0
DA:102,0
DA:104,0
DA:105,0
DA:106,0
DA:112,0
DA:119,0
DA:122,0
DA:125,0
DA:128,0
DA:130,0
DA:140,0
DA:141,0
DA:142,0
DA:146,0
DA:147,0
DA:149,0
DA:150,0
DA:151,0
DA:155,0
DA:157,0
DA:163,0
DA:164,0
DA:180,0
DA:182,0
DA:183,0
DA:184,0
DA:186,0
DA:208,0
DA:211,0
DA:213,0
DA:214,0
DA:216,0
DA:217,0
DA:218,0
DA:223,0
DA:224,0
DA:225,0
DA:226,0
DA:229,0
DA:234,0
DA:235,0
DA:236,0
DA:240,0
DA:242,0
DA:250,0
DA:253,0
DA:254,0
DA:255,0
DA:258,0
DA:259,0
DA:261,0
DA:262,0
DA:263,0
DA:267,0
DA:268,0
DA:269,0
DA:270,0
DA:272,0
DA:278,0
DA:279,0
DA:280,0
DA:283,0
DA:286,0
DA:287,0
DA:289,0
DA:292,0
DA:293,0
DA:294,0
DA:298,0
DA:299,0
DA:300,0
DA:302,0
DA:303,0
DA:304,0
DA:307,0
DA:311,0
DA:313,0
DA:319,0
DA:320,0
DA:321,0
DA:325,0
DA:326,0
DA:327,0
DA:329,0
DA:330,0
DA:331,0
DA:335,0
DA:337,0
DA:343,0
DA:344,0
DA:345,0
DA:350,0
DA:351,0
DA:352,0
DA:354,0
DA:355,0
DA:361,0
DA:362,0
DA:364,0
DA:365,0
DA:367,0
DA:368,0
DA:369,0
DA:373,0
DA:374,0
DA:375,0
DA:376,0
DA:378,0
DA:379,0
DA:380,0
DA:381,0
DA:384,0
DA:385,0
DA:387,0
DA:388,0
DA:391,0
DA:393,0
DA:394,0
DA:396,0
DA:397,0
DA:398,0
DA:402,0
DA:403,0
DA:404,0
DA:405,0
DA:407,0
DA:408,0
DA:410,0
DA:411,0
DA:413,0
DA:414,0
DA:415,0
DA:420,0
DA:421,0
DA:422,0
DA:426,0
DA:427,0
DA:428,0
DA:433,0
DA:441,0
DA:443,0
DA:444,0
DA:446,0
DA:447,0
DA:452,0
DA:453,0
DA:458,0
DA:459,0
DA:463,0
DA:467,0
DA:469,0
DA:474,0
DA:477,0
DA:542,0
DA:547,0
DA:549,0
DA:593,0
DA:597,0
DA:598,0
DA:599,0
DA:600,0
DA:601,0
DA:602,0
DA:606,0
DA:607,0
DA:610,0
DA:611,0
DA:614,0
DA:617,0
DA:618,0
DA:619,0
DA:620,0
DA:622,0
DA:623,0
DA:625,0
DA:626,0
DA:628,0
DA:629,0
DA:631,0
DA:632,0
DA:634,0
DA:635,0
DA:637,0
DA:638,0
DA:639,0
DA:641,0
DA:642,0
DA:644,0
DA:646,0
DA:649,0
DA:658,0
DA:659,0
DA:660,0
DA:661,0
DA:664,0
DA:671,0
DA:672,0
DA:673,0
DA:678,0
DA:679,0
DA:681,0
DA:686,0
DA:689,0
DA:690,0
DA:691,0
DA:692,0
DA:695,0
DA:698,0
DA:699,0
DA:701,0
DA:705,0
DA:707,0
DA:718,0
DA:721,0
DA:722,0
DA:726,0
DA:729,0
DA:730,0
DA:731,0
DA:734,0
DA:740,0
DA:741,0
DA:742,0
DA:747,0
DA:748,0
DA:749,0
DA:751,0
DA:752,0
DA:753,0
DA:757,0
DA:758,0
DA:759,0
DA:760,0
DA:762,0
DA:764,0
DA:765,0
DA:768,0
DA:769,0
DA:771,0
DA:776,0
DA:777,0
DA:778,0
DA:779,0
DA:781,0
DA:790,0
DA:791,0
DA:792,0
DA:796,0
DA:797,0
DA:798,0
DA:799,0
DA:801,0
DA:802,0
DA:803,0
DA:807,0
DA:808,0
DA:809,0
DA:816,0
DA:829,0
DA:830,0
DA:833,0
DA:836,0
DA:838,0
DA:839,0
DA:841,0
DA:842,0
DA:843,0
DA:847,0
DA:848,0
DA:849,0
DA:850,0
DA:851,0
DA:853,0
DA:854,0
DA:855,0
DA:858,0
DA:859,0
DA:860,0
DA:861,0
DA:865,0
DA:866,0
DA:867,0
DA:868,0
DA:869,0
DA:870,0
DA:871,0
DA:872,0
DA:875,0
DA:876,0
DA:881,0
DA:884,0
DA:887,0
DA:889,0
DA:890,0
DA:892,0
DA:893,0
DA:894,0
DA:898,0
DA:899,0
DA:900,0
DA:901,0
DA:903,0
DA:904,0
DA:905,0
DA:908,0
DA:909,0
DA:910,0
DA:911,0
DA:914,0
DA:915,0
DA:916,0
DA:919,0
DA:922,0
DA:924,0
DA:925,0
DA:927,0
DA:928,0
DA:929,0
DA:935,0
DA:936,0
DA:937,0
DA:939,0
DA:940,0
DA:943,0
DA:944,0
DA:946,0
DA:948,0
DA:954,0
DA:956,0
DA:958,0
DA:995,0
LF:391
LH:0
BRDA:15,0,0,0
BRDA:15,0,1,0
BRDA:15,1,0,0
BRDA:15,1,1,0
BRDA:15,1,2,0
BRDA:15,1,3,0
BRDA:21,2,0,0
BRDA:21,2,1,0
BRDA:27,3,0,0
BRDA:27,3,1,0
BRDA:34,4,0,0
BRDA:34,4,1,0
BRDA:43,5,0,0
BRDA:43,5,1,0
BRDA:63,6,0,0
BRDA:63,6,1,0
BRDA:66,7,0,0
BRDA:66,7,1,0
BRDA:69,8,0,0
BRDA:69,8,1,0
BRDA:72,9,0,0
BRDA:72,9,1,0
BRDA:75,10,0,0
BRDA:75,10,1,0
BRDA:88,11,0,0
BRDA:88,11,1,0
BRDA:94,12,0,0
BRDA:94,12,1,0
BRDA:136,13,0,0
BRDA:136,13,1,0
BRDA:149,14,0,0
BRDA:149,14,1,0
BRDA:182,15,0,0
BRDA:182,15,1,0
BRDA:183,16,0,0
BRDA:183,16,1,0
BRDA:184,17,0,0
BRDA:184,17,1,0
BRDA:187,18,0,0
BRDA:187,18,1,0
BRDA:188,19,0,0
BRDA:188,19,1,0
BRDA:193,20,0,0
BRDA:193,20,1,0
BRDA:194,21,0,0
BRDA:194,21,1,0
BRDA:195,22,0,0
BRDA:195,22,1,0
BRDA:196,23,0,0
BRDA:196,23,1,0
BRDA:234,24,0,0
BRDA:234,24,1,0
BRDA:245,25,0,0
BRDA:245,25,1,0
BRDA:246,26,0,0
BRDA:246,26,1,0
BRDA:247,27,0,0
BRDA:247,27,1,0
BRDA:254,28,0,0
BRDA:254,28,1,0
BRDA:254,29,0,0
BRDA:254,29,1,0
BRDA:279,30,0,0
BRDA:279,30,1,0
BRDA:279,31,0,0
BRDA:279,31,1,0
BRDA:286,32,0,0
BRDA:286,32,1,0
BRDA:302,33,0,0
BRDA:302,33,1,0
BRDA:329,34,0,0
BRDA:329,34,1,0
BRDA:357,35,0,0
BRDA:357,35,1,0
BRDA:358,36,0,0
BRDA:358,36,1,0
BRDA:379,37,0,0
BRDA:379,37,1,0
BRDA:444,38,0,0
BRDA:444,38,1,0
BRDA:446,39,0,0
BRDA:446,39,1,0
BRDA:448,40,0,0
BRDA:448,40,1,0
BRDA:452,41,0,0
BRDA:452,41,1,0
BRDA:454,42,0,0
BRDA:454,42,1,0
BRDA:458,43,0,0
BRDA:458,43,1,0
BRDA:460,44,0,0
BRDA:460,44,1,0
BRDA:467,45,0,0
BRDA:467,45,1,0
BRDA:504,46,0,0
BRDA:504,46,1,0
BRDA:512,47,0,0
BRDA:512,47,1,0
BRDA:520,48,0,0
BRDA:520,48,1,0
BRDA:551,49,0,0
BRDA:551,49,1,0
BRDA:600,50,0,0
BRDA:600,50,1,0
BRDA:622,51,0,0
BRDA:622,51,1,0
BRDA:623,52,0,0
BRDA:623,52,1,0
BRDA:623,52,2,0
BRDA:623,52,3,0
BRDA:623,52,4,0
BRDA:623,52,5,0
BRDA:625,53,0,0
BRDA:625,53,1,0
BRDA:628,54,0,0
BRDA:628,54,1,0
BRDA:628,54,2,0
BRDA:631,55,0,0
BRDA:631,55,1,0
BRDA:631,55,2,0
BRDA:634,56,0,0
BRDA:634,56,1,0
BRDA:634,56,2,0
BRDA:637,57,0,0
BRDA:637,57,1,0
BRDA:638,58,0,0
BRDA:638,58,1,0
BRDA:659,59,0,0
BRDA:659,59,1,0
BRDA:691,60,0,0
BRDA:691,60,1,0
BRDA:695,61,0,0
BRDA:695,61,1,0
BRDA:695,62,0,0
BRDA:695,62,1,0
BRDA:698,63,0,0
BRDA:698,63,1,0
BRDA:699,64,0,0
BRDA:699,64,1,0
BRDA:701,65,0,0
BRDA:701,65,1,0
BRDA:702,66,0,0
BRDA:702,66,1,0
BRDA:710,67,0,0
BRDA:710,67,1,0
BRDA:730,68,0,0
BRDA:730,68,1,0
BRDA:730,69,0,0
BRDA:730,69,1,0
BRDA:751,70,0,0
BRDA:751,70,1,0
BRDA:762,71,0,0
BRDA:762,71,1,0
BRDA:762,71,2,0
BRDA:777,72,0,0
BRDA:777,72,1,0
BRDA:778,73,0,0
BRDA:778,73,1,0
BRDA:779,74,0,0
BRDA:779,74,1,0
BRDA:801,75,0,0
BRDA:801,75,1,0
BRDA:808,76,0,0
BRDA:808,76,1,0
BRDA:808,77,0,0
BRDA:808,77,1,0
BRDA:821,78,0,0
BRDA:821,78,1,0
BRDA:822,79,0,0
BRDA:822,79,1,0
BRDA:823,80,0,0
BRDA:823,80,1,0
BRDA:853,81,0,0
BRDA:853,81,1,0
BRDA:859,82,0,0
BRDA:859,82,1,0
BRDA:868,83,0,0
BRDA:868,83,1,0
BRDA:869,84,0,0
BRDA:869,84,1,0
BRDA:870,85,0,0
BRDA:870,85,1,0
BRDA:875,86,0,0
BRDA:875,86,1,0
BRDA:875,87,0,0
BRDA:875,87,1,0
BRDA:903,88,0,0
BRDA:903,88,1,0
BRDA:909,89,0,0
BRDA:909,89,1,0
BRDA:937,90,0,0
BRDA:937,90,1,0
BRDA:966,91,0,0
BRDA:966,91,1,0
BRF:194
BRH:0
end_of_record
TN:
SF:init\data.js
FN:444,seedListings
FN:460,(anonymous_1)
FN:468,(anonymous_2)
FNF:3
FNH:0
FNDA:0,seedListings
FNDA:0,(anonymous_1)
FNDA:0,(anonymous_2)
DA:1,0
DA:441,0
DA:442,0
DA:445,0
DA:446,0
DA:447,0
DA:448,0
DA:450,0
DA:451,0
DA:452,0
DA:460,0
DA:461,0
DA:462,0
DA:463,0
DA:464,0
DA:465,0
DA:468,0
DA:469,0
DA:471,0
DA:472,0
DA:475,0
LF:21
LH:0
BRDA:461,0,0,0
BRDA:461,0,1,0
BRDA:462,1,0,0
BRDA:462,1,1,0
BRF:4
BRH:0
end_of_record
TN:
SF:init\index.js
FN:11,(anonymous_0)
FN:14,(anonymous_1)
FN:17,main
FN:21,(anonymous_3)
FN:23,(anonymous_4)
FNF:5
FNH:0
FNDA:0,(anonymous_0)
FNDA:0,(anonymous_1)
FNDA:0,main
FNDA:0,(anonymous_3)
FNDA:0,(anonymous_4)
DA:1,0
DA:2,0
DA:3,0
DA:4,0
DA:5,0
DA:6,0
DA:8,0
DA:10,0
DA:12,0
DA:15,0
DA:18,0
DA:21,0
DA:22,0
DA:23,0
DA:28,0
DA:29,0
DA:32,0
DA:33,0
DA:34,0
DA:37,0
LF:20
LH:0
BRF:0
BRH:0
end_of_record
TN:
SF:models\badgeDefinition.js
FN:150,(anonymous_0)
FNF:1
FNH:0
FNDA:0,(anonymous_0)
DA:1,0
DA:2,0
DA:4,0
DA:50,0
DA:150,0
DA:151,0
DA:152,0
DA:160,0
LF:8
LH:0
BRF:0
BRH:0
end_of_record
TN:
SF:models\listing.js
FN:76,(anonymous_0)
FNF:1
FNH:0
FNDA:0,(anonymous_0)
DA:1,0
DA:2,0
DA:3,0
DA:5,0
DA:76,0
DA:77,0
DA:78,0
DA:82,0
DA:83,0
LF:9
LH:0
BRDA:77,0,0,0
BRDA:77,0,1,0
BRF:2
BRH:0
end_of_record
TN:
SF:models\newsletter.js
FNF:0
FNH:0
DA:1,0
DA:2,0
DA:4,0
DA:30,0
DA:32,0
LF:5
LH:0
BRF:0
BRH:0
end_of_record
TN:
SF:models\notification.js
FN:75,(anonymous_0)
FN:97,(anonymous_1)
FN:113,(anonymous_2)
FN:120,(anonymous_3)
FN:127,(anonymous_4)
FN:161,(anonymous_5)
FN:169,(anonymous_6)
FN:191,(anonymous_7)
FNF:8
FNH:0
FNDA:0,(anonymous_0)
FNDA:0,(anonymous_1)
FNDA:0,(anonymous_2)
FNDA:0,(anonymous_3)
FNDA:0,(anonymous_4)
FNDA:0,(anonymous_5)
FNDA:0,(anonymous_6)
FNDA:0,(anonymous_7)
DA:1,0
DA:2,0
DA:4,0
DA:77,0
DA:91,0
DA:92,0
DA:93,0
DA:94,0
DA:97,0
DA:98,0
DA:99,0
DA:100,0
DA:101,0
DA:102,0
DA:103,0
DA:105,0
DA:106,0
DA:107,0
DA:108,0
DA:109,0
DA:113,0
DA:114,0
DA:115,0
DA:116,0
DA:120,0
DA:121,0
DA:122,0
DA:123,0
DA:127,0
DA:128,0
DA:129,0
DA:130,0
DA:133,0
DA:140,0
DA:141,0
DA:153,0
DA:155,0
DA:156,0
DA:161,0
DA:162,0
DA:169,0
DA:175,0
DA:177,0
DA:178,0
DA:179,0
DA:181,0
DA:191,0
DA:192,0
DA:194,0
DA:195,0
DA:198,0
DA:199,0
DA:201,0
DA:203,0
DA:204,0
DA:206,0
DA:207,0
DA:209,0
DA:213,0
DA:216,0
LF:60
LH:0
BRDA:105,0,0,0
BRDA:105,0,1,0
BRDA:106,1,0,0
BRDA:106,1,1,0
BRDA:106,2,0,0
BRDA:106,2,1,0
BRDA:107,3,0,0
BRDA:107,3,1,0
BRDA:107,4,0,0
BRDA:107,4,1,0
BRDA:108,5,0,0
BRDA:108,5,1,0
BRDA:108,6,0,0
BRDA:108,6,1,0
BRDA:140,7,0,0
BRDA:140,7,1,0
BRDA:140,8,0,0
BRDA:140,8,1,0
BRDA:169,9,0,0
BRDA:171,10,0,0
BRDA:172,11,0,0
BRDA:173,12,0,0
BRDA:174,13,0,0
BRDA:178,14,0,0
BRDA:178,14,1,0
BRDA:179,15,0,0
BRDA:179,15,1,0
BRDA:192,16,0,0
BRDA:192,16,1,0
BRDA:194,17,0,0
BRDA:194,17,1,0
BRDA:195,18,0,0
BRDA:195,18,1,0
BRDA:195,18,2,0
BRDA:195,18,3,0
BRDA:195,18,4,0
BRDA:198,19,0,0
BRDA:198,19,1,0
BRF:38
BRH:0
end_of_record
TN:
SF:models\phrase.js
FNF:0
FNH:0
DA:1,0
DA:3,0
DA:14,0
LF:3
LH:0
BRF:0
BRH:0
end_of_record
TN:
SF:models\review.js
FNF:0
FNH:0
DA:1,0
DA:2,0
DA:4,0
DA:21,0
LF:4
LH:0
BRF:0
BRH:0
end_of_record
TN:
SF:models\searchLog.js
FNF:0
FNH:0
DA:1,0
DA:2,0
DA:4,0
DA:35,0
DA:36,0
DA:37,0
DA:39,0
LF:7
LH:0
BRF:0
BRH:0
end_of_record
TN:
SF:models\user.js
FN:463,(anonymous_0)
FN:468,(anonymous_1)
FN:477,(anonymous_2)
FN:480,(anonymous_3)
FN:488,(anonymous_4)
FN:506,(anonymous_5)
FN:508,(anonymous_6)
FN:518,(anonymous_7)
FN:530,(anonymous_8)
FN:540,(anonymous_9)
FN:541,(anonymous_10)
FNF:11
FNH:0
FNDA:0,(anonymous_0)
FNDA:0,(anonymous_1)
FNDA:0,(anonymous_2)
FNDA:0,(anonymous_3)
FNDA:0,(anonymous_4)
FNDA:0,(anonymous_5)
FNDA:0,(anonymous_6)
FNDA:0,(anonymous_7)
FNDA:0,(anonymous_8)
FNDA:0,(anonymous_9)
FNDA:0,(anonymous_10)
DA:1,0
DA:2,0
DA:3,0
DA:5,0
DA:454,0
DA:457,0
DA:458,0
DA:459,0
DA:460,0
DA:463,0
DA:464,0
DA:468,0
DA:469,0
DA:470,0
DA:477,0
DA:480,0
DA:481,0
DA:484,0
DA:488,0
DA:489,0
DA:497,0
DA:498,0
DA:501,0
DA:502,0
DA:506,0
DA:508,0
DA:509,0
DA:510,0
DA:511,0
DA:512,0
DA:514,0
DA:518,0
DA:519,0
DA:522,0
DA:523,0
DA:526,0
DA:530,0
DA:531,0
DA:532,0
DA:533,0
DA:534,0
DA:536,0
DA:540,0
DA:541,0
DA:544,0
LF:45
LH:0
BRDA:481,0,0,0
BRDA:481,0,1,0
BRDA:497,1,0,0
BRDA:497,1,1,0
BRDA:509,2,0,0
BRDA:509,2,1,0
BRDA:522,3,0,0
BRDA:522,3,1,0
BRDA:532,4,0,0
BRDA:532,4,1,0
BRF:10
BRH:0
end_of_record
TN:
SF:models\wishlist.js
FNF:0
FNH:0
DA:1,0
DA:2,0
DA:4,0
DA:40,0
DA:43,0
DA:44,0
DA:46,0
LF:7
LH:0
BRF:0
BRH:0
end_of_record
TN:
SF:public\sw.js
FN:12,(anonymous_0)
FN:17,(anonymous_1)
FN:20,(anonymous_2)
FN:24,(anonymous_3)
FN:41,(anonymous_4)
FN:50,(anonymous_5)
FN:54,(anonymous_6)
FN:56,(anonymous_7)
FN:73,(anonymous_8)
FN:77,(anonymous_9)
FN:83,(anonymous_10)
FN:85,(anonymous_11)
FN:101,(anonymous_12)
FN:105,(anonymous_13)
FN:111,(anonymous_14)
FN:122,(anonymous_15)
FN:128,(anonymous_16)
FN:135,(anonymous_17)
FN:141,(anonymous_18)
FN:147,(anonymous_19)
FN:156,(anonymous_20)
FN:174,(anonymous_21)
FN:183,syncOfflineTrips
FN:188,(anonymous_23)
FN:200,(anonymous_24)
FNF:25
FNH:0
FNDA:0,(anonymous_0)
FNDA:0,(anonymous_1)
FNDA:0,(anonymous_2)
FNDA:0,(anonymous_3)
FNDA:0,(anonymous_4)
FNDA:0,(anonymous_5)
FNDA:0,(anonymous_6)
FNDA:0,(anonymous_7)
FNDA:0,(anonymous_8)
FNDA:0,(anonymous_9)
FNDA:0,(anonymous_10)
FNDA:0,(anonymous_11)
FNDA:0,(anonymous_12)
FNDA:0,(anonymous_13)
FNDA:0,(anonymous_14)
FNDA:0,(anonymous_15)
FNDA:0,(anonymous_16)
FNDA:0,(anonymous_17)
FNDA:0,(anonymous_18)
FNDA:0,(anonymous_19)
FNDA:0,(anonymous_20)
FNDA:0,(anonymous_21)
FNDA:0,syncOfflineTrips
FNDA:0,(anonymous_23)
FNDA:0,(anonymous_24)
DA:9,0
DA:12,0
DA:13,0
DA:14,0
DA:17,0
DA:18,0
DA:19,0
DA:22,0
DA:23,0
DA:25,0
DA:26,0
DA:31,0
DA:32,0
DA:35,0
DA:41,0
DA:42,0
DA:43,0
DA:46,0
DA:47,0
DA:48,0
DA:52,0
DA:56,0
DA:57,0
DA:61,0
DA:65,0
DA:66,0
DA:70,0
DA:71,0
DA:75,0
DA:76,0
DA:77,0
DA:78,0
DA:81,0
DA:85,0
DA:86,0
DA:87,0
DA:90,0
DA:94,0
DA:98,0
DA:99,0
DA:103,0
DA:104,0
DA:105,0
DA:106,0
DA:109,0
DA:113,0
DA:116,0
DA:120,0
DA:123,0
DA:124,0
DA:127,0
DA:130,0
DA:131,0
DA:134,0
DA:135,0
DA:136,0
DA:139,0
DA:147,0
DA:148,0
DA:150,0
DA:151,0
DA:156,0
DA:157,0
DA:158,0
DA:159,0
DA:167,0
DA:174,0
DA:175,0
DA:177,0
DA:184,0
DA:187,0
DA:188,0
DA:189,0
DA:195,0
DA:200,0
DA:201,0
DA:202,0
LF:77
LH:0
BRDA:46,0,0,0
BRDA:46,0,1,0
BRDA:57,1,0,0
BRDA:57,1,1,0
BRDA:65,2,0,0
BRDA:65,2,1,0
BRDA:65,3,0,0
BRDA:65,3,1,0
BRDA:70,4,0,0
BRDA:70,4,1,0
BRDA:75,5,0,0
BRDA:75,5,1,0
BRDA:86,6,0,0
BRDA:86,6,1,0
BRDA:98,7,0,0
BRDA:98,7,1,0
BRDA:98,8,0,0
BRDA:98,8,1,0
BRDA:103,9,0,0
BRDA:103,9,1,0
BRDA:123,10,0,0
BRDA:123,10,1,0
BRDA:130,11,0,0
BRDA:130,11,1,0
BRDA:150,12,0,0
BRDA:150,12,1,0
BRDA:157,13,0,0
BRDA:157,13,1,0
BRDA:178,14,0,0
BRDA:178,14,1,0
BRDA:201,15,0,0
BRDA:201,15,1,0
BRDA:201,16,0,0
BRDA:201,16,1,0
BRF:34
BRH:0
end_of_record
TN:
SF:public\JS\accessibility-test.js
FN:7,(anonymous_0)
FN:16,(anonymous_1)
FN:19,(anonymous_2)
FN:25,(anonymous_3)
FN:46,(anonymous_4)
FN:56,(anonymous_5)
FN:81,(anonymous_6)
FN:89,(anonymous_7)
FN:102,(anonymous_8)
FN:115,(anonymous_9)
FN:129,(anonymous_10)
FN:138,(anonymous_11)
FN:161,(anonymous_12)
FN:169,(anonymous_13)
FN:200,(anonymous_14)
FN:208,(anonymous_15)
FN:212,(anonymous_16)
FN:240,(anonymous_17)
FN:251,(anonymous_18)
FN:264,(anonymous_19)
FN:288,(anonymous_20)
FN:326,(anonymous_21)
FN:340,(anonymous_22)
FN:353,(anonymous_23)
FN:373,(anonymous_24)
FN:383,(anonymous_25)
FN:399,(anonymous_26)
FN:403,(anonymous_27)
FN:418,(anonymous_28)
FN:420,(anonymous_29)
FN:447,(anonymous_30)
FN:464,(anonymous_31)
FN:474,(anonymous_32)
FN:477,(anonymous_33)
FN:486,(anonymous_34)
FN:497,(anonymous_35)
FN:504,(anonymous_36)
FNF:37
FNH:0
FNDA:0,(anonymous_0)
FNDA:0,(anonymous_1)
FNDA:0,(anonymous_2)
FNDA:0,(anonymous_3)
FNDA:0,(anonymous_4)
FNDA:0,(anonymous_5)
FNDA:0,(anonymous_6)
FNDA:0,(anonymous_7)
FNDA:0,(anonymous_8)
FNDA:0,(anonymous_9)
FNDA:0,(anonymous_10)
FNDA:0,(anonymous_11)
FNDA:0,(anonymous_12)
FNDA:0,(anonymous_13)
FNDA:0,(anonymous_14)
FNDA:0,(anonymous_15)
FNDA:0,(anonymous_16)
FNDA:0,(anonymous_17)
FNDA:0,(anonymous_18)
FNDA:0,(anonymous_19)
FNDA:0,(anonymous_20)
FNDA:0,(anonymous_21)
FNDA:0,(anonymous_22)
FNDA:0,(anonymous_23)
FNDA:0,(anonymous_24)
FNDA:0,(anonymous_25)
FNDA:0,(anonymous_26)
FNDA:0,(anonymous_27)
FNDA:0,(anonymous_28)
FNDA:0,(anonymous_29)
FNDA:0,(anonymous_30)
FNDA:0,(anonymous_31)
FNDA:0,(anonymous_32)
FNDA:0,(anonymous_33)
FNDA:0,(anonymous_34)
FNDA:0,(anonymous_35)
FNDA:0,(anonymous_36)
DA:8,0
DA:9,0
DA:10,0
DA:11,0
DA:13,0
DA:18,0
DA:19,0
DA:21,0
DA:26,0
DA:28,0
DA:29,0
DA:30,0
DA:31,0
DA:32,0
DA:33,0
DA:34,0
DA:35,0
DA:36,0
DA:37,0
DA:39,0
DA:42,0
DA:47,0
DA:48,0
DA:50,0
DA:54,0
DA:56,0
DA:58,0
DA:59,0
DA:63,0
DA:65,0
DA:66,0
DA:70,0
DA:71,0
DA:72,0
DA:73,0
DA:78,0
DA:82,0
DA:83,0
DA:85,0
DA:88,0
DA:89,0
DA:90,0
DA:95,0
DA:96,0
DA:101,0
DA:102,0
DA:103,0
DA:108,0
DA:109,0
DA:114,0
DA:115,0
DA:116,0
DA:121,0
DA:122,0
DA:126,0
DA:130,0
DA:131,0
DA:133,0
DA:136,0
DA:138,0
DA:139,0
DA:140,0
DA:141,0
DA:143,0
DA:144,0
DA:145,0
DA:146,0
DA:149,0
DA:150,0
DA:152,0
DA:153,0
DA:158,0
DA:162,0
DA:163,0
DA:165,0
DA:167,0
DA:169,0
DA:171,0
DA:172,0
DA:174,0
DA:177,0
DA:178,0
DA:182,0
DA:183,0
DA:188,0
DA:192,0
DA:193,0
DA:197,0
DA:201,0
DA:202,0
DA:204,0
DA:206,0
DA:208,0
DA:210,0
DA:212,0
DA:213,0
DA:214,0
DA:217,0
DA:222,0
DA:223,0
DA:227,0
DA:228,0
DA:232,0
DA:233,0
DA:239,0
DA:240,0
DA:241,0
DA:242,0
DA:243,0
DA:248,0
DA:252,0
DA:253,0
DA:255,0
DA:257,0
DA:259,0
DA:260,0
DA:262,0
DA:264,0
DA:265,0
DA:268,0
DA:269,0
DA:273,0
DA:274,0
DA:277,0
DA:278,0
DA:281,0
DA:285,0
DA:289,0
DA:290,0
DA:292,0
DA:294,0
DA:302,0
DA:303,0
DA:304,0
DA:305,0
DA:309,0
DA:310,0
DA:314,0
DA:315,0
DA:319,0
DA:320,0
DA:323,0
DA:327,0
DA:328,0
DA:330,0
DA:339,0
DA:340,0
DA:341,0
DA:345,0
DA:346,0
DA:350,0
DA:354,0
DA:355,0
DA:357,0
DA:360,0
DA:361,0
DA:362,0
DA:366,0
DA:367,0
DA:368,0
DA:372,0
DA:373,0
DA:374,0
DA:375,0
DA:376,0
DA:380,0
DA:384,0
DA:391,0
DA:393,0
DA:394,0
DA:395,0
DA:397,0
DA:398,0
DA:399,0
DA:404,0
DA:405,0
DA:406,0
DA:407,0
DA:409,0
DA:410,0
DA:411,0
DA:412,0
DA:413,0
DA:414,0
DA:416,0
DA:417,0
DA:418,0
DA:419,0
DA:420,0
DA:425,0
DA:435,0
DA:436,0
DA:443,0
DA:448,0
DA:449,0
DA:450,0
DA:451,0
DA:452,0
DA:453,0
DA:455,0
DA:456,0
DA:465,0
DA:466,0
DA:468,0
DA:469,0
DA:471,0
DA:475,0
DA:477,0
DA:478,0
DA:479,0
DA:482,0
DA:487,0
DA:488,0
DA:489,0
DA:491,0
DA:497,0
DA:499,0
DA:503,0
DA:504,0
DA:505,0
DA:511,0
DA:512,0
LF:222
LH:0
BRDA:18,0,0,0
BRDA:18,0,1,0
BRDA:59,1,0,0
BRDA:59,1,1,0
BRDA:59,1,2,0
BRDA:63,2,0,0
BRDA:63,2,1,0
BRDA:65,3,0,0
BRDA:65,3,1,0
BRDA:65,4,0,0
BRDA:65,4,1,0
BRDA:72,5,0,0
BRDA:72,5,1,0
BRDA:72,6,0,0
BRDA:72,6,1,0
BRDA:90,7,0,0
BRDA:90,7,1,0
BRDA:90,7,2,0
BRDA:90,7,3,0
BRDA:95,8,0,0
BRDA:95,8,1,0
BRDA:103,9,0,0
BRDA:103,9,1,0
BRDA:103,9,2,0
BRDA:103,9,3,0
BRDA:108,10,0,0
BRDA:108,10,1,0
BRDA:116,11,0,0
BRDA:116,11,1,0
BRDA:116,11,2,0
BRDA:116,11,3,0
BRDA:121,12,0,0
BRDA:121,12,1,0
BRDA:121,13,0,0
BRDA:121,13,1,0
BRDA:121,13,2,0
BRDA:143,14,0,0
BRDA:143,14,1,0
BRDA:143,15,0,0
BRDA:143,15,1,0
BRDA:149,16,0,0
BRDA:149,16,1,0
BRDA:149,16,2,0
BRDA:149,16,3,0
BRDA:150,17,0,0
BRDA:150,17,1,0
BRDA:152,18,0,0
BRDA:152,18,1,0
BRDA:171,19,0,0
BRDA:171,19,1,0
BRDA:177,20,0,0
BRDA:177,20,1,0
BRDA:177,21,0,0
BRDA:177,21,1,0
BRDA:177,21,2,0
BRDA:177,21,3,0
BRDA:182,22,0,0
BRDA:182,22,1,0
BRDA:182,23,0,0
BRDA:182,23,1,0
BRDA:182,23,2,0
BRDA:182,23,3,0
BRDA:182,23,4,0
BRDA:188,24,0,0
BRDA:188,24,1,0
BRDA:188,24,2,0
BRDA:192,25,0,0
BRDA:192,25,1,0
BRDA:192,26,0,0
BRDA:192,26,1,0
BRDA:213,27,0,0
BRDA:213,27,1,0
BRDA:213,28,0,0
BRDA:213,28,1,0
BRDA:213,28,2,0
BRDA:217,29,0,0
BRDA:217,29,1,0
BRDA:217,29,2,0
BRDA:217,29,3,0
BRDA:222,30,0,0
BRDA:222,30,1,0
BRDA:227,31,0,0
BRDA:227,31,1,0
BRDA:228,32,0,0
BRDA:228,32,1,0
BRDA:228,32,2,0
BRDA:232,33,0,0
BRDA:232,33,1,0
BRDA:242,34,0,0
BRDA:242,34,1,0
BRDA:242,35,0,0
BRDA:242,35,1,0
BRDA:259,36,0,0
BRDA:259,36,1,0
BRDA:268,37,0,0
BRDA:268,37,1,0
BRDA:273,38,0,0
BRDA:273,38,1,0
BRDA:273,39,0,0
BRDA:273,39,1,0
BRDA:277,40,0,0
BRDA:277,40,1,0
BRDA:302,41,0,0
BRDA:302,41,1,0
BRDA:304,42,0,0
BRDA:304,42,1,0
BRDA:309,43,0,0
BRDA:309,43,1,0
BRDA:314,44,0,0
BRDA:314,44,1,0
BRDA:319,45,0,0
BRDA:319,45,1,0
BRDA:345,46,0,0
BRDA:345,46,1,0
BRDA:361,47,0,0
BRDA:361,47,1,0
BRDA:367,48,0,0
BRDA:367,48,1,0
BRDA:375,49,0,0
BRDA:375,49,1,0
BRDA:383,50,0,0
BRDA:393,51,0,0
BRDA:393,51,1,0
BRDA:416,52,0,0
BRDA:416,52,1,0
BRDA:435,53,0,0
BRDA:435,53,1,0
BRDA:479,54,0,0
BRDA:479,54,1,0
BRDA:488,55,0,0
BRDA:488,55,1,0
BRDA:499,56,0,0
BRDA:499,56,1,0
BRDA:499,56,2,0
BRDA:503,57,0,0
BRDA:503,57,1,0
BRDA:511,58,0,0
BRDA:511,58,1,0
BRDA:511,59,0,0
BRDA:511,59,1,0
BRF:140
BRH:0
end_of_record
TN:
SF:public\JS\accessibility.js
FN:7,(anonymous_0)
FN:15,(anonymous_1)
FN:27,(anonymous_2)
FN:28,(anonymous_3)
FN:36,(anonymous_4)
FN:56,(anonymous_5)
FN:73,(anonymous_6)
FN:81,(anonymous_7)
FN:88,(anonymous_8)
FN:91,(anonymous_9)
FN:94,(anonymous_10)
FN:99,(anonymous_11)
FN:100,(anonymous_12)
FN:103,(anonymous_13)
FN:107,(anonymous_14)
FN:143,(anonymous_15)
FN:181,(anonymous_16)
FN:186,(anonymous_17)
FN:203,(anonymous_18)
FN:212,(anonymous_19)
FN:222,(anonymous_20)
FN:228,(anonymous_21)
FN:230,(anonymous_22)
FN:231,(anonymous_23)
FN:247,(anonymous_24)
FN:255,(anonymous_25)
FN:263,(anonymous_26)
FN:264,(anonymous_27)
FN:274,(anonymous_28)
FN:295,(anonymous_29)
FN:299,(anonymous_30)
FN:306,(anonymous_31)
FN:315,(anonymous_32)
FN:325,(anonymous_33)
FN:351,(anonymous_34)
FN:354,(anonymous_35)
FN:356,(anonymous_36)
FN:361,(anonymous_37)
FN:363,(anonymous_38)
FN:370,(anonymous_39)
FN:380,(anonymous_40)
FN:391,(anonymous_41)
FN:392,(anonymous_42)
FN:402,(anonymous_43)
FN:421,(anonymous_44)
FN:430,(anonymous_45)
FN:450,(anonymous_46)
FN:454,(anonymous_47)
FN:466,(anonymous_48)
FN:487,(anonymous_49)
FN:491,(anonymous_50)
FN:495,(anonymous_51)
FN:499,(anonymous_52)
FN:503,(anonymous_53)
FNF:54
FNH:0
FNDA:0,(anonymous_0)
FNDA:0,(anonymous_1)
FNDA:0,(anonymous_2)
FNDA:0,(anonymous_3)
FNDA:0,(anonymous_4)
FNDA:0,(anonymous_5)
FNDA:0,(anonymous_6)
FNDA:0,(anonymous_7)
FNDA:0,(anonymous_8)
FNDA:0,(anonymous_9)
FNDA:0,(anonymous_10)
FNDA:0,(anonymous_11)
FNDA:0,(anonymous_12)
FNDA:0,(anonymous_13)
FNDA:0,(anonymous_14)
FNDA:0,(anonymous_15)
FNDA:0,(anonymous_16)
FNDA:0,(anonymous_17)
FNDA:0,(anonymous_18)
FNDA:0,(anonymous_19)
FNDA:0,(anonymous_20)
FNDA:0,(anonymous_21)
FNDA:0,(anonymous_22)
FNDA:0,(anonymous_23)
FNDA:0,(anonymous_24)
FNDA:0,(anonymous_25)
FNDA:0,(anonymous_26)
FNDA:0,(anonymous_27)
FNDA:0,(anonymous_28)
FNDA:0,(anonymous_29)
FNDA:0,(anonymous_30)
FNDA:0,(anonymous_31)
FNDA:0,(anonymous_32)
FNDA:0,(anonymous_33)
FNDA:0,(anonymous_34)
FNDA:0,(anonymous_35)
FNDA:0,(anonymous_36)
FNDA:0,(anonymous_37)
FNDA:0,(anonymous_38)
FNDA:0,(anonymous_39)
FNDA:0,(anonymous_40)
FNDA:0,(anonymous_41)
FNDA:0,(anonymous_42)
FNDA:0,(anonymous_43)
FNDA:0,(anonymous_44)
FNDA:0,(anonymous_45)
FNDA:0,(anonymous_46)
FNDA:0,(anonymous_47)
FNDA:0,(anonymous_48)
FNDA:0,(anonymous_49)
FNDA:0,(anonymous_50)
FNDA:0,(anonymous_51)
FNDA:0,(anonymous_52)
FNDA:0,(anonymous_53)
DA:8,0
DA:9,0
DA:10,0
DA:12,0
DA:16,0
DA:17,0
DA:18,0
DA:19,0
DA:20,0
DA:21,0
DA:22,0
DA:23,0
DA:28,0
DA:29,0
DA:30,0
DA:31,0
DA:32,0
DA:36,0
DA:37,0
DA:38,0
DA:39,0
DA:57,0
DA:58,0
DA:59,0
DA:60,0
DA:61,0
DA:62,0
DA:64,0
DA:65,0
DA:66,0
DA:67,0
DA:68,0
DA:69,0
DA:74,0
DA:75,0
DA:77,0
DA:78,0
DA:81,0
DA:82,0
DA:89,0
DA:91,0
DA:92,0
DA:94,0
DA:96,0
DA:99,0
DA:100,0
DA:103,0
DA:108,0
DA:109,0
DA:111,0
DA:112,0
DA:115,0
DA:116,0
DA:120,0
DA:121,0
DA:122,0
DA:123,0
DA:124,0
DA:125,0
DA:127,0
DA:131,0
DA:132,0
DA:133,0
DA:134,0
DA:135,0
DA:136,0
DA:137,0
DA:139,0
DA:144,0
DA:145,0
DA:146,0
DA:149,0
DA:150,0
DA:151,0
DA:155,0
DA:156,0
DA:157,0
DA:158,0
DA:159,0
DA:164,0
DA:165,0
DA:166,0
DA:170,0
DA:172,0
DA:173,0
DA:175,0
DA:178,0
DA:182,0
DA:183,0
DA:184,0
DA:186,0
DA:187,0
DA:188,0
DA:189,0
DA:190,0
DA:191,0
DA:196,0
DA:197,0
DA:198,0
DA:199,0
DA:204,0
DA:205,0
DA:206,0
DA:207,0
DA:208,0
DA:213,0
DA:214,0
DA:215,0
DA:216,0
DA:217,0
DA:218,0
DA:223,0
DA:224,0
DA:229,0
DA:230,0
DA:231,0
DA:232,0
DA:233,0
DA:234,0
DA:235,0
DA:236,0
DA:237,0
DA:240,0
DA:241,0
DA:247,0
DA:248,0
DA:249,0
DA:257,0
DA:260,0
DA:264,0
DA:265,0
DA:266,0
DA:267,0
DA:268,0
DA:275,0
DA:279,0
DA:280,0
DA:282,0
DA:283,0
DA:284,0
DA:285,0
DA:288,0
DA:289,0
DA:290,0
DA:296,0
DA:299,0
DA:300,0
DA:301,0
DA:306,0
DA:307,0
DA:308,0
DA:309,0
DA:316,0
DA:317,0
DA:318,0
DA:319,0
DA:320,0
DA:321,0
DA:326,0
DA:327,0
DA:328,0
DA:330,0
DA:331,0
DA:332,0
DA:333,0
DA:334,0
DA:336,0
DA:348,0
DA:351,0
DA:354,0
DA:355,0
DA:356,0
DA:360,0
DA:361,0
DA:362,0
DA:363,0
DA:367,0
DA:371,0
DA:377,0
DA:381,0
DA:387,0
DA:392,0
DA:393,0
DA:394,0
DA:395,0
DA:396,0
DA:403,0
DA:404,0
DA:405,0
DA:406,0
DA:407,0
DA:409,0
DA:417,0
DA:418,0
DA:422,0
DA:423,0
DA:424,0
DA:425,0
DA:431,0
DA:432,0
DA:433,0
DA:434,0
DA:435,0
DA:436,0
DA:437,0
DA:439,0
DA:440,0
DA:441,0
DA:442,0
DA:443,0
DA:444,0
DA:451,0
DA:455,0
DA:456,0
DA:457,0
DA:458,0
DA:459,0
DA:461,0
DA:462,0
DA:467,0
DA:468,0
DA:469,0
DA:470,0
DA:471,0
DA:473,0
DA:475,0
DA:476,0
DA:478,0
DA:479,0
DA:482,0
DA:487,0
DA:488,0
DA:491,0
DA:492,0
DA:495,0
DA:496,0
DA:499,0
DA:500,0
DA:503,0
DA:504,0
DA:509,0
DA:510,0
LF:242
LH:0
BRDA:29,0,0,0
BRDA:29,0,1,0
BRDA:73,1,0,0
BRDA:74,2,0,0
BRDA:74,2,1,0
BRDA:77,3,0,0
BRDA:77,3,1,0
BRDA:109,4,0,0
BRDA:109,4,1,0
BRDA:111,5,0,0
BRDA:111,5,1,0
BRDA:115,6,0,0
BRDA:115,6,1,0
BRDA:115,7,0,0
BRDA:115,7,1,0
BRDA:120,8,0,0
BRDA:120,8,1,0
BRDA:121,9,0,0
BRDA:121,9,1,0
BRDA:121,10,0,0
BRDA:121,10,1,0
BRDA:131,11,0,0
BRDA:131,11,1,0
BRDA:149,12,0,0
BRDA:149,12,1,0
BRDA:149,13,0,0
BRDA:149,13,1,0
BRDA:155,14,0,0
BRDA:155,14,1,0
BRDA:155,15,0,0
BRDA:155,15,1,0
BRDA:157,16,0,0
BRDA:157,16,1,0
BRDA:164,17,0,0
BRDA:164,17,1,0
BRDA:164,18,0,0
BRDA:164,18,1,0
BRDA:164,18,2,0
BRDA:172,19,0,0
BRDA:172,19,1,0
BRDA:188,20,0,0
BRDA:188,20,1,0
BRDA:190,21,0,0
BRDA:190,21,1,0
BRDA:196,22,0,0
BRDA:196,22,1,0
BRDA:205,23,0,0
BRDA:205,23,1,0
BRDA:214,24,0,0
BRDA:214,24,1,0
BRDA:224,25,0,0
BRDA:224,25,1,0
BRDA:224,25,2,0
BRDA:229,26,0,0
BRDA:229,26,1,0
BRDA:232,27,0,0
BRDA:232,27,1,0
BRDA:240,28,0,0
BRDA:240,28,1,0
BRDA:241,29,0,0
BRDA:241,29,1,0
BRDA:265,30,0,0
BRDA:265,30,1,0
BRDA:267,31,0,0
BRDA:267,31,1,0
BRDA:282,32,0,0
BRDA:282,32,1,0
BRDA:283,33,0,0
BRDA:283,33,1,0
BRDA:288,34,0,0
BRDA:288,34,1,0
BRDA:300,35,0,0
BRDA:300,35,1,0
BRDA:307,36,0,0
BRDA:307,36,1,0
BRDA:316,37,0,0
BRDA:316,37,1,0
BRDA:325,38,0,0
BRDA:325,39,0,0
BRDA:377,40,0,0
BRDA:377,40,1,0
BRDA:387,41,0,0
BRDA:387,41,1,0
BRDA:395,42,0,0
BRDA:395,42,1,0
BRDA:402,43,0,0
BRDA:423,44,0,0
BRDA:423,44,1,0
BRDA:430,45,0,0
BRDA:431,46,0,0
BRDA:431,46,1,0
BRDA:442,47,0,0
BRDA:442,47,1,0
BRDA:478,48,0,0
BRDA:478,48,1,0
BRDA:509,49,0,0
BRDA:509,49,1,0
BRDA:509,50,0,0
BRDA:509,50,1,0
BRF:99
BRH:0
end_of_record
TN:
SF:public\JS\admin-dashboard.js
FN:2,(anonymous_0)
FN:9,loadQuickStats
FN:38,updateStatCard
FN:46,updateGrowthIndicator
FN:56,loadUserGrowthChart
FN:65,(anonymous_5)
FN:68,(anonymous_6)
FN:89,loadReviewTrendsChart
FN:98,(anonymous_8)
FN:101,(anonymous_9)
FN:122,loadTopDestinationsChart
FN:131,(anonymous_11)
FN:134,(anonymous_12)
FN:149,loadTopContributorsChart
FN:158,(anonymous_14)
FN:161,(anonymous_15)
FN:176,loadCategoryChart
FN:185,(anonymous_17)
FN:187,(anonymous_18)
FN:231,loadRevenueChart
FN:240,(anonymous_20)
FN:243,(anonymous_21)
FN:251,(anonymous_22)
FN:323,updateAvgPrice
FN:337,formatMonth
FN:343,generateColors
FN:350,(anonymous_26)
FN:353,getLineChartOptions
FN:384,getBarChartOptions
FN:414,showLoading
FN:415,(anonymous_30)
FN:420,showError
FN:425,showChartError
FN:438,initializeDashboard
FN:453,startAutoRefresh
FN:454,(anonymous_35)
FN:469,initializeSidebar
FN:471,(anonymous_37)
FN:472,(anonymous_38)
FN:477,(anonymous_39)
FN:481,(anonymous_40)
FN:504,loadSectionData
FN:525,loadUsers
FN:546,renderUsersTable
FN:548,(anonymous_44)
FN:575,loadListings
FN:597,renderListingsTable
FN:599,(anonymous_47)
FN:627,loadReviews
FN:649,renderReviewsTable
FN:651,(anonymous_50)
FN:686,renderStars
FN:695,loadSettings
FN:710,saveSettings
FN:727,resetSettings
FN:735,loadActivity
FN:747,renderActivityFeed
FN:749,(anonymous_57)
FN:762,getActivityIcon
FN:770,formatActivityTime
FN:776,toggleAdmin
FN:801,deleteUser
FN:822,toggleFeatured
FN:847,deleteListing
FN:868,toggleFlag
FN:891,deleteReview
FN:913,getUserById
FN:919,getListingById
FN:926,renderPagination
FN:960,changePage
FN:978,initializeSearchAndFilters
FN:980,(anonymous_71)
FN:982,(anonymous_72)
FN:988,(anonymous_73)
FN:994,(anonymous_74)
FN:999,(anonymous_75)
FN:1005,(anonymous_76)
FN:1007,(anonymous_77)
FN:1013,(anonymous_78)
FN:1019,(anonymous_79)
FN:1024,(anonymous_80)
FN:1029,(anonymous_81)
FN:1035,(anonymous_82)
FN:1037,(anonymous_83)
FN:1043,(anonymous_84)
FN:1049,(anonymous_85)
FN:1054,(anonymous_86)
FN:1059,(anonymous_87)
FN:1070,showSuccess
FN:1076,showError
FN:1097,(anonymous_90)
FN:1098,(anonymous_91)
FNF:92
FNH:0
FNDA:0,(anonymous_0)
FNDA:0,loadQuickStats
FNDA:0,updateStatCard
FNDA:0,updateGrowthIndicator
FNDA:0,loadUserGrowthChart
FNDA:0,(anonymous_5)
FNDA:0,(anonymous_6)
FNDA:0,loadReviewTrendsChart
FNDA:0,(anonymous_8)
FNDA:0,(anonymous_9)
FNDA:0,loadTopDestinationsChart
FNDA:0,(anonymous_11)
FNDA:0,(anonymous_12)
FNDA:0,loadTopContributorsChart
FNDA:0,(anonymous_14)
FNDA:0,(anonymous_15)
FNDA:0,loadCategoryChart
FNDA:0,(anonymous_17)
FNDA:0,(anonymous_18)
FNDA:0,loadRevenueChart
FNDA:0,(anonymous_20)
FNDA:0,(anonymous_21)
FNDA:0,(anonymous_22)
FNDA:0,updateAvgPrice
FNDA:0,formatMonth
FNDA:0,generateColors
FNDA:0,(anonymous_26)
FNDA:0,getLineChartOptions
FNDA:0,getBarChartOptions
FNDA:0,showLoading
FNDA:0,(anonymous_30)
FNDA:0,showError
FNDA:0,showChartError
FNDA:0,initializeDashboard
FNDA:0,startAutoRefresh
FNDA:0,(anonymous_35)
FNDA:0,initializeSidebar
FNDA:0,(anonymous_37)
FNDA:0,(anonymous_38)
FNDA:0,(anonymous_39)
FNDA:0,(anonymous_40)
FNDA:0,loadSectionData
FNDA:0,loadUsers
FNDA:0,renderUsersTable
FNDA:0,(anonymous_44)
FNDA:0,loadListings
FNDA:0,renderListingsTable
FNDA:0,(anonymous_47)
FNDA:0,loadReviews
FNDA:0,renderReviewsTable
FNDA:0,(anonymous_50)
FNDA:0,renderStars
FNDA:0,loadSettings
FNDA:0,saveSettings
FNDA:0,resetSettings
FNDA:0,loadActivity
FNDA:0,renderActivityFeed
FNDA:0,(anonymous_57)
FNDA:0,getActivityIcon
FNDA:0,formatActivityTime
FNDA:0,toggleAdmin
FNDA:0,deleteUser
FNDA:0,toggleFeatured
FNDA:0,deleteListing
FNDA:0,toggleFlag
FNDA:0,deleteReview
FNDA:0,getUserById
FNDA:0,getListingById
FNDA:0,renderPagination
FNDA:0,changePage
FNDA:0,initializeSearchAndFilters
FNDA:0,(anonymous_71)
FNDA:0,(anonymous_72)
FNDA:0,(anonymous_73)
FNDA:0,(anonymous_74)
FNDA:0,(anonymous_75)
FNDA:0,(anonymous_76)
FNDA:0,(anonymous_77)
FNDA:0,(anonymous_78)
FNDA:0,(anonymous_79)
FNDA:0,(anonymous_80)
FNDA:0,(anonymous_81)
FNDA:0,(anonymous_82)
FNDA:0,(anonymous_83)
FNDA:0,(anonymous_84)
FNDA:0,(anonymous_85)
FNDA:0,(anonymous_86)
FNDA:0,(anonymous_87)
FNDA:0,showSuccess
FNDA:0,showError
FNDA:0,(anonymous_90)
FNDA:0,(anonymous_91)
DA:2,0
DA:4,0
DA:5,0
DA:6,0
DA:10,0
DA:11,0
DA:16,0
DA:17,0
DA:20,0
DA:21,0
DA:22,0
DA:23,0
DA:24,0
DA:27,0
DA:28,0
DA:29,0
DA:32,0
DA:33,0
DA:39,0
DA:40,0
DA:41,0
DA:47,0
DA:48,0
DA:49,0
DA:50,0
DA:51,0
DA:57,0
DA:58,0
DA:59,0
DA:61,0
DA:62,0
DA:65,0
DA:68,0
DA:83,0
DA:84,0
DA:90,0
DA:91,0
DA:92,0
DA:94,0
DA:95,0
DA:98,0
DA:101,0
DA:116,0
DA:117,0
DA:123,0
DA:124,0
DA:125,0
DA:127,0
DA:128,0
DA:131,0
DA:134,0
DA:143,0
DA:144,0
DA:150,0
DA:151,0
DA:152,0
DA:154,0
DA:155,0
DA:158,0
DA:161,0
DA:170,0
DA:171,0
DA:177,0
DA:178,0
DA:179,0
DA:181,0
DA:182,0
DA:185,0
DA:187,0
DA:225,0
DA:226,0
DA:232,0
DA:233,0
DA:234,0
DA:236,0
DA:237,0
DA:240,0
DA:243,0
DA:251,0
DA:317,0
DA:318,0
DA:324,0
DA:325,0
DA:326,0
DA:327,0
DA:328,0
DA:329,0
DA:332,0
DA:338,0
DA:339,0
DA:340,0
DA:344,0
DA:349,0
DA:350,0
DA:354,0
DA:385,0
DA:415,0
DA:416,0
DA:421,0
DA:426,0
DA:427,0
DA:428,0
DA:429,0
DA:430,0
DA:431,0
DA:432,0
DA:433,0
DA:439,0
DA:442,0
DA:443,0
DA:444,0
DA:445,0
DA:446,0
DA:447,0
DA:448,0
DA:449,0
DA:454,0
DA:455,0
DA:456,0
DA:461,0
DA:462,0
DA:463,0
DA:470,0
DA:471,0
DA:472,0
DA:473,0
DA:474,0
DA:477,0
DA:478,0
DA:481,0
DA:482,0
DA:486,0
DA:488,0
DA:490,0
DA:491,0
DA:492,0
DA:493,0
DA:496,0
DA:505,0
DA:507,0
DA:508,0
DA:510,0
DA:511,0
DA:513,0
DA:514,0
DA:516,0
DA:517,0
DA:519,0
DA:520,0
DA:526,0
DA:527,0
DA:535,0
DA:536,0
DA:538,0
DA:539,0
DA:541,0
DA:542,0
DA:547,0
DA:548,0
DA:576,0
DA:577,0
DA:586,0
DA:587,0
DA:589,0
DA:590,0
DA:592,0
DA:593,0
DA:598,0
DA:599,0
DA:628,0
DA:629,0
DA:638,0
DA:639,0
DA:641,0
DA:642,0
DA:644,0
DA:645,0
DA:650,0
DA:651,0
DA:687,0
DA:688,0
DA:689,0
DA:691,0
DA:696,0
DA:697,0
DA:698,0
DA:700,0
DA:701,0
DA:702,0
DA:703,0
DA:705,0
DA:706,0
DA:711,0
DA:718,0
DA:720,0
DA:722,0
DA:723,0
DA:728,0
DA:729,0
DA:730,0
DA:731,0
DA:736,0
DA:737,0
DA:738,0
DA:740,0
DA:742,0
DA:743,0
DA:748,0
DA:749,0
DA:763,0
DA:767,0
DA:771,0
DA:772,0
DA:777,0
DA:778,0
DA:780,0
DA:781,0
DA:782,0
DA:786,0
DA:788,0
DA:789,0
DA:790,0
DA:792,0
DA:795,0
DA:796,0
DA:802,0
DA:803,0
DA:804,0
DA:807,0
DA:809,0
DA:810,0
DA:811,0
DA:813,0
DA:816,0
DA:817,0
DA:823,0
DA:824,0
DA:826,0
DA:827,0
DA:828,0
DA:832,0
DA:834,0
DA:835,0
DA:836,0
DA:838,0
DA:841,0
DA:842,0
DA:848,0
DA:849,0
DA:850,0
DA:853,0
DA:855,0
DA:856,0
DA:857,0
DA:859,0
DA:862,0
DA:863,0
DA:869,0
DA:870,0
DA:871,0
DA:872,0
DA:876,0
DA:878,0
DA:879,0
DA:880,0
DA:882,0
DA:885,0
DA:886,0
DA:892,0
DA:893,0
DA:894,0
DA:897,0
DA:899,0
DA:900,0
DA:901,0
DA:903,0
DA:906,0
DA:907,0
DA:916,0
DA:922,0
DA:927,0
DA:928,0
DA:930,0
DA:931,0
DA:932,0
DA:935,0
DA:937,0
DA:938,0
DA:941,0
DA:946,0
DA:947,0
DA:953,0
DA:957,0
DA:961,0
DA:963,0
DA:964,0
DA:965,0
DA:967,0
DA:968,0
DA:969,0
DA:971,0
DA:972,0
DA:973,0
DA:980,0
DA:981,0
DA:982,0
DA:983,0
DA:984,0
DA:988,0
DA:989,0
DA:990,0
DA:991,0
DA:994,0
DA:995,0
DA:996,0
DA:999,0
DA:1000,0
DA:1001,0
DA:1005,0
DA:1006,0
DA:1007,0
DA:1008,0
DA:1009,0
DA:1013,0
DA:1014,0
DA:1015,0
DA:1016,0
DA:1019,0
DA:1020,0
DA:1021,0
DA:1024,0
DA:1025,0
DA:1026,0
DA:1029,0
DA:1030,0
DA:1031,0
DA:1035,0
DA:1036,0
DA:1037,0
DA:1038,0
DA:1039,0
DA:1043,0
DA:1044,0
DA:1045,0
DA:1046,0
DA:1049,0
DA:1050,0
DA:1051,0
DA:1054,0
DA:1055,0
DA:1056,0
DA:1059,0
DA:1060,0
DA:1061,0
DA:1065,0
DA:1066,0
DA:1072,0
DA:1073,0
DA:1077,0
DA:1078,0
DA:1082,0
DA:1083,0
DA:1084,0
DA:1085,0
DA:1086,0
DA:1087,0
DA:1088,0
DA:1091,0
DA:1092,0
DA:1093,0
DA:1094,0
DA:1097,0
DA:1098,0
DA:1099,0
LF:374
LH:0
BRDA:40,0,0,0
BRDA:40,0,1,0
BRDA:41,1,0,0
BRDA:41,1,1,0
BRDA:48,2,0,0
BRDA:48,2,1,0
BRDA:51,3,0,0
BRDA:51,3,1,0
BRDA:131,4,0,0
BRDA:131,4,1,0
BRDA:185,5,0,0
BRDA:185,5,1,0
BRDA:327,6,0,0
BRDA:327,6,1,0
BRDA:343,7,0,0
BRDA:349,8,0,0
BRDA:349,8,1,0
BRDA:384,9,0,0
BRDA:427,10,0,0
BRDA:427,10,1,0
BRDA:486,11,0,0
BRDA:486,11,1,0
BRDA:491,12,0,0
BRDA:491,12,1,0
BRDA:505,13,0,0
BRDA:505,13,1,0
BRDA:505,13,2,0
BRDA:505,13,3,0
BRDA:505,13,4,0
BRDA:525,14,0,0
BRDA:525,15,0,0
BRDA:525,16,0,0
BRDA:525,17,0,0
BRDA:555,18,0,0
BRDA:555,18,1,0
BRDA:556,19,0,0
BRDA:556,19,1,0
BRDA:559,20,0,0
BRDA:559,20,1,0
BRDA:563,21,0,0
BRDA:563,21,1,0
BRDA:575,22,0,0
BRDA:575,23,0,0
BRDA:575,24,0,0
BRDA:575,25,0,0
BRDA:575,26,0,0
BRDA:608,27,0,0
BRDA:608,27,1,0
BRDA:609,28,0,0
BRDA:609,28,1,0
BRDA:615,29,0,0
BRDA:615,29,1,0
BRDA:627,30,0,0
BRDA:627,31,0,0
BRDA:627,32,0,0
BRDA:627,33,0,0
BRDA:627,34,0,0
BRDA:663,35,0,0
BRDA:663,35,1,0
BRDA:668,36,0,0
BRDA:668,36,1,0
BRDA:669,37,0,0
BRDA:669,37,1,0
BRDA:675,38,0,0
BRDA:675,38,1,0
BRDA:689,39,0,0
BRDA:689,39,1,0
BRDA:767,40,0,0
BRDA:767,40,1,0
BRDA:777,41,0,0
BRDA:777,41,1,0
BRDA:780,42,0,0
BRDA:780,42,1,0
BRDA:788,43,0,0
BRDA:788,43,1,0
BRDA:792,44,0,0
BRDA:792,44,1,0
BRDA:802,45,0,0
BRDA:802,45,1,0
BRDA:809,46,0,0
BRDA:809,46,1,0
BRDA:813,47,0,0
BRDA:813,47,1,0
BRDA:823,48,0,0
BRDA:823,48,1,0
BRDA:826,49,0,0
BRDA:826,49,1,0
BRDA:834,50,0,0
BRDA:834,50,1,0
BRDA:838,51,0,0
BRDA:838,51,1,0
BRDA:848,52,0,0
BRDA:848,52,1,0
BRDA:855,53,0,0
BRDA:855,53,1,0
BRDA:859,54,0,0
BRDA:859,54,1,0
BRDA:869,55,0,0
BRDA:869,55,1,0
BRDA:870,56,0,0
BRDA:870,56,1,0
BRDA:878,57,0,0
BRDA:878,57,1,0
BRDA:882,58,0,0
BRDA:882,58,1,0
BRDA:892,59,0,0
BRDA:892,59,1,0
BRDA:899,60,0,0
BRDA:899,60,1,0
BRDA:903,61,0,0
BRDA:903,61,1,0
BRDA:930,62,0,0
BRDA:930,62,1,0
BRDA:941,63,0,0
BRDA:941,63,1,0
BRDA:947,64,0,0
BRDA:947,64,1,0
BRDA:953,65,0,0
BRDA:953,65,1,0
BRDA:961,66,0,0
BRDA:961,66,1,0
BRDA:961,66,2,0
BRF:122
BRH:0
end_of_record
TN:
SF:public\JS\emergencyCacheClear.js
FN:6,(anonymous_0)
FN:22,emergencyCacheClear
FN:84,(anonymous_2)
FN:105,(anonymous_3)
FN:113,showNotification
FN:153,(anonymous_5)
FN:156,(anonymous_6)
FNF:7
FNH:0
FNDA:0,(anonymous_0)
FNDA:0,emergencyCacheClear
FNDA:0,(anonymous_2)
FNDA:0,(anonymous_3)
FNDA:0,showNotification
FNDA:0,(anonymous_5)
FNDA:0,(anonymous_6)
DA:6,0
DA:10,0
DA:13,0
DA:14,0
DA:15,0
DA:18,0
DA:20,0
DA:23,0
DA:24,0
DA:26,0
DA:28,0
DA:31,0
DA:32,0
DA:33,0
DA:34,0
DA:35,0
DA:36,0
DA:37,0
DA:39,0
DA:41,0
DA:46,0
DA:47,0
DA:48,0
DA:49,0
DA:50,0
DA:51,0
DA:52,0
DA:54,0
DA:56,0
DA:61,0
DA:62,0
DA:63,0
DA:64,0
DA:65,0
DA:66,0
DA:67,0
DA:69,0
DA:71,0
DA:76,0
DA:77,0
DA:78,0
DA:79,0
DA:80,0
DA:81,0
DA:84,0
DA:85,0
DA:86,0
DA:88,0
DA:91,0
DA:92,0
DA:95,0
DA:103,0
DA:104,0
DA:105,0
DA:106,0
DA:109,0
DA:114,0
DA:115,0
DA:129,0
DA:142,0
DA:143,0
DA:149,0
DA:150,0
DA:153,0
DA:154,0
DA:155,0
DA:156,0
DA:161,0
DA:162,0
DA:164,0
LF:70
LH:0
BRDA:13,0,0,0
BRDA:13,0,1,0
BRDA:23,1,0,0
BRDA:23,1,1,0
BRDA:31,2,0,0
BRDA:31,2,1,0
BRDA:46,3,0,0
BRDA:46,3,1,0
BRDA:61,4,0,0
BRDA:61,4,1,0
BRDA:80,5,0,0
BRDA:80,5,1,0
BRDA:80,6,0,0
BRDA:80,6,1,0
BRDA:103,7,0,0
BRDA:103,7,1,0
BRDA:103,8,0,0
BRDA:103,8,1,0
BRDA:161,9,0,0
BRDA:161,9,1,0
BRF:20
BRH:0
end_of_record
TN:
SF:public\JS\forceReload.js
FN:6,(anonymous_0)
FN:10,(anonymous_1)
FN:49,(anonymous_2)
FN:56,(anonymous_3)
FNF:4
FNH:0
FNDA:0,(anonymous_0)
FNDA:0,(anonymous_1)
FNDA:0,(anonymous_2)
FNDA:0,(anonymous_3)
DA:6,0
DA:7,0
DA:10,0
DA:11,0
DA:13,0
DA:15,0
DA:16,0
DA:17,0
DA:18,0
DA:19,0
DA:24,0
DA:25,0
DA:26,0
DA:27,0
DA:28,0
DA:33,0
DA:34,0
DA:35,0
DA:36,0
DA:37,0
DA:42,0
DA:43,0
DA:44,0
DA:46,0
DA:49,0
DA:50,0
DA:54,0
DA:55,0
DA:56,0
DA:57,0
DA:63,0
DA:64,0
DA:65,0
DA:66,0
LF:34
LH:0
BRDA:15,0,0,0
BRDA:15,0,1,0
BRDA:24,1,0,0
BRDA:24,1,1,0
BRDA:33,2,0,0
BRDA:33,2,1,0
BRF:6
BRH:0
end_of_record
TN:
SF:public\JS\i18n-manager.js
FN:7,(anonymous_0)
FN:34,(anonymous_1)
FN:43,(anonymous_2)
FN:46,(anonymous_3)
FN:47,(anonymous_4)
FN:48,(anonymous_5)
FN:49,(anonymous_6)
FN:50,(anonymous_7)
FN:64,(anonymous_8)
FN:69,(anonymous_9)
FN:75,(anonymous_10)
FN:94,(anonymous_11)
FN:100,(anonymous_12)
FN:127,(anonymous_13)
FN:129,(anonymous_14)
FN:144,(anonymous_15)
FN:158,(anonymous_16)
FN:172,(anonymous_17)
FN:173,(anonymous_18)
FN:187,(anonymous_19)
FN:188,(anonymous_20)
FN:200,(anonymous_21)
FN:234,(anonymous_22)
FN:261,(anonymous_23)
FN:281,(anonymous_24)
FN:286,(anonymous_25)
FN:300,(anonymous_26)
FN:314,(anonymous_27)
FN:321,(anonymous_28)
FN:328,(anonymous_29)
FN:332,(anonymous_30)
FN:336,(anonymous_31)
FN:340,(anonymous_32)
FN:344,(anonymous_33)
FN:354,(anonymous_34)
FN:376,(anonymous_35)
FN:384,(anonymous_36)
FN:386,(anonymous_37)
FN:402,(anonymous_38)
FN:408,(anonymous_39)
FN:413,(anonymous_40)
FN:419,(anonymous_41)
FN:426,(anonymous_42)
FN:427,(anonymous_43)
FN:435,(anonymous_44)
FN:436,(anonymous_45)
FN:445,(anonymous_46)
FN:459,(anonymous_47)
FN:470,(anonymous_48)
FN:471,(anonymous_49)
FN:472,(anonymous_50)
FN:473,(anonymous_51)
FN:482,(anonymous_52)
FN:494,(anonymous_53)
FN:511,(anonymous_54)
FN:518,(anonymous_55)
FN:524,(anonymous_56)
FN:530,(anonymous_57)
FN:537,(anonymous_58)
FN:543,(anonymous_59)
FN:551,(anonymous_60)
FN:555,(anonymous_61)
FN:559,(anonymous_62)
FN:563,(anonymous_63)
FN:568,(anonymous_64)
FN:576,(anonymous_65)
FN:586,(anonymous_66)
FN:590,(anonymous_67)
FN:591,(anonymous_68)
FN:592,(anonymous_69)
FN:593,(anonymous_70)
FN:594,(anonymous_71)
FNF:72
FNH:0
FNDA:0,(anonymous_0)
FNDA:0,(anonymous_1)
FNDA:0,(anonymous_2)
FNDA:0,(anonymous_3)
FNDA:0,(anonymous_4)
FNDA:0,(anonymous_5)
FNDA:0,(anonymous_6)
FNDA:0,(anonymous_7)
FNDA:0,(anonymous_8)
FNDA:0,(anonymous_9)
FNDA:0,(anonymous_10)
FNDA:0,(anonymous_11)
FNDA:0,(anonymous_12)
FNDA:0,(anonymous_13)
FNDA:0,(anonymous_14)
FNDA:0,(anonymous_15)
FNDA:0,(anonymous_16)
FNDA:0,(anonymous_17)
FNDA:0,(anonymous_18)
FNDA:0,(anonymous_19)
FNDA:0,(anonymous_20)
FNDA:0,(anonymous_21)
FNDA:0,(anonymous_22)
FNDA:0,(anonymous_23)
FNDA:0,(anonymous_24)
FNDA:0,(anonymous_25)
FNDA:0,(anonymous_26)
FNDA:0,(anonymous_27)
FNDA:0,(anonymous_28)
FNDA:0,(anonymous_29)
FNDA:0,(anonymous_30)
FNDA:0,(anonymous_31)
FNDA:0,(anonymous_32)
FNDA:0,(anonymous_33)
FNDA:0,(anonymous_34)
FNDA:0,(anonymous_35)
FNDA:0,(anonymous_36)
FNDA:0,(anonymous_37)
FNDA:0,(anonymous_38)
FNDA:0,(anonymous_39)
FNDA:0,(anonymous_40)
FNDA:0,(anonymous_41)
FNDA:0,(anonymous_42)
FNDA:0,(anonymous_43)
FNDA:0,(anonymous_44)
FNDA:0,(anonymous_45)
FNDA:0,(anonymous_46)
FNDA:0,(anonymous_47)
FNDA:0,(anonymous_48)
FNDA:0,(anonymous_49)
FNDA:0,(anonymous_50)
FNDA:0,(anonymous_51)
FNDA:0,(anonymous_52)
FNDA:0,(anonymous_53)
FNDA:0,(anonymous_54)
FNDA:0,(anonymous_55)
FNDA:0,(anonymous_56)
FNDA:0,(anonymous_57)
FNDA:0,(anonymous_58)
FNDA:0,(anonymous_59)
FNDA:0,(anonymous_60)
FNDA:0,(anonymous_61)
FNDA:0,(anonymous_62)
FNDA:0,(anonymous_63)
FNDA:0,(anonymous_64)
FNDA:0,(anonymous_65)
FNDA:0,(anonymous_66)
FNDA:0,(anonymous_67)
FNDA:0,(anonymous_68)
FNDA:0,(anonymous_69)
FNDA:0,(anonymous_70)
FNDA:0,(anonymous_71)
DA:8,0
DA:9,0
DA:10,0
DA:27,0
DA:28,0
DA:29,0
DA:31,0
DA:35,0
DA:36,0
DA:37,0
DA:38,0
DA:39,0
DA:40,0
DA:45,0
DA:46,0
DA:47,0
DA:48,0
DA:49,0
DA:50,0
DA:53,0
DA:54,0
DA:55,0
DA:56,0
DA:57,0
DA:61,0
DA:65,0
DA:66,0
DA:70,0
DA:71,0
DA:72,0
DA:76,0
DA:78,0
DA:79,0
DA:82,0
DA:87,0
DA:89,0
DA:90,0
DA:95,0
DA:96,0
DA:97,0
DA:101,0
DA:102,0
DA:104,0
DA:105,0
DA:107,0
DA:108,0
DA:121,0
DA:124,0
DA:128,0
DA:129,0
DA:146,0
DA:147,0
DA:149,0
DA:150,0
DA:151,0
DA:158,0
DA:169,0
DA:173,0
DA:174,0
DA:176,0
DA:177,0
DA:178,0
DA:180,0
DA:181,0
DA:188,0
DA:190,0
DA:191,0
DA:192,0
DA:193,0
DA:194,0
DA:201,0
DA:202,0
DA:203,0
DA:206,0
DA:208,0
DA:209,0
DA:210,0
DA:212,0
DA:213,0
DA:214,0
DA:215,0
DA:218,0
DA:221,0
DA:224,0
DA:227,0
DA:228,0
DA:230,0
DA:235,0
DA:236,0
DA:239,0
DA:240,0
DA:241,0
DA:242,0
DA:245,0
DA:248,0
DA:249,0
DA:250,0
DA:251,0
DA:256,0
DA:262,0
DA:265,0
DA:266,0
DA:269,0
DA:270,0
DA:272,0
DA:276,0
DA:277,0
DA:278,0
DA:282,0
DA:283,0
DA:287,0
DA:288,0
DA:294,0
DA:301,0
DA:302,0
DA:307,0
DA:308,0
DA:315,0
DA:316,0
DA:318,0
DA:321,0
DA:322,0
DA:325,0
DA:329,0
DA:333,0
DA:337,0
DA:341,0
DA:346,0
DA:347,0
DA:348,0
DA:351,0
DA:355,0
DA:370,0
DA:371,0
DA:372,0
DA:378,0
DA:381,0
DA:386,0
DA:387,0
DA:388,0
DA:390,0
DA:391,0
DA:392,0
DA:394,0
DA:397,0
DA:402,0
DA:403,0
DA:404,0
DA:408,0
DA:409,0
DA:410,0
DA:413,0
DA:414,0
DA:415,0
DA:420,0
DA:421,0
DA:422,0
DA:423,0
DA:427,0
DA:428,0
DA:429,0
DA:430,0
DA:436,0
DA:437,0
DA:438,0
DA:439,0
DA:440,0
DA:446,0
DA:447,0
DA:448,0
DA:449,0
DA:450,0
DA:451,0
DA:453,0
DA:454,0
DA:455,0
DA:459,0
DA:460,0
DA:461,0
DA:463,0
DA:464,0
DA:465,0
DA:471,0
DA:472,0
DA:473,0
DA:474,0
DA:476,0
DA:477,0
DA:481,0
DA:482,0
DA:488,0
DA:495,0
DA:496,0
DA:497,0
DA:499,0
DA:500,0
DA:501,0
DA:503,0
DA:506,0
DA:512,0
DA:513,0
DA:514,0
DA:519,0
DA:520,0
DA:525,0
DA:526,0
DA:531,0
DA:532,0
DA:533,0
DA:538,0
DA:539,0
DA:544,0
DA:545,0
DA:546,0
DA:552,0
DA:556,0
DA:560,0
DA:564,0
DA:570,0
DA:571,0
DA:573,0
DA:577,0
DA:578,0
DA:579,0
DA:581,0
DA:586,0
DA:587,0
DA:590,0
DA:591,0
DA:592,0
DA:593,0
DA:594,0
DA:598,0
DA:599,0
LF:234
LH:0
BRDA:55,0,0,0
BRDA:55,0,1,0
BRDA:55,1,0,0
BRDA:55,1,1,0
BRDA:70,2,0,0
BRDA:70,2,1,0
BRDA:72,3,0,0
BRDA:72,3,1,0
BRDA:102,4,0,0
BRDA:102,4,1,0
BRDA:131,5,0,0
BRDA:131,5,1,0
BRDA:138,6,0,0
BRDA:138,6,1,0
BRDA:147,7,0,0
BRDA:147,7,1,0
BRDA:159,8,0,0
BRDA:159,8,1,0
BRDA:176,9,0,0
BRDA:176,9,1,0
BRDA:180,10,0,0
BRDA:180,10,1,0
BRDA:180,11,0,0
BRDA:180,11,1,0
BRDA:190,12,0,0
BRDA:190,12,1,0
BRDA:190,13,0,0
BRDA:190,13,1,0
BRDA:193,14,0,0
BRDA:193,14,1,0
BRDA:201,15,0,0
BRDA:201,15,1,0
BRDA:235,16,0,0
BRDA:235,16,1,0
BRDA:241,17,0,0
BRDA:241,17,1,0
BRDA:248,18,0,0
BRDA:248,18,1,0
BRDA:248,19,0,0
BRDA:248,19,1,0
BRDA:250,20,0,0
BRDA:250,20,1,0
BRDA:266,21,0,0
BRDA:266,21,1,0
BRDA:269,22,0,0
BRDA:269,22,1,0
BRDA:307,23,0,0
BRDA:307,23,1,0
BRDA:314,24,0,0
BRDA:315,25,0,0
BRDA:315,25,1,0
BRDA:316,26,0,0
BRDA:316,26,1,0
BRDA:318,27,0,0
BRDA:318,27,1,0
BRDA:318,27,2,0
BRDA:329,28,0,0
BRDA:329,28,1,0
BRDA:333,29,0,0
BRDA:333,29,1,0
BRDA:337,30,0,0
BRDA:337,30,1,0
BRDA:341,31,0,0
BRDA:341,31,1,0
BRDA:371,32,0,0
BRDA:371,32,1,0
BRDA:390,33,0,0
BRDA:390,33,1,0
BRDA:390,34,0,0
BRDA:390,34,1,0
BRDA:391,35,0,0
BRDA:391,35,1,0
BRDA:391,36,0,0
BRDA:391,36,1,0
BRDA:429,37,0,0
BRDA:429,37,1,0
BRDA:439,38,0,0
BRDA:439,38,1,0
BRDA:447,39,0,0
BRDA:447,39,1,0
BRDA:453,40,0,0
BRDA:453,40,1,0
BRDA:454,41,0,0
BRDA:454,41,1,0
BRDA:455,42,0,0
BRDA:455,42,1,0
BRDA:464,43,0,0
BRDA:464,43,1,0
BRDA:465,44,0,0
BRDA:465,44,1,0
BRDA:474,45,0,0
BRDA:474,45,1,0
BRDA:476,46,0,0
BRDA:476,46,1,0
BRDA:476,47,0,0
BRDA:476,47,1,0
BRDA:481,48,0,0
BRDA:481,48,1,0
BRDA:496,49,0,0
BRDA:496,49,1,0
BRDA:499,50,0,0
BRDA:499,50,1,0
BRDA:499,51,0,0
BRDA:499,51,1,0
BRDA:500,52,0,0
BRDA:500,52,1,0
BRDA:500,53,0,0
BRDA:500,53,1,0
BRDA:519,54,0,0
BRDA:519,54,1,0
BRDA:525,55,0,0
BRDA:525,55,1,0
BRDA:532,56,0,0
BRDA:532,56,1,0
BRDA:538,57,0,0
BRDA:538,57,1,0
BRDA:545,58,0,0
BRDA:545,58,1,0
BRDA:560,59,0,0
BRDA:560,59,1,0
BRDA:563,60,0,0
BRDA:568,61,0,0
BRDA:570,62,0,0
BRDA:570,62,1,0
BRDA:571,63,0,0
BRDA:571,63,1,0
BRDA:598,64,0,0
BRDA:598,64,1,0
BRDA:598,65,0,0
BRDA:598,65,1,0
BRF:130
BRH:0
end_of_record
TN:
SF:public\JS\lazy-loading.js
FN:7,(anonymous_0)
FN:15,(anonymous_1)
FN:21,(anonymous_2)
FN:29,(anonymous_3)
FN:30,(anonymous_4)
FN:39,(anonymous_5)
FN:40,(anonymous_6)
FN:49,(anonymous_7)
FN:52,(anonymous_8)
FN:56,(anonymous_9)
FN:59,(anonymous_10)
FN:61,(anonymous_11)
FN:62,(anonymous_12)
FN:63,(anonymous_13)
FN:72,(anonymous_14)
FN:76,(anonymous_15)
FN:88,(anonymous_16)
FN:108,(anonymous_17)
FN:118,(anonymous_18)
FN:139,(anonymous_19)
FN:173,(anonymous_20)
FN:192,(anonymous_21)
FN:212,(anonymous_22)
FN:223,(anonymous_23)
FN:242,(anonymous_24)
FN:265,(anonymous_25)
FN:270,(anonymous_26)
FN:295,(anonymous_27)
FN:306,(anonymous_28)
FN:331,(anonymous_29)
FN:363,(anonymous_30)
FN:384,(anonymous_31)
FN:391,(anonymous_32)
FN:398,(anonymous_33)
FN:406,(anonymous_34)
FN:415,(anonymous_35)
FN:423,(anonymous_36)
FN:425,(anonymous_37)
FN:432,(anonymous_38)
FN:442,(anonymous_39)
FNF:40
FNH:0
FNDA:0,(anonymous_0)
FNDA:0,(anonymous_1)
FNDA:0,(anonymous_2)
FNDA:0,(anonymous_3)
FNDA:0,(anonymous_4)
FNDA:0,(anonymous_5)
FNDA:0,(anonymous_6)
FNDA:0,(anonymous_7)
FNDA:0,(anonymous_8)
FNDA:0,(anonymous_9)
FNDA:0,(anonymous_10)
FNDA:0,(anonymous_11)
FNDA:0,(anonymous_12)
FNDA:0,(anonymous_13)
FNDA:0,(anonymous_14)
FNDA:0,(anonymous_15)
FNDA:0,(anonymous_16)
FNDA:0,(anonymous_17)
FNDA:0,(anonymous_18)
FNDA:0,(anonymous_19)
FNDA:0,(anonymous_20)
FNDA:0,(anonymous_21)
FNDA:0,(anonymous_22)
FNDA:0,(anonymous_23)
FNDA:0,(anonymous_24)
FNDA:0,(anonymous_25)
FNDA:0,(anonymous_26)
FNDA:0,(anonymous_27)
FNDA:0,(anonymous_28)
FNDA:0,(anonymous_29)
FNDA:0,(anonymous_30)
FNDA:0,(anonymous_31)
FNDA:0,(anonymous_32)
FNDA:0,(anonymous_33)
FNDA:0,(anonymous_34)
FNDA:0,(anonymous_35)
FNDA:0,(anonymous_36)
FNDA:0,(anonymous_37)
FNDA:0,(anonymous_38)
FNDA:0,(anonymous_39)
DA:8,0
DA:9,0
DA:10,0
DA:12,0
DA:16,0
DA:17,0
DA:18,0
DA:23,0
DA:29,0
DA:30,0
DA:31,0
DA:32,0
DA:33,0
DA:39,0
DA:40,0
DA:41,0
DA:42,0
DA:43,0
DA:51,0
DA:52,0
DA:55,0
DA:56,0
DA:61,0
DA:62,0
DA:63,0
DA:64,0
DA:66,0
DA:67,0
DA:71,0
DA:72,0
DA:75,0
DA:76,0
DA:82,0
DA:89,0
DA:90,0
DA:93,0
DA:96,0
DA:99,0
DA:100,0
DA:101,0
DA:105,0
DA:109,0
DA:110,0
DA:113,0
DA:114,0
DA:115,0
DA:120,0
DA:123,0
DA:124,0
DA:128,0
DA:129,0
DA:130,0
DA:135,0
DA:136,0
DA:141,0
DA:142,0
DA:144,0
DA:145,0
DA:146,0
DA:148,0
DA:151,0
DA:152,0
DA:153,0
DA:155,0
DA:156,0
DA:159,0
DA:160,0
DA:161,0
DA:163,0
DA:164,0
DA:165,0
DA:166,0
DA:167,0
DA:170,0
DA:174,0
DA:175,0
DA:178,0
DA:179,0
DA:181,0
DA:182,0
DA:185,0
DA:187,0
DA:190,0
DA:192,0
DA:193,0
DA:194,0
DA:195,0
DA:199,0
DA:200,0
DA:201,0
DA:205,0
DA:208,0
DA:213,0
DA:215,0
DA:216,0
DA:219,0
DA:221,0
DA:223,0
DA:224,0
DA:225,0
DA:226,0
DA:230,0
DA:231,0
DA:232,0
DA:233,0
DA:236,0
DA:237,0
DA:238,0
DA:243,0
DA:244,0
DA:245,0
DA:248,0
DA:249,0
DA:250,0
DA:254,0
DA:257,0
DA:262,0
DA:263,0
DA:265,0
DA:266,0
DA:271,0
DA:272,0
DA:273,0
DA:275,0
DA:278,0
DA:279,0
DA:280,0
DA:284,0
DA:287,0
DA:290,0
DA:297,0
DA:301,0
DA:302,0
DA:308,0
DA:309,0
DA:310,0
DA:312,0
DA:315,0
DA:316,0
DA:319,0
DA:320,0
DA:321,0
DA:322,0
DA:325,0
DA:326,0
DA:328,0
DA:333,0
DA:334,0
DA:335,0
DA:339,0
DA:340,0
DA:344,0
DA:345,0
DA:349,0
DA:350,0
DA:351,0
DA:353,0
DA:354,0
DA:355,0
DA:356,0
DA:358,0
DA:359,0
DA:365,0
DA:366,0
DA:367,0
DA:369,0
DA:370,0
DA:373,0
DA:374,0
DA:378,0
DA:379,0
DA:381,0
DA:385,0
DA:386,0
DA:387,0
DA:392,0
DA:393,0
DA:394,0
DA:399,0
DA:400,0
DA:401,0
DA:407,0
DA:416,0
DA:417,0
DA:418,0
DA:424,0
DA:425,0
DA:426,0
DA:432,0
DA:433,0
DA:434,0
DA:437,0
DA:440,0
DA:441,0
DA:442,0
DA:443,0
DA:444,0
DA:450,0
DA:451,0
LF:199
LH:0
BRDA:31,0,0,0
BRDA:31,0,1,0
BRDA:41,1,0,0
BRDA:41,1,1,0
BRDA:64,2,0,0
BRDA:64,2,1,0
BRDA:66,3,0,0
BRDA:66,3,1,0
BRDA:89,4,0,0
BRDA:89,4,1,0
BRDA:89,5,0,0
BRDA:89,5,1,0
BRDA:99,6,0,0
BRDA:99,6,1,0
BRDA:99,7,0,0
BRDA:99,7,1,0
BRDA:109,8,0,0
BRDA:109,8,1,0
BRDA:123,9,0,0
BRDA:123,9,1,0
BRDA:123,10,0,0
BRDA:123,10,1,0
BRDA:141,11,0,0
BRDA:141,11,1,0
BRDA:142,12,0,0
BRDA:142,12,1,0
BRDA:174,13,0,0
BRDA:174,13,1,0
BRDA:179,14,0,0
BRDA:179,14,1,0
BRDA:181,15,0,0
BRDA:181,15,1,0
BRDA:199,16,0,0
BRDA:199,16,1,0
BRDA:215,17,0,0
BRDA:215,17,1,0
BRDA:249,18,0,0
BRDA:249,18,1,0
BRDA:279,19,0,0
BRDA:279,19,1,0
BRDA:297,20,0,0
BRDA:297,20,1,0
BRDA:297,20,2,0
BRDA:301,21,0,0
BRDA:301,21,1,0
BRDA:301,22,0,0
BRDA:301,22,1,0
BRDA:333,23,0,0
BRDA:333,23,1,0
BRDA:339,24,0,0
BRDA:339,24,1,0
BRDA:344,25,0,0
BRDA:344,25,1,0
BRDA:349,26,0,0
BRDA:349,26,1,0
BRDA:365,27,0,0
BRDA:365,27,1,0
BRDA:365,27,2,0
BRDA:366,28,0,0
BRDA:366,28,1,0
BRDA:367,29,0,0
BRDA:367,29,1,0
BRDA:369,30,0,0
BRDA:369,30,1,0
BRDA:373,31,0,0
BRDA:373,31,1,0
BRDA:381,32,0,0
BRDA:381,32,1,0
BRDA:385,33,0,0
BRDA:385,33,1,0
BRDA:386,34,0,0
BRDA:386,34,1,0
BRDA:392,35,0,0
BRDA:392,35,1,0
BRDA:393,36,0,0
BRDA:393,36,1,0
BRDA:399,37,0,0
BRDA:399,37,1,0
BRDA:400,38,0,0
BRDA:400,38,1,0
BRDA:416,39,0,0
BRDA:416,39,1,0
BRDA:416,40,0,0
BRDA:416,40,1,0
BRDA:433,41,0,0
BRDA:433,41,1,0
BRDA:450,42,0,0
BRDA:450,42,1,0
BRDA:450,43,0,0
BRDA:450,43,1,0
BRF:90
BRH:0
end_of_record
TN:
SF:public\JS\loading.js
FN:3,(anonymous_0)
FN:8,(anonymous_1)
FN:13,(anonymous_2)
FN:15,(anonymous_3)
FN:41,(anonymous_4)
FN:48,(anonymous_5)
FN:59,(anonymous_6)
FN:72,(anonymous_7)
FN:77,(anonymous_8)
FN:85,(anonymous_9)
FN:90,(anonymous_10)
FN:99,(anonymous_11)
FN:103,(anonymous_12)
FN:130,(anonymous_13)
FN:134,(anonymous_14)
FN:147,(anonymous_15)
FN:155,(anonymous_16)
FN:156,(anonymous_17)
FNF:18
FNH:0
FNDA:0,(anonymous_0)
FNDA:0,(anonymous_1)
FNDA:0,(anonymous_2)
FNDA:0,(anonymous_3)
FNDA:0,(anonymous_4)
FNDA:0,(anonymous_5)
FNDA:0,(anonymous_6)
FNDA:0,(anonymous_7)
FNDA:0,(anonymous_8)
FNDA:0,(anonymous_9)
FNDA:0,(anonymous_10)
FNDA:0,(anonymous_11)
FNDA:0,(anonymous_12)
FNDA:0,(anonymous_13)
FNDA:0,(anonymous_14)
FNDA:0,(anonymous_15)
FNDA:0,(anonymous_16)
FNDA:0,(anonymous_17)
DA:4,0
DA:5,0
DA:9,0
DA:10,0
DA:15,0
DA:17,0
DA:18,0
DA:19,0
DA:25,0
DA:26,0
DA:27,0
DA:29,0
DA:30,0
DA:33,0
DA:35,0
DA:38,0
DA:41,0
DA:42,0
DA:49,0
DA:51,0
DA:53,0
DA:54,0
DA:55,0
DA:60,0
DA:61,0
DA:63,0
DA:64,0
DA:65,0
DA:67,0
DA:68,0
DA:73,0
DA:74,0
DA:75,0
DA:77,0
DA:78,0
DA:79,0
DA:86,0
DA:87,0
DA:88,0
DA:90,0
DA:91,0
DA:92,0
DA:94,0
DA:100,0
DA:101,0
DA:103,0
DA:105,0
DA:106,0
DA:112,0
DA:113,0
DA:116,0
DA:117,0
DA:118,0
DA:120,0
DA:121,0
DA:123,0
DA:125,0
DA:126,0
DA:127,0
DA:130,0
DA:131,0
DA:134,0
DA:135,0
DA:146,0
DA:147,0
DA:148,0
DA:151,0
DA:155,0
DA:156,0
LF:69
LH:0
BRDA:18,0,0,0
BRDA:18,0,1,0
BRDA:18,1,0,0
BRDA:18,1,1,0
BRDA:18,1,2,0
BRDA:26,2,0,0
BRDA:26,2,1,0
BRDA:29,3,0,0
BRDA:29,3,1,0
BRDA:33,4,0,0
BRDA:33,4,1,0
BRDA:49,5,0,0
BRDA:49,5,1,0
BRDA:61,6,0,0
BRDA:61,6,1,0
BRDA:64,7,0,0
BRDA:64,7,1,0
BRDA:73,8,0,0
BRDA:73,8,1,0
BRDA:78,9,0,0
BRDA:78,9,1,0
BRDA:86,10,0,0
BRDA:86,10,1,0
BRDA:91,11,0,0
BRDA:91,11,1,0
BRDA:103,12,0,0
BRDA:105,13,0,0
BRDA:105,13,1,0
BRDA:106,14,0,0
BRDA:106,14,1,0
BRDA:106,14,2,0
BRDA:106,14,3,0
BRDA:106,14,4,0
BRDA:112,15,0,0
BRDA:112,15,1,0
BRDA:112,16,0,0
BRDA:112,16,1,0
BRDA:121,17,0,0
BRDA:121,17,1,0
BRDA:146,18,0,0
BRDA:146,18,1,0
BRF:41
BRH:0
end_of_record
TN:
SF:public\JS\map.js
FN:2,(anonymous_0)
FN:29,getCoordinates
FN:94,(anonymous_2)
FN:106,(anonymous_3)
FN:110,(anonymous_4)
FN:125,(anonymous_5)
FNF:6
FNH:0
FNDA:0,(anonymous_0)
FNDA:0,getCoordinates
FNDA:0,(anonymous_2)
FNDA:0,(anonymous_3)
FNDA:0,(anonymous_4)
FNDA:0,(anonymous_5)
DA:2,0
DA:3,0
DA:6,0
DA:7,0
DA:8,0
DA:9,0
DA:10,0
DA:12,0
DA:16,0
DA:17,0
DA:18,0
DA:19,0
DA:20,0
DA:22,0
DA:25,0
DA:26,0
DA:30,0
DA:31,0
DA:34,0
DA:40,0
DA:41,0
DA:44,0
DA:47,0
DA:48,0
DA:49,0
DA:50,0
DA:52,0
DA:55,0
DA:57,0
DA:58,0
DA:59,0
DA:61,0
DA:64,0
DA:69,0
DA:88,0
DA:89,0
DA:90,0
DA:94,0
DA:95,0
DA:96,0
DA:98,0
DA:106,0
DA:107,0
DA:110,0
DA:111,0
DA:115,0
DA:124,0
DA:126,0
DA:127,0
DA:128,0
DA:129,0
LF:51
LH:0
BRDA:6,0,0,0
BRDA:6,0,1,0
BRDA:9,1,0,0
BRDA:9,1,1,0
BRDA:16,2,0,0
BRDA:16,2,1,0
BRDA:19,3,0,0
BRDA:19,3,1,0
BRDA:34,4,0,0
BRDA:34,4,1,0
BRDA:34,5,0,0
BRDA:34,5,1,0
BRDA:34,5,2,0
BRDA:34,5,3,0
BRDA:34,5,4,0
BRDA:34,5,5,0
BRDA:47,6,0,0
BRDA:47,6,1,0
BRDA:47,7,0,0
BRDA:47,7,1,0
BRDA:57,8,0,0
BRDA:57,8,1,0
BRDA:57,9,0,0
BRDA:57,9,1,0
BRDA:88,10,0,0
BRDA:88,10,1,0
BRDA:89,11,0,0
BRDA:89,11,1,0
BRDA:119,12,0,0
BRDA:119,12,1,0
BRDA:119,13,0,0
BRDA:119,13,1,0
BRDA:128,14,0,0
BRDA:128,14,1,0
BRF:34
BRH:0
end_of_record
TN:
SF:public\JS\notifications.js
FN:3,(anonymous_0)
FN:11,(anonymous_1)
FN:27,(anonymous_2)
FN:31,(anonymous_3)
FN:45,(anonymous_4)
FN:50,(anonymous_5)
FN:56,(anonymous_6)
FN:62,(anonymous_7)
FN:69,(anonymous_8)
FN:86,(anonymous_9)
FN:95,(anonymous_10)
FN:119,(anonymous_11)
FN:130,(anonymous_12)
FN:132,(anonymous_13)
FN:141,(anonymous_14)
FN:152,(anonymous_15)
FN:160,(anonymous_16)
FN:166,(anonymous_17)
FN:185,(anonymous_18)
FN:200,(anonymous_19)
FN:227,(anonymous_20)
FN:232,(anonymous_21)
FN:242,(anonymous_22)
FN:253,(anonymous_23)
FN:259,(anonymous_24)
FN:267,(anonymous_25)
FN:350,(anonymous_26)
FN:371,(anonymous_27)
FN:418,(anonymous_28)
FN:432,(anonymous_29)
FN:458,(anonymous_30)
FN:476,(anonymous_31)
FN:491,(anonymous_32)
FN:518,(anonymous_33)
FN:520,(anonymous_34)
FN:526,(anonymous_35)
FN:546,(anonymous_36)
FN:553,(anonymous_37)
FN:559,(anonymous_38)
FN:567,(anonymous_39)
FN:570,(anonymous_40)
FNF:41
FNH:0
FNDA:0,(anonymous_0)
FNDA:0,(anonymous_1)
FNDA:0,(anonymous_2)
FNDA:0,(anonymous_3)
FNDA:0,(anonymous_4)
FNDA:0,(anonymous_5)
FNDA:0,(anonymous_6)
FNDA:0,(anonymous_7)
FNDA:0,(anonymous_8)
FNDA:0,(anonymous_9)
FNDA:0,(anonymous_10)
FNDA:0,(anonymous_11)
FNDA:0,(anonymous_12)
FNDA:0,(anonymous_13)
FNDA:0,(anonymous_14)
FNDA:0,(anonymous_15)
FNDA:0,(anonymous_16)
FNDA:0,(anonymous_17)
FNDA:0,(anonymous_18)
FNDA:0,(anonymous_19)
FNDA:0,(anonymous_20)
FNDA:0,(anonymous_21)
FNDA:0,(anonymous_22)
FNDA:0,(anonymous_23)
FNDA:0,(anonymous_24)
FNDA:0,(anonymous_25)
FNDA:0,(anonymous_26)
FNDA:0,(anonymous_27)
FNDA:0,(anonymous_28)
FNDA:0,(anonymous_29)
FNDA:0,(anonymous_30)
FNDA:0,(anonymous_31)
FNDA:0,(anonymous_32)
FNDA:0,(anonymous_33)
FNDA:0,(anonymous_34)
FNDA:0,(anonymous_35)
FNDA:0,(anonymous_36)
FNDA:0,(anonymous_37)
FNDA:0,(anonymous_38)
FNDA:0,(anonymous_39)
FNDA:0,(anonymous_40)
DA:4,0
DA:5,0
DA:6,0
DA:7,0
DA:8,0
DA:13,0
DA:16,0
DA:19,0
DA:22,0
DA:24,0
DA:29,0
DA:31,0
DA:32,0
DA:35,0
DA:36,0
DA:40,0
DA:41,0
DA:45,0
DA:46,0
DA:50,0
DA:51,0
DA:52,0
DA:56,0
DA:57,0
DA:58,0
DA:62,0
DA:63,0
DA:64,0
DA:71,0
DA:72,0
DA:73,0
DA:77,0
DA:78,0
DA:79,0
DA:83,0
DA:87,0
DA:88,0
DA:89,0
DA:90,0
DA:91,0
DA:92,0
DA:97,0
DA:98,0
DA:99,0
DA:101,0
DA:102,0
DA:103,0
DA:104,0
DA:112,0
DA:113,0
DA:118,0
DA:119,0
DA:120,0
DA:121,0
DA:123,0
DA:124,0
DA:132,0
DA:133,0
DA:134,0
DA:135,0
DA:136,0
DA:141,0
DA:142,0
DA:143,0
DA:144,0
DA:145,0
DA:150,0
DA:151,0
DA:152,0
DA:153,0
DA:158,0
DA:159,0
DA:160,0
DA:161,0
DA:166,0
DA:167,0
DA:168,0
DA:169,0
DA:170,0
DA:173,0
DA:174,0
DA:178,0
DA:179,0
DA:187,0
DA:188,0
DA:191,0
DA:194,0
DA:197,0
DA:201,0
DA:202,0
DA:220,0
DA:222,0
DA:223,0
DA:224,0
DA:227,0
DA:228,0
DA:233,0
DA:234,0
DA:242,0
DA:243,0
DA:244,0
DA:245,0
DA:247,0
DA:249,0
DA:253,0
DA:254,0
DA:260,0
DA:261,0
DA:262,0
DA:263,0
DA:268,0
DA:269,0
DA:271,0
DA:273,0
DA:274,0
DA:275,0
DA:277,0
DA:278,0
DA:279,0
DA:281,0
[...]
DA:339,0
DA:340,0
DA:344,0
DA:345,0
DA:346,0
DA:347,0
DA:351,0
DA:352,0
DA:353,0
DA:357,0
DA:358,0
DA:366,0
DA:376,0
DA:380,0
DA:381,0
DA:383,0
DA:384,0
DA:385,0
DA:388,0
DA:393,0
DA:394,0
DA:397,0
DA:406,0
DA:407,0
DA:409,0
DA:410,0
DA:411,0
DA:412,0
DA:416,0
DA:417,0
DA:425,0
DA:426,0
DA:429,0
DA:430,0
DA:434,0
DA:437,0
DA:438,0
DA:448,0
DA:452,0
DA:456,0
DA:465,0
DA:466,0
DA:475,0
DA:476,0
DA:478,0
DA:479,0
DA:485,0
DA:486,0
DA:489,0
DA:495,0
DA:497,0
DA:506,0
DA:507,0
DA:511,0
DA:512,0
DA:518,0
DA:519,0
DA:524,0
DA:525,0
DA:527,0
DA:528,0
DA:529,0
DA:530,0
DA:534,0
DA:535,0
DA:540,0
DA:543,0
DA:546,0
DA:548,0
DA:552,0
DA:556,0
DA:570,0
DA:571,0
DA:572,0
DA:573,0
DA:574,0
DA:576,0
DA:585,0
DA:589,0
DA:616,0
DA:617,0
DA:622,0
DA:627,0
DA:631,0
DA:641,0
DA:643,0
DA:645,0
DA:646,0
DA:647,0
DA:648,0
DA:655,0
DA:663,0
DA:667,0
LF:185
LH:0
BRDA:18,0,0,0
BRDA:88,1,0,0
BRDA:88,1,1,0
BRDA:93,2,0,0
BRDA:93,2,1,0
BRDA:136,3,0,0
BRDA:136,3,1,0
BRDA:149,4,0,0
BRDA:155,5,0,0
BRDA:155,5,1,0
BRDA:155,6,0,0
BRDA:155,6,1,0
BRDA:157,7,0,0
BRDA:157,7,1,0
BRDA:169,8,0,0
BRDA:169,8,1,0
BRDA:169,9,0,0
BRDA:169,9,1,0
BRDA:172,10,0,0
BRDA:172,10,1,0
BRDA:182,11,0,0
BRDA:182,11,1,0
BRDA:182,12,0,0
BRDA:182,12,1,0
BRDA:182,12,2,0
BRDA:187,13,0,0
BRDA:187,13,1,0
BRDA:208,14,0,0
BRDA:208,14,1,0
BRDA:217,15,0,0
BRDA:217,15,1,0
BRDA:231,16,0,0
BRDA:231,16,1,0
BRDA:239,17,0,0
BRDA:239,17,1,0
BRDA:239,18,0,0
BRDA:239,18,1,0
BRDA:255,19,0,0
BRDA:255,19,1,0
BRDA:255,20,0,0
BRDA:255,20,1,0
BRDA:260,21,0,0
BRDA:260,21,1,0
BRDA:260,22,0,0
BRDA:260,22,1,0
BRDA:265,23,0,0
BRDA:265,23,1,0
BRDA:265,24,0,0
BRDA:265,24,1,0
BRDA:265,24,2,0
BRDA:265,24,3,0
BRDA:265,24,4,0
BRDA:270,25,0,0
BRDA:270,25,1,0
BRDA:270,26,0,0
BRDA:270,26,1,0
BRDA:295,27,0,0
BRDA:295,27,1,0
BRDA:336,28,0,0
BRDA:336,28,1,0
BRDA:339,29,0,0
BRDA:339,29,1,0
BRDA:339,30,0,0
BRDA:339,30,1,0
BRDA:346,31,0,0
BRDA:346,31,1,0
BRDA:346,32,0,0
BRDA:346,32,1,0
BRDA:352,33,0,0
BRDA:352,33,1,0
BRDA:357,34,0,0
BRDA:357,34,1,0
BRDA:365,35,0,0
BRDA:381,36,0,0
BRDA:381,36,1,0
BRDA:383,37,0,0
BRDA:383,37,1,0
BRDA:391,38,0,0
BRDA:393,39,0,0
BRDA:393,39,1,0
BRDA:410,40,0,0
BRDA:410,40,1,0
BRDA:416,41,0,0
BRDA:416,41,1,0
BRDA:429,42,0,0
BRDA:429,42,1,0
BRDA:437,43,0,0
BRDA:437,43,1,0
BRDA:437,44,0,0
BRDA:437,44,1,0
BRDA:455,45,0,0
BRDA:465,46,0,0
BRDA:465,46,1,0
BRDA:475,47,0,0
BRDA:475,47,1,0
BRDA:528,48,0,0
BRDA:528,48,1,0
BRDA:534,49,0,0
BRDA:534,49,1,0
BRDA:552,50,0,0
BRDA:552,50,1,0
BRDA:585,51,0,0
BRDA:585,51,1,0
BRDA:640,52,0,0
BRDA:649,53,0,0
BRDA:649,53,1,0
BRDA:656,54,0,0
BRDA:656,54,1,0
BRF:108
BRH:0
end_of_record
TN:
SF:services\notificationService.js
FN:5,(anonymous_0)
FN:64,(anonymous_1)
FN:100,(anonymous_2)
FN:106,(anonymous_3)
FN:115,(anonymous_4)
FN:128,(anonymous_5)
FN:141,(anonymous_6)
FNF:7
FNH:0
FNDA:0,(anonymous_0)
FNDA:0,(anonymous_1)
FNDA:0,(anonymous_2)
FNDA:0,(anonymous_3)
FNDA:0,(anonymous_4)
FNDA:0,(anonymous_5)
FNDA:0,(anonymous_6)
DA:1,0
DA:6,0
DA:7,0
DA:8,0
DA:11,0
DA:12,0
DA:20,0
DA:24,0
DA:26,0
DA:27,0
DA:28,0
DA:30,0
DA:31,0
DA:32,0
DA:34,0
DA:35,0
DA:36,0
DA:38,0
DA:39,0
DA:40,0
DA:42,0
DA:43,0
DA:44,0
DA:46,0
DA:49,0
DA:56,0
DA:58,0
DA:59,0
DA:65,0
DA:66,0
DA:67,0
DA:69,0
DA:70,0
DA:73,0
DA:87,0
DA:88,0
DA:89,0
DA:93,0
DA:95,0
DA:101,0
DA:102,0
DA:103,0
DA:105,0
DA:106,0
DA:109,0
DA:110,0
DA:116,0
DA:117,0
DA:118,0
DA:120,0
DA:122,0
DA:123,0
DA:129,0
DA:130,0
DA:131,0
DA:133,0
DA:135,0
DA:136,0
DA:142,0
DA:143,0
DA:144,0
DA:153,0
DA:154,0
DA:155,0
DA:156,0
DA:157,0
DA:164,0
DA:168,0
DA:171,0
DA:173,0
DA:178,0
LF:71
LH:0
BRDA:5,0,0,0
BRDA:8,1,0,0
BRDA:8,1,1,0
BRDA:20,2,0,0
BRDA:20,2,1,0
BRDA:24,3,0,0
BRDA:24,3,1,0
BRDA:24,3,2,0
BRDA:24,3,3,0
BRDA:24,3,4,0
BRDA:24,3,5,0
BRDA:39,4,0,0
BRDA:39,4,1,0
BRDA:67,5,0,0
BRDA:67,5,1,0
BRDA:67,6,0,0
BRDA:67,6,1,0
BRDA:88,7,0,0
BRDA:88,7,1,0
BRDA:100,8,0,0
BRDA:103,9,0,0
BRDA:103,9,1,0
BRDA:118,10,0,0
BRDA:118,10,1,0
BRDA:131,11,0,0
BRDA:131,11,1,0
BRDA:156,12,0,0
BRDA:156,12,1,0
BRDA:156,13,0,0
BRDA:156,13,1,0
BRF:30
BRH:0
end_of_record
TN:
SF:services\notificationServiceNew.js
FN:5,(anonymous_0)
FN:10,(anonymous_1)
FN:15,(anonymous_2)
FN:67,(anonymous_3)
FN:82,(anonymous_4)
FN:102,(anonymous_5)
FN:122,(anonymous_6)
FN:140,(anonymous_7)
FN:162,(anonymous_8)
FN:190,(anonymous_9)
FN:205,(anonymous_10)
FN:219,(anonymous_11)
FN:233,(anonymous_12)
FN:247,(anonymous_13)
FN:268,(anonymous_14)
FN:280,(anonymous_15)
FN:299,(anonymous_16)
FNF:17
FNH:0
FNDA:0,(anonymous_0)
FNDA:0,(anonymous_1)
FNDA:0,(anonymous_2)
FNDA:0,(anonymous_3)
FNDA:0,(anonymous_4)
FNDA:0,(anonymous_5)
FNDA:0,(anonymous_6)
FNDA:0,(anonymous_7)
FNDA:0,(anonymous_8)
FNDA:0,(anonymous_9)
FNDA:0,(anonymous_10)
FNDA:0,(anonymous_11)
FNDA:0,(anonymous_12)
FNDA:0,(anonymous_13)
FNDA:0,(anonymous_14)
FNDA:0,(anonymous_15)
FNDA:0,(anonymous_16)
DA:1,0
DA:2,0
DA:6,0
DA:11,0
DA:25,0
DA:27,0
DA:28,0
DA:29,0
DA:32,0
DA:43,0
DA:44,0
DA:47,0
DA:48,0
DA:59,0
DA:61,0
DA:62,0
DA:68,0
DA:83,0
DA:103,0
DA:123,0
DA:141,0
DA:142,0
DA:144,0
DA:145,0
DA:155,0
DA:158,0
DA:163,0
DA:164,0
DA:166,0
DA:167,0
DA:169,0
DA:175,0
DA:177,0
DA:184,0
DA:185,0
DA:191,0
DA:192,0
DA:197,0
DA:199,0
DA:200,0
DA:206,0
DA:207,0
DA:211,0
DA:213,0
DA:214,0
DA:220,0
DA:221,0
DA:225,0
DA:227,0
DA:228,0
DA:234,0
DA:235,0
DA:239,0
DA:241,0
DA:242,0
DA:248,0
DA:249,0
DA:260,0
DA:262,0
DA:263,0
DA:269,0
DA:271,0
DA:272,0
DA:274,0
DA:275,0
DA:281,0
DA:282,0
DA:283,0
DA:285,0
DA:290,0
DA:291,0
DA:293,0
DA:294,0
DA:300,0
DA:302,0
DA:303,0
DA:307,0
DA:310,0
DA:314,0
LF:79
LH:0
BRDA:20,0,0,0
BRDA:21,1,0,0
BRDA:22,2,0,0
BRDA:23,3,0,0
BRDA:28,4,0,0
BRDA:28,4,1,0
BRDA:28,5,0,0
BRDA:28,5,1,0
BRDA:47,6,0,0
BRDA:47,6,1,0
BRDA:140,7,0,0
BRDA:155,8,0,0
BRDA:155,8,1,0
BRDA:162,9,0,0
BRDA:162,10,0,0
BRDA:162,11,0,0
BRDA:162,12,0,0
BRDA:162,13,0,0
BRDA:166,14,0,0
BRDA:166,14,1,0
BRDA:167,15,0,0
BRDA:167,15,1,0
BRDA:280,16,0,0
BRDA:307,17,0,0
BRDA:307,17,1,0
BRF:25
BRH:0
end_of_record
TN:
SF:services\packingListService.js
FN:25,(anonymous_0)
FN:52,(anonymous_1)
FN:62,(anonymous_2)
FN:114,(anonymous_3)
FN:123,(anonymous_4)
FN:169,(anonymous_5)
FN:191,(anonymous_6)
FN:194,(anonymous_7)
FN:197,(anonymous_8)
FN:207,(anonymous_9)
FN:222,(anonymous_10)
FN:248,(anonymous_11)
FNF:12
FNH:0
FNDA:0,(anonymous_0)
FNDA:0,(anonymous_1)
FNDA:0,(anonymous_2)
FNDA:0,(anonymous_3)
FNDA:0,(anonymous_4)
FNDA:0,(anonymous_5)
FNDA:0,(anonymous_6)
FNDA:0,(anonymous_7)
FNDA:0,(anonymous_8)
FNDA:0,(anonymous_9)
FNDA:0,(anonymous_10)
FNDA:0,(anonymous_11)
DA:1,0
DA:2,0
DA:5,0
DA:6,0
DA:7,0
DA:11,0
DA:26,0
DA:29,0
DA:30,0
DA:31,0
DA:33,0
DA:37,0
DA:38,0
DA:39,0
DA:41,0
DA:42,0
DA:45,0
DA:53,0
DA:56,0
DA:57,0
DA:58,0
DA:59,0
DA:60,0
DA:61,0
DA:62,0
DA:63,0
DA:67,0
DA:89,0
DA:105,0
DA:108,0
DA:115,0
DA:123,0
DA:125,0
DA:127,0
DA:128,0
DA:130,0
DA:131,0
DA:132,0
DA:133,0
DA:134,0
DA:135,0
DA:136,0
DA:137,0
DA:138,0
DA:139,0
DA:140,0
DA:142,0
DA:143,0
DA:144,0
DA:145,0
DA:146,0
DA:155,0
DA:170,0
DA:173,0
DA:174,0
DA:175,0
DA:176,0
DA:177,0
DA:178,0
DA:179,0
DA:180,0
DA:181,0
DA:184,0
DA:185,0
DA:190,0
DA:191,0
DA:192,0
DA:194,0
DA:195,0
DA:197,0
DA:198,0
DA:201,0
DA:207,0
DA:222,0
DA:233,0
DA:249,0
DA:251,0
DA:252,0
DA:255,0
DA:256,0
DA:259,0
DA:260,0
DA:263,0
DA:264,0
DA:267,0
DA:274,0
LF:86
LH:0
BRDA:6,0,0,0
BRDA:6,0,1,0
BRDA:6,1,0,0
BRDA:6,1,1,0
BRDA:37,2,0,0
BRDA:37,2,1,0
BRDA:57,3,0,0
BRDA:57,3,1,0
BRDA:61,4,0,0
BRDA:61,4,1,0
BRDA:61,5,0,0
BRDA:61,5,1,0
BRDA:130,6,0,0
BRDA:130,6,1,0
BRDA:130,7,0,0
BRDA:130,7,1,0
BRDA:132,8,0,0
BRDA:132,8,1,0
BRDA:132,9,0,0
BRDA:132,9,1,0
BRDA:134,10,0,0
BRDA:134,10,1,0
BRDA:134,11,0,0
BRDA:134,11,1,0
BRDA:136,12,0,0
BRDA:136,12,1,0
BRDA:136,13,0,0
BRDA:136,13,1,0
BRDA:138,14,0,0
BRDA:138,14,1,0
BRDA:138,15,0,0
BRDA:138,15,1,0
BRDA:138,15,2,0
BRDA:140,16,0,0
BRDA:140,16,1,0
BRDA:140,17,0,0
BRDA:140,17,1,0
BRDA:140,17,2,0
BRDA:140,17,3,0
BRDA:140,17,4,0
BRDA:140,17,5,0
BRDA:140,17,6,0
BRDA:145,18,0,0
BRDA:145,18,1,0
BRDA:174,19,0,0
BRDA:174,19,1,0
BRDA:176,20,0,0
BRDA:176,20,1,0
BRDA:178,21,0,0
BRDA:178,21,1,0
BRDA:180,22,0,0
BRDA:180,22,1,0
BRDA:184,23,0,0
BRDA:184,23,1,0
BRDA:191,24,0,0
BRDA:191,24,1,0
BRDA:194,25,0,0
BRDA:194,25,1,0
BRDA:194,26,0,0
BRDA:194,26,1,0
BRDA:197,27,0,0
BRDA:197,27,1,0
BRDA:251,28,0,0
BRDA:251,28,1,0
BRDA:251,29,0,0
BRDA:251,29,1,0
BRDA:255,30,0,0
BRDA:255,30,1,0
BRDA:255,31,0,0
BRDA:255,31,1,0
BRDA:255,31,2,0
BRDA:259,32,0,0
BRDA:259,32,1,0
BRDA:259,33,0,0
BRDA:259,33,1,0
BRDA:263,34,0,0
BRDA:263,34,1,0
BRDA:263,35,0,0
BRDA:263,35,1,0
BRDA:263,35,2,0
BRF:80
BRH:0
end_of_record
TN:
SF:services\searchPerformanceOptimizer.js
FN:16,(anonymous_0)
FN:88,(anonymous_1)
FN:118,(anonymous_2)
FN:185,(anonymous_3)
FN:236,(anonymous_4)
FN:263,(anonymous_5)
FN:269,(anonymous_6)
FN:288,(anonymous_7)
FN:294,(anonymous_8)
FN:306,(anonymous_9)
FN:315,(anonymous_10)
FN:346,(anonymous_11)
FN:349,(anonymous_12)
FN:357,(anonymous_13)
FN:378,(anonymous_14)
FN:384,(anonymous_15)
FN:385,(anonymous_16)
FN:402,(anonymous_17)
FN:412,(anonymous_18)
FN:413,(anonymous_19)
FN:434,(anonymous_20)
FN:436,(anonymous_21)
FN:463,(anonymous_22)
FN:478,(anonymous_23)
FN:479,(anonymous_24)
FN:501,(anonymous_25)
FN:507,(anonymous_26)
FN:543,(anonymous_27)
FN:553,(anonymous_28)
FN:563,(anonymous_29)
FN:576,(anonymous_30)
FN:588,(anonymous_31)
FN:600,(anonymous_32)
FN:612,(anonymous_33)
FN:631,(anonymous_34)
FN:646,(anonymous_35)
FN:659,(anonymous_36)
FN:669,(anonymous_37)
FN:676,(anonymous_38)
FN:686,(anonymous_39)
FN:696,(anonymous_40)
FN:702,(anonymous_41)
FN:731,(anonymous_42)
FN:744,(anonymous_43)
FN:746,(anonymous_44)
FN:751,(anonymous_45)
FN:753,(anonymous_46)
FN:755,(anonymous_47)
FN:772,(anonymous_48)
FN:774,(anonymous_49)
FN:779,(anonymous_50)
FN:784,(anonymous_51)
FN:809,(anonymous_52)
FN:820,(anonymous_53)
FN:825,(anonymous_54)
FN:838,(anonymous_55)
FN:840,(anonymous_56)
FN:845,(anonymous_57)
FN:864,(anonymous_58)
FN:883,(anonymous_59)
FN:889,(anonymous_60)
FN:896,(anonymous_61)
FN:903,(anonymous_62)
FN:917,(anonymous_63)
FNF:64
FNH:0
FNDA:0,(anonymous_0)
FNDA:0,(anonymous_1)
FNDA:0,(anonymous_2)
FNDA:0,(anonymous_3)
FNDA:0,(anonymous_4)
FNDA:0,(anonymous_5)
FNDA:0,(anonymous_6)
FNDA:0,(anonymous_7)
FNDA:0,(anonymous_8)
FNDA:0,(anonymous_9)
FNDA:0,(anonymous_10)
FNDA:0,(anonymous_11)
FNDA:0,(anonymous_12)
FNDA:0,(anonymous_13)
FNDA:0,(anonymous_14)
FNDA:0,(anonymous_15)
FNDA:0,(anonymous_16)
FNDA:0,(anonymous_17)
FNDA:0,(anonymous_18)
FNDA:0,(anonymous_19)
FNDA:0,(anonymous_20)
FNDA:0,(anonymous_21)
FNDA:0,(anonymous_22)
FNDA:0,(anonymous_23)
FNDA:0,(anonymous_24)
FNDA:0,(anonymous_25)
FNDA:0,(anonymous_26)
FNDA:0,(anonymous_27)
FNDA:0,(anonymous_28)
FNDA:0,(anonymous_29)
FNDA:0,(anonymous_30)
FNDA:0,(anonymous_31)
FNDA:0,(anonymous_32)
FNDA:0,(anonymous_33)
FNDA:0,(anonymous_34)
FNDA:0,(anonymous_35)
FNDA:0,(anonymous_36)
FNDA:0,(anonymous_37)
FNDA:0,(anonymous_38)
FNDA:0,(anonymous_39)
FNDA:0,(anonymous_40)
FNDA:0,(anonymous_41)
FNDA:0,(anonymous_42)
FNDA:0,(anonymous_43)
FNDA:0,(anonymous_44)
FNDA:0,(anonymous_45)
FNDA:0,(anonymous_46)
FNDA:0,(anonymous_47)
FNDA:0,(anonymous_48)
FNDA:0,(anonymous_49)
FNDA:0,(anonymous_50)
FNDA:0,(anonymous_51)
FNDA:0,(anonymous_52)
FNDA:0,(anonymous_53)
FNDA:0,(anonymous_54)
FNDA:0,(anonymous_55)
FNDA:0,(anonymous_56)
FNDA:0,(anonymous_57)
FNDA:0,(anonymous_58)
FNDA:0,(anonymous_59)
FNDA:0,(anonymous_60)
FNDA:0,(anonymous_61)
FNDA:0,(anonymous_62)
FNDA:0,(anonymous_63)
DA:17,0
DA:55,0
DA:56,0
DA:57,0
DA:60,0
DA:72,0
DA:79,0
DA:80,0
DA:82,0
DA:89,0
DA:91,0
DA:93,0
DA:96,0
DA:97,0
DA:101,0
DA:102,0
DA:106,0
DA:108,0
DA:110,0
DA:111,0
DA:119,0
DA:120,0
DA:123,0
DA:124,0
DA:132,0
DA:134,0
DA:136,0
DA:137,0
DA:138,0
DA:139,0
DA:140,0
DA:141,0
DA:150,0
DA:151,0
DA:154,0
DA:155,0
DA:157,0
DA:166,0
DA:167,0
DA:171,0
DA:173,0
DA:176,0
DA:177,0
DA:178,0
DA:186,0
DA:187,0
DA:190,0
DA:191,0
DA:192,0
DA:193,0
DA:197,0
DA:198,0
DA:201,0
DA:202,0
DA:205,0
DA:206,0
DA:209,0
DA:210,0
DA:213,0
DA:214,0
DA:217,0
DA:218,0
DA:221,0
DA:222,0
DA:225,0
DA:228,0
DA:229,0
DA:237,0
DA:238,0
DA:241,0
DA:244,0
DA:251,0
DA:252,0
DA:253,0
DA:254,0
DA:263,0
DA:270,0
DA:271,0
DA:274,0
DA:275,0
DA:277,0
DA:278,0
DA:288,0
DA:298,0
DA:299,0
DA:306,0
DA:316,0
DA:323,0
DA:324,0
DA:326,0
DA:327,0
DA:328,0
DA:329,0
DA:335,0
DA:340,0
DA:348,0
DA:349,0
DA:350,0
DA:351,0
DA:352,0
DA:353,0
DA:357,0
DA:358,0
DA:361,0
DA:362,0
DA:366,0
DA:367,0
DA:371,0
DA:372,0
DA:375,0
DA:378,0
DA:385,0
DA:386,0
DA:394,0
DA:395,0
DA:403,0
DA:404,0
DA:407,0
DA:408,0
DA:410,0
DA:412,0
DA:413,0
DA:417,0
DA:419,0
DA:420,0
DA:423,0
DA:425,0
DA:427,0
DA:436,0
DA:439,0
DA:463,0
DA:464,0
DA:469,0
DA:479,0
DA:481,0
DA:484,0
DA:485,0
DA:488,0
DA:494,0
DA:501,0
DA:508,0
DA:509,0
DA:512,0
DA:513,0
DA:515,0
DA:516,0
DA:521,0
DA:522,0
DA:526,0
DA:527,0
DA:531,0
DA:534,0
DA:535,0
DA:537,0
DA:544,0
DA:546,0
DA:547,0
DA:554,0
DA:560,0
DA:564,0
DA:565,0
DA:567,0
DA:568,0
DA:569,0
DA:572,0
DA:573,0
DA:577,0
DA:578,0
DA:581,0
DA:589,0
DA:590,0
DA:592,0
DA:593,0
DA:594,0
DA:597,0
DA:601,0
DA:602,0
DA:605,0
DA:613,0
DA:614,0
DA:616,0
DA:617,0
DA:618,0
DA:619,0
DA:623,0
DA:624,0
DA:632,0
DA:633,0
DA:636,0
DA:637,0
DA:640,0
DA:641,0
DA:642,0
DA:646,0
DA:649,0
DA:650,0
DA:651,0
DA:654,0
DA:655,0
DA:660,0
DA:663,0
DA:670,0
DA:671,0
DA:673,0
DA:677,0
DA:678,0
DA:680,0
DA:687,0
DA:689,0
DA:697,0
DA:703,0
DA:705,0
DA:706,0
DA:709,0
DA:710,0
DA:713,0
DA:714,0
DA:715,0
DA:716,0
DA:718,0
DA:727,0
DA:728,0
DA:732,0
DA:733,0
DA:734,0
DA:735,0
DA:736,0
DA:738,0
DA:746,0
DA:747,0
DA:752,0
DA:753,0
DA:755,0
DA:757,0
DA:758,0
DA:759,0
DA:760,0
DA:761,0
DA:774,0
DA:775,0
DA:779,0
DA:780,0
DA:785,0
DA:786,0
DA:789,0
DA:790,0
DA:791,0
DA:792,0
DA:797,0
DA:798,0
DA:799,0
DA:800,0
DA:804,0
DA:805,0
DA:812,0
DA:820,0
DA:821,0
DA:826,0
DA:840,0
DA:841,0
DA:847,0
DA:848,0
DA:852,0
DA:853,0
DA:854,0
DA:865,0
DA:883,0
DA:890,0
DA:891,0
DA:892,0
DA:897,0
DA:903,0
DA:913,0
DA:914,0
DA:917,0
DA:918,0
DA:919,0
DA:920,0
DA:921,0
DA:922,0
DA:929,0
DA:930,0
LF:282
LH:0
BRDA:16,0,0,0
BRDA:96,1,0,0
BRDA:96,1,1,0
BRDA:101,2,0,0
BRDA:101,2,1,0
BRDA:118,3,0,0
BRDA:123,4,0,0
BRDA:123,4,1,0
BRDA:136,5,0,0
BRDA:136,5,1,0
BRDA:138,6,0,0
BRDA:138,6,1,0
BRDA:162,7,0,0
BRDA:162,7,1,0
BRDA:166,8,0,0
BRDA:166,8,1,0
BRDA:166,9,0,0
BRDA:166,9,1,0
BRDA:185,10,0,0
BRDA:186,11,0,0
BRDA:186,11,1,0
BRDA:190,12,0,0
BRDA:190,12,1,0
BRDA:192,13,0,0
BRDA:192,13,1,0
BRDA:221,14,0,0
BRDA:221,14,1,0
BRDA:237,15,0,0
BRDA:237,15,1,0
BRDA:237,16,0,0
BRDA:237,16,1,0
BRDA:253,17,0,0
BRDA:253,17,1,0
BRDA:277,18,0,0
BRDA:277,18,1,0
BRDA:277,19,0,0
BRDA:277,19,1,0
BRDA:328,20,0,0
BRDA:328,20,1,0
BRDA:328,21,0,0
BRDA:328,21,1,0
BRDA:351,22,0,0
BRDA:351,22,1,0
BRDA:358,23,0,0
BRDA:358,23,1,0
BRDA:361,24,0,0
BRDA:361,24,1,0
BRDA:361,25,0,0
BRDA:361,25,1,0
BRDA:366,26,0,0
BRDA:366,26,1,0
BRDA:371,27,0,0
BRDA:371,27,1,0
BRDA:403,28,0,0
BRDA:403,28,1,0
BRDA:403,29,0,0
BRDA:403,29,1,0
BRDA:434,30,0,0
BRDA:464,31,0,0
BRDA:464,31,1,0
BRDA:464,31,2,0
BRDA:512,32,0,0
BRDA:512,32,1,0
BRDA:515,33,0,0
BRDA:515,33,1,0
BRDA:521,34,0,0
BRDA:521,34,1,0
BRDA:526,35,0,0
BRDA:526,35,1,0
BRDA:531,36,0,0
BRDA:531,36,1,0
BRDA:534,37,0,0
BRDA:534,37,1,0
BRDA:544,38,0,0
BRDA:544,38,1,0
BRDA:544,39,0,0
BRDA:544,39,1,0
BRDA:553,40,0,0
BRDA:565,41,0,0
BRDA:565,41,1,0
BRDA:567,42,0,0
BRDA:567,42,1,0
BRDA:577,43,0,0
BRDA:577,43,1,0
BRDA:590,44,0,0
BRDA:590,44,1,0
BRDA:592,45,0,0
BRDA:592,45,1,0
BRDA:601,46,0,0
BRDA:601,46,1,0
BRDA:617,47,0,0
BRDA:617,47,1,0
BRDA:623,48,0,0
BRDA:623,48,1,0
BRDA:631,49,0,0
BRDA:636,50,0,0
BRDA:636,50,1,0
BRDA:641,51,0,0
BRDA:641,51,1,0
BRDA:650,52,0,0
BRDA:650,52,1,0
BRDA:654,53,0,0
BRDA:654,53,1,0
BRDA:670,54,0,0
BRDA:670,54,1,0
BRDA:677,55,0,0
BRDA:677,55,1,0
BRDA:687,56,0,0
BRDA:687,56,1,0
BRDA:697,57,0,0
BRDA:697,57,1,0
BRDA:697,57,2,0
BRDA:715,58,0,0
BRDA:715,58,1,0
BRDA:759,59,0,0
BRDA:759,59,1,0
BRDA:790,60,0,0
BRDA:790,60,1,0
BRDA:798,61,0,0
BRDA:798,61,1,0
BRDA:804,62,0,0
BRDA:804,62,1,0
BRDA:847,63,0,0
BRDA:847,63,1,0
BRDA:853,64,0,0
BRDA:853,64,1,0
BRDA:913,65,0,0
BRDA:913,65,1,0
BRDA:918,66,0,0
BRDA:918,66,1,0
BRDA:918,67,0,0
BRDA:918,67,1,0
BRDA:918,67,2,0
BRDA:920,68,0,0
BRDA:920,68,1,0
BRDA:929,69,0,0
BRDA:929,69,1,0
BRDA:929,70,0,0
BRDA:929,70,1,0
BRF:139
BRH:0
end_of_record
TN:
SF:services\tripPlannerService.js
FN:8,(anonymous_0)
FN:21,(anonymous_1)
FN:42,(anonymous_2)
FN:63,(anonymous_3)
FN:84,(anonymous_4)
FN:103,(anonymous_5)
FN:105,(anonymous_6)
FN:130,(anonymous_7)
FN:131,(anonymous_8)
FN:171,(anonymous_9)
FN:172,(anonymous_10)
FN:195,(anonymous_11)
FN:201,(anonymous_12)
FN:220,(anonymous_13)
FN:265,(anonymous_14)
FNF:15
FNH:0
FNDA:0,(anonymous_0)
FNDA:0,(anonymous_1)
FNDA:0,(anonymous_2)
FNDA:0,(anonymous_3)
FNDA:0,(anonymous_4)
FNDA:0,(anonymous_5)
FNDA:0,(anonymous_6)
FNDA:0,(anonymous_7)
FNDA:0,(anonymous_8)
FNDA:0,(anonymous_9)
FNDA:0,(anonymous_10)
FNDA:0,(anonymous_11)
FNDA:0,(anonymous_12)
FNDA:0,(anonymous_13)
FNDA:0,(anonymous_14)
DA:9,0
DA:22,0
DA:24,0
DA:31,0
DA:33,0
DA:34,0
DA:43,0
DA:45,0
DA:52,0
DA:54,0
DA:55,0
DA:64,0
DA:66,0
DA:73,0
DA:75,0
DA:76,0
DA:85,0
DA:87,0
DA:94,0
DA:96,0
DA:97,0
DA:105,0
DA:107,0
DA:114,0
DA:115,0
DA:116,0
DA:118,0
DA:131,0
DA:133,0
DA:154,0
DA:155,0
DA:156,0
DA:158,0
DA:172,0
DA:174,0
DA:182,0
DA:183,0
DA:185,0
DA:197,0
DA:198,0
DA:202,0
DA:214,0
DA:221,0
DA:224,0
DA:225,0
DA:226,0
DA:227,0
DA:228,0
DA:229,0
DA:230,0
DA:231,0
DA:232,0
DA:236,0
DA:237,0
DA:238,0
DA:239,0
DA:243,0
DA:244,0
DA:245,0
DA:246,0
DA:247,0
DA:249,0
DA:250,0
DA:254,0
DA:255,0
DA:256,0
DA:259,0
DA:266,0
DA:268,0
DA:269,0
DA:270,0
DA:273,0
DA:274,0
DA:275,0
DA:278,0
DA:279,0
DA:280,0
DA:281,0
DA:285,0
DA:286,0
DA:287,0
DA:288,0
DA:290,0
DA:294,0
LF:84
LH:0
BRDA:21,0,0,0
BRDA:42,1,0,0
BRDA:63,2,0,0
BRDA:84,3,0,0
BRDA:94,4,0,0
BRDA:94,4,1,0
BRDA:114,5,0,0
BRDA:114,5,1,0
BRDA:122,6,0,0
BRDA:122,6,1,0
BRDA:154,7,0,0
BRDA:154,7,1,0
BRDA:182,8,0,0
BRDA:182,8,1,0
BRDA:183,9,0,0
BRDA:183,9,1,0
BRDA:198,10,0,0
BRDA:198,10,1,0
BRDA:214,11,0,0
BRDA:214,11,1,0
BRDA:224,12,0,0
BRDA:224,12,1,0
BRDA:229,13,0,0
BRDA:229,13,1,0
BRDA:236,14,0,0
BRDA:236,14,1,0
BRDA:244,15,0,0
BRDA:244,15,1,0
BRDA:254,16,0,0
BRDA:254,16,1,0
BRDA:268,17,0,0
BRDA:268,17,1,0
BRDA:273,18,0,0
BRDA:273,18,1,0
BRDA:278,19,0,0
BRDA:278,19,1,0
BRF:36
BRH:0
end_of_record
TN:
SF:services\weatherService.js
FN:6,(anonymous_0)
FN:13,(anonymous_1)
FN:48,(anonymous_2)
FN:61,(anonymous_3)
FN:81,(anonymous_4)
FN:100,(anonymous_5)
FN:112,(anonymous_6)
FNF:7
FNH:0
FNDA:0,(anonymous_0)
FNDA:0,(anonymous_1)
FNDA:0,(anonymous_2)
FNDA:0,(anonymous_3)
FNDA:0,(anonymous_4)
FNDA:0,(anonymous_5)
FNDA:0,(anonymous_6)
DA:7,0
DA:8,0
DA:9,0
DA:10,0
DA:14,0
DA:15,0
DA:17,0
DA:18,0
DA:21,0
DA:22,0
DA:23,0
DA:24,0
DA:26,0
DA:36,0
DA:41,0
DA:43,0
DA:44,0
DA:49,0
DA:50,0
DA:52,0
DA:53,0
DA:56,0
DA:57,0
DA:58,0
DA:59,0
DA:61,0
DA:69,0
DA:74,0
DA:76,0
DA:77,0
DA:82,0
DA:96,0
DA:97,0
DA:101,0
DA:113,0
DA:124,0
DA:128,0
LF:37
LH:0
BRDA:7,0,0,0
BRDA:7,0,1,0
BRDA:17,1,0,0
BRDA:17,1,1,0
BRDA:17,2,0,0
BRDA:17,2,1,0
BRDA:33,3,0,0
BRDA:33,3,1,0
BRDA:52,4,0,0
BRDA:52,4,1,0
BRDA:52,5,0,0
BRDA:52,5,1,0
BRDA:96,6,0,0
BRDA:96,6,1,0
BRDA:97,7,0,0
BRDA:97,7,1,0
BRDA:124,8,0,0
BRDA:124,8,1,0
BRF:18
BRH:0
end_of_record
TN:
SF:utils\ExpressError.js
FN:2,(anonymous_0)
FNF:1
FNH:0
FNDA:0,(anonymous_0)
DA:3,0
DA:4,0
DA:5,0
DA:9,0
LF:4
LH:0
BRF:0
BRH:0
end_of_record
TN:
SF:utils\phrases.js
FNF:0
FNH:0
DA:1,0
DA:193,0
LF:2
LH:0
BRF:0
BRH:0
end_of_record
TN:
SF:utils\updateCoordinates.js
FN:58,updateListingCoordinates
FN:99,(anonymous_1)
FN:102,(anonymous_2)
FNF:3
FNH:0
FNDA:0,updateListingCoordinates
FNDA:0,(anonymous_1)
FNDA:0,(anonymous_2)
DA:1,0
DA:2,0
DA:5,0
DA:28,0
DA:59,0
DA:60,0
DA:61,0
DA:63,0
DA:64,0
DA:67,0
DA:68,0
DA:69,0
DA:72,0
DA:73,0
DA:74,0
DA:79,0
DA:86,0
DA:89,0
DA:91,0
DA:95,0
DA:98,0
DA:99,0
DA:100,0
DA:101,0
DA:103,0
DA:104,0
LF:26
LH:0
BRDA:67,0,0,0
BRDA:67,0,1,0
BRDA:68,1,0,0
BRDA:68,1,1,0
BRDA:72,2,0,0
BRDA:72,2,1,0
BRDA:73,3,0,0
BRDA:73,3,1,0
BRDA:98,4,0,0
BRDA:98,4,1,0
BRF:10
BRH:0
end_of_record
TN:
SF:utils\wrapAsync.js
FN:1,(anonymous_0)
FN:2,(anonymous_1)
FNF:2
FNH:0
FNDA:0,(anonymous_0)
FNDA:0,(anonymous_1)
DA:1,0
DA:2,0
DA:3,0
LF:3
LH:0
BRF:0
BRH:0
end_of_record
